Calling target program-options parser
[14:27:03.543] [bmv2] [D] [thread 8871] Set default default entry for table 'tbl_act': act - 
[14:27:03.543] [bmv2] [D] [thread 8871] Set default default entry for table 'MyIngress.set_destination': NoAction - 
[14:27:03.543] [bmv2] [D] [thread 8871] Set default default entry for table 'tbl_act_0': act_1 - 
[14:27:03.543] [bmv2] [D] [thread 8871] Set default default entry for table 'tbl_act_1': act_0 - 
[14:27:03.543] [bmv2] [D] [thread 8871] Set default default entry for table 'tbl_drop': MyIngress.drop - 
[14:27:03.543] [bmv2] [D] [thread 8871] Set default default entry for table 'tbl_act_2': act_3 - 
[14:27:03.543] [bmv2] [D] [thread 8871] Set default default entry for table 'tbl_act_3': act_2 - 
[14:27:03.543] [bmv2] [D] [thread 8871] Set default default entry for table 'tbl_multicast': MyIngress.multicast - 
[14:27:03.543] [bmv2] [D] [thread 8871] Set default default entry for table 'tbl_act_4': act_4 - 
[14:27:03.543] [bmv2] [D] [thread 8871] Set default default entry for table 'MyIngress.this_switch': NoAction - 
[14:27:03.543] [bmv2] [D] [thread 8871] Set default default entry for table 'tbl_multicast_0': MyIngress.multicast - 
[14:27:03.543] [bmv2] [D] [thread 8871] Set default default entry for table 'tbl_act_5': act_5 - 
[14:27:03.543] [bmv2] [D] [thread 8871] Set default default entry for table 'MyIngress.set_switch_dest': NoAction - 
[14:27:03.543] [bmv2] [D] [thread 8871] Set default default entry for table 'tbl_act_6': act_7 - 
[14:27:03.543] [bmv2] [D] [thread 8871] Set default default entry for table 'tbl_act_7': act_6 - 
[14:27:03.543] [bmv2] [D] [thread 8871] Set default default entry for table 'tbl_multicast_1': MyIngress.multicast - 
[14:27:03.543] [bmv2] [D] [thread 8871] Set default default entry for table 'tbl_act_8': act_8 - 
[14:27:03.543] [bmv2] [D] [thread 8871] Set default default entry for table 'tbl_act_9': act_10 - 
[14:27:03.543] [bmv2] [D] [thread 8871] Set default default entry for table 'tbl_act_10': act_9 - 
[14:27:03.543] [bmv2] [D] [thread 8871] Set default default entry for table 'tbl_act_11': act_15 - 
[14:27:03.543] [bmv2] [D] [thread 8871] Set default default entry for table 'tbl_act_12': act_13 - 
[14:27:03.543] [bmv2] [D] [thread 8871] Set default default entry for table 'tbl_act_13': act_11 - 
[14:27:03.543] [bmv2] [D] [thread 8871] Set default default entry for table 'MyIngress.set_primary': NoAction - 
[14:27:03.543] [bmv2] [D] [thread 8871] Set default default entry for table 'tbl_act_14': act_12 - 
[14:27:03.543] [bmv2] [D] [thread 8871] Set default default entry for table 'MyIngress.this_switch_2': NoAction - 
[14:27:03.543] [bmv2] [D] [thread 8871] Set default default entry for table 'tbl_multicast_2': MyIngress.multicast - 
[14:27:03.543] [bmv2] [D] [thread 8871] Set default default entry for table 'tbl_act_15': act_14 - 
Adding interface s2-eth1 as port 1
[14:27:03.544] [bmv2] [D] [thread 8871] Adding interface s2-eth1 as port 1
Adding interface s2-eth2 as port 2
[14:27:03.573] [bmv2] [D] [thread 8871] Adding interface s2-eth2 as port 2
Adding interface s2-eth4 as port 4
[14:27:03.597] [bmv2] [D] [thread 8871] Adding interface s2-eth4 as port 4
Adding interface s2-eth5 as port 5
[14:27:03.625] [bmv2] [D] [thread 8871] Adding interface s2-eth5 as port 5
I0908 14:27:03.653612153    8871 server_builder.cc:247]      Synchronous server. Num CQs: 1, Min pollers: 1, Max Pollers: 2147483647, CQ timeout (msec): 1000
Server listening on 0.0.0.0:50052
[14:27:03.658] [bmv2] [I] [thread 8871] Starting Thrift server on port 9091
[14:27:03.659] [bmv2] [I] [thread 8871] Thrift server was started
[14:27:03.673] [bmv2] [D] [thread 8878] [0.0] [cxt 0] Processing packet received on port 5
[14:27:03.673] [bmv2] [D] [thread 8878] [0.0] [cxt 0] Parser 'parser': start
[14:27:03.673] [bmv2] [D] [thread 8878] [0.0] [cxt 0] Parser 'parser' entering state 'start'
[14:27:03.673] [bmv2] [D] [thread 8878] [0.0] [cxt 0] Extracting header 'ethernet'
[14:27:03.673] [bmv2] [D] [thread 8878] [0.0] [cxt 0] Parser state 'start': key is 86dd
[14:27:03.673] [bmv2] [T] [thread 8878] [0.0] [cxt 0] Bytes parsed: 14
[14:27:03.673] [bmv2] [D] [thread 8878] [0.0] [cxt 0] Parser 'parser': end
[14:27:03.673] [bmv2] [D] [thread 8878] [0.0] [cxt 0] Pipeline 'ingress': start
[14:27:03.673] [bmv2] [T] [thread 8878] [0.0] [cxt 0] basic.p4(125) Condition "hdr.gvt.isValid()" (node_2) is false
[14:27:03.673] [bmv2] [D] [thread 8878] [0.0] [cxt 0] Pipeline 'ingress': end
[14:27:03.673] [bmv2] [D] [thread 8878] [0.0] [cxt 0] Egress port is 0
[14:27:03.674] [bmv2] [D] [thread 8879] [0.0] [cxt 0] Pipeline 'egress': start
[14:27:03.674] [bmv2] [D] [thread 8879] [0.0] [cxt 0] Pipeline 'egress': end
[14:27:03.674] [bmv2] [D] [thread 8879] [0.0] [cxt 0] Deparser 'deparser': start
[14:27:03.674] [bmv2] [T] [thread 8879] [0.0] [cxt 0] Skipping checksum 'cksum' update because condition not met
[14:27:03.674] [bmv2] [D] [thread 8879] [0.0] [cxt 0] Deparsing header 'ethernet'
[14:27:03.674] [bmv2] [D] [thread 8879] [0.0] [cxt 0] Deparser 'deparser': end
[14:27:03.674] [bmv2] [D] [thread 8883] [0.0] [cxt 0] Transmitting packet of size 90 out of port 0
[14:27:03.765] [bmv2] [D] [thread 8878] [1.0] [cxt 0] Processing packet received on port 2
[14:27:03.765] [bmv2] [D] [thread 8878] [1.0] [cxt 0] Parser 'parser': start
[14:27:03.765] [bmv2] [D] [thread 8878] [1.0] [cxt 0] Parser 'parser' entering state 'start'
[14:27:03.765] [bmv2] [D] [thread 8878] [1.0] [cxt 0] Extracting header 'ethernet'
[14:27:03.765] [bmv2] [D] [thread 8878] [1.0] [cxt 0] Parser state 'start': key is 86dd
[14:27:03.765] [bmv2] [T] [thread 8878] [1.0] [cxt 0] Bytes parsed: 14
[14:27:03.765] [bmv2] [D] [thread 8878] [1.0] [cxt 0] Parser 'parser': end
[14:27:03.765] [bmv2] [D] [thread 8878] [1.0] [cxt 0] Pipeline 'ingress': start
[14:27:03.765] [bmv2] [T] [thread 8878] [1.0] [cxt 0] basic.p4(125) Condition "hdr.gvt.isValid()" (node_2) is false
[14:27:03.765] [bmv2] [D] [thread 8878] [1.0] [cxt 0] Pipeline 'ingress': end
[14:27:03.765] [bmv2] [D] [thread 8878] [1.0] [cxt 0] Egress port is 0
[14:27:03.765] [bmv2] [D] [thread 8879] [1.0] [cxt 0] Pipeline 'egress': start
[14:27:03.765] [bmv2] [D] [thread 8879] [1.0] [cxt 0] Pipeline 'egress': end
[14:27:03.765] [bmv2] [D] [thread 8879] [1.0] [cxt 0] Deparser 'deparser': start
[14:27:03.765] [bmv2] [T] [thread 8879] [1.0] [cxt 0] Skipping checksum 'cksum' update because condition not met
[14:27:03.765] [bmv2] [D] [thread 8879] [1.0] [cxt 0] Deparsing header 'ethernet'
[14:27:03.765] [bmv2] [D] [thread 8879] [1.0] [cxt 0] Deparser 'deparser': end
[14:27:03.765] [bmv2] [D] [thread 8883] [1.0] [cxt 0] Transmitting packet of size 90 out of port 0
[14:27:03.769] [bmv2] [D] [thread 8878] [2.0] [cxt 0] Processing packet received on port 4
[14:27:03.769] [bmv2] [D] [thread 8878] [2.0] [cxt 0] Parser 'parser': start
[14:27:03.769] [bmv2] [D] [thread 8878] [2.0] [cxt 0] Parser 'parser' entering state 'start'
[14:27:03.769] [bmv2] [D] [thread 8878] [2.0] [cxt 0] Extracting header 'ethernet'
[14:27:03.769] [bmv2] [D] [thread 8878] [2.0] [cxt 0] Parser state 'start': key is 86dd
[14:27:03.769] [bmv2] [T] [thread 8878] [2.0] [cxt 0] Bytes parsed: 14
[14:27:03.769] [bmv2] [D] [thread 8878] [2.0] [cxt 0] Parser 'parser': end
[14:27:03.769] [bmv2] [D] [thread 8878] [2.0] [cxt 0] Pipeline 'ingress': start
[14:27:03.769] [bmv2] [T] [thread 8878] [2.0] [cxt 0] basic.p4(125) Condition "hdr.gvt.isValid()" (node_2) is false
[14:27:03.769] [bmv2] [D] [thread 8878] [2.0] [cxt 0] Pipeline 'ingress': end
[14:27:03.769] [bmv2] [D] [thread 8878] [2.0] [cxt 0] Egress port is 0
[14:27:03.769] [bmv2] [D] [thread 8879] [2.0] [cxt 0] Pipeline 'egress': start
[14:27:03.769] [bmv2] [D] [thread 8879] [2.0] [cxt 0] Pipeline 'egress': end
[14:27:03.769] [bmv2] [D] [thread 8879] [2.0] [cxt 0] Deparser 'deparser': start
[14:27:03.769] [bmv2] [T] [thread 8879] [2.0] [cxt 0] Skipping checksum 'cksum' update because condition not met
[14:27:03.769] [bmv2] [D] [thread 8879] [2.0] [cxt 0] Deparsing header 'ethernet'
[14:27:03.769] [bmv2] [D] [thread 8879] [2.0] [cxt 0] Deparser 'deparser': end
[14:27:03.770] [bmv2] [D] [thread 8883] [2.0] [cxt 0] Transmitting packet of size 90 out of port 0
[14:27:03.824] [bmv2] [D] [thread 8878] [3.0] [cxt 0] Processing packet received on port 2
[14:27:03.824] [bmv2] [D] [thread 8878] [3.0] [cxt 0] Parser 'parser': start
[14:27:03.824] [bmv2] [D] [thread 8878] [3.0] [cxt 0] Parser 'parser' entering state 'start'
[14:27:03.824] [bmv2] [D] [thread 8878] [3.0] [cxt 0] Extracting header 'ethernet'
[14:27:03.825] [bmv2] [D] [thread 8878] [3.0] [cxt 0] Parser state 'start': key is 86dd
[14:27:03.825] [bmv2] [T] [thread 8878] [3.0] [cxt 0] Bytes parsed: 14
[14:27:03.825] [bmv2] [D] [thread 8878] [3.0] [cxt 0] Parser 'parser': end
[14:27:03.825] [bmv2] [D] [thread 8878] [3.0] [cxt 0] Pipeline 'ingress': start
[14:27:03.825] [bmv2] [T] [thread 8878] [3.0] [cxt 0] basic.p4(125) Condition "hdr.gvt.isValid()" (node_2) is false
[14:27:03.825] [bmv2] [D] [thread 8878] [3.0] [cxt 0] Pipeline 'ingress': end
[14:27:03.825] [bmv2] [D] [thread 8878] [3.0] [cxt 0] Egress port is 0
[14:27:03.825] [bmv2] [D] [thread 8878] [4.0] [cxt 0] Processing packet received on port 2
[14:27:03.825] [bmv2] [D] [thread 8878] [4.0] [cxt 0] Parser 'parser': start
[14:27:03.825] [bmv2] [D] [thread 8878] [4.0] [cxt 0] Parser 'parser' entering state 'start'
[14:27:03.825] [bmv2] [D] [thread 8878] [4.0] [cxt 0] Extracting header 'ethernet'
[14:27:03.825] [bmv2] [D] [thread 8878] [4.0] [cxt 0] Parser state 'start': key is 86dd
[14:27:03.825] [bmv2] [D] [thread 8879] [3.0] [cxt 0] Pipeline 'egress': start
[14:27:03.825] [bmv2] [D] [thread 8879] [3.0] [cxt 0] Pipeline 'egress': end
[14:27:03.825] [bmv2] [D] [thread 8879] [3.0] [cxt 0] Deparser 'deparser': start
[14:27:03.825] [bmv2] [T] [thread 8878] [4.0] [cxt 0] Bytes parsed: 14
[14:27:03.825] [bmv2] [D] [thread 8878] [4.0] [cxt 0] Parser 'parser': end
[14:27:03.825] [bmv2] [D] [thread 8878] [4.0] [cxt 0] Pipeline 'ingress': start
[14:27:03.825] [bmv2] [T] [thread 8878] [4.0] [cxt 0] basic.p4(125) Condition "hdr.gvt.isValid()" (node_2) is false
[14:27:03.825] [bmv2] [T] [thread 8879] [3.0] [cxt 0] Skipping checksum 'cksum' update because condition not met
[14:27:03.825] [bmv2] [D] [thread 8878] [4.0] [cxt 0] Pipeline 'ingress': end
[14:27:03.825] [bmv2] [D] [thread 8879] [3.0] [cxt 0] Deparsing header 'ethernet'
[14:27:03.825] [bmv2] [D] [thread 8879] [3.0] [cxt 0] Deparser 'deparser': end
[14:27:03.825] [bmv2] [D] [thread 8878] [4.0] [cxt 0] Egress port is 0
[14:27:03.825] [bmv2] [D] [thread 8883] [3.0] [cxt 0] Transmitting packet of size 90 out of port 0
[14:27:03.825] [bmv2] [D] [thread 8879] [4.0] [cxt 0] Pipeline 'egress': start
[14:27:03.825] [bmv2] [D] [thread 8879] [4.0] [cxt 0] Pipeline 'egress': end
[14:27:03.825] [bmv2] [D] [thread 8879] [4.0] [cxt 0] Deparser 'deparser': start
[14:27:03.825] [bmv2] [T] [thread 8879] [4.0] [cxt 0] Skipping checksum 'cksum' update because condition not met
[14:27:03.825] [bmv2] [D] [thread 8879] [4.0] [cxt 0] Deparsing header 'ethernet'
[14:27:03.825] [bmv2] [D] [thread 8879] [4.0] [cxt 0] Deparser 'deparser': end
[14:27:03.825] [bmv2] [D] [thread 8883] [4.0] [cxt 0] Transmitting packet of size 70 out of port 0
[14:27:03.954] [bmv2] [D] [thread 8878] [5.0] [cxt 0] Processing packet received on port 5
[14:27:03.954] [bmv2] [D] [thread 8878] [5.0] [cxt 0] Parser 'parser': start
[14:27:03.954] [bmv2] [D] [thread 8878] [5.0] [cxt 0] Parser 'parser' entering state 'start'
[14:27:03.954] [bmv2] [D] [thread 8878] [5.0] [cxt 0] Extracting header 'ethernet'
[14:27:03.954] [bmv2] [D] [thread 8878] [5.0] [cxt 0] Parser state 'start': key is 86dd
[14:27:03.954] [bmv2] [T] [thread 8878] [5.0] [cxt 0] Bytes parsed: 14
[14:27:03.954] [bmv2] [D] [thread 8878] [5.0] [cxt 0] Parser 'parser': end
[14:27:03.954] [bmv2] [D] [thread 8878] [5.0] [cxt 0] Pipeline 'ingress': start
[14:27:03.954] [bmv2] [T] [thread 8878] [5.0] [cxt 0] basic.p4(125) Condition "hdr.gvt.isValid()" (node_2) is false
[14:27:03.954] [bmv2] [D] [thread 8878] [5.0] [cxt 0] Pipeline 'ingress': end
[14:27:03.954] [bmv2] [D] [thread 8878] [5.0] [cxt 0] Egress port is 0
[14:27:03.954] [bmv2] [D] [thread 8878] [6.0] [cxt 0] Processing packet received on port 5
[14:27:03.954] [bmv2] [D] [thread 8878] [6.0] [cxt 0] Parser 'parser': start
[14:27:03.954] [bmv2] [D] [thread 8878] [6.0] [cxt 0] Parser 'parser' entering state 'start'
[14:27:03.954] [bmv2] [D] [thread 8878] [6.0] [cxt 0] Extracting header 'ethernet'
[14:27:03.954] [bmv2] [D] [thread 8878] [6.0] [cxt 0] Parser state 'start': key is 86dd
[14:27:03.954] [bmv2] [T] [thread 8878] [6.0] [cxt 0] Bytes parsed: 14
[14:27:03.954] [bmv2] [D] [thread 8878] [6.0] [cxt 0] Parser 'parser': end
[14:27:03.954] [bmv2] [D] [thread 8878] [6.0] [cxt 0] Pipeline 'ingress': start
[14:27:03.954] [bmv2] [T] [thread 8878] [6.0] [cxt 0] basic.p4(125) Condition "hdr.gvt.isValid()" (node_2) is false
[14:27:03.954] [bmv2] [D] [thread 8878] [6.0] [cxt 0] Pipeline 'ingress': end
[14:27:03.954] [bmv2] [D] [thread 8878] [6.0] [cxt 0] Egress port is 0
[14:27:03.954] [bmv2] [D] [thread 8879] [5.0] [cxt 0] Pipeline 'egress': start
[14:27:03.954] [bmv2] [D] [thread 8879] [5.0] [cxt 0] Pipeline 'egress': end
[14:27:03.954] [bmv2] [D] [thread 8879] [5.0] [cxt 0] Deparser 'deparser': start
[14:27:03.954] [bmv2] [T] [thread 8879] [5.0] [cxt 0] Skipping checksum 'cksum' update because condition not met
[14:27:03.954] [bmv2] [D] [thread 8879] [5.0] [cxt 0] Deparsing header 'ethernet'
[14:27:03.954] [bmv2] [D] [thread 8879] [5.0] [cxt 0] Deparser 'deparser': end
[14:27:03.954] [bmv2] [D] [thread 8883] [5.0] [cxt 0] Transmitting packet of size 90 out of port 0
[14:27:03.954] [bmv2] [D] [thread 8879] [6.0] [cxt 0] Pipeline 'egress': start
[14:27:03.954] [bmv2] [D] [thread 8879] [6.0] [cxt 0] Pipeline 'egress': end
[14:27:03.954] [bmv2] [D] [thread 8879] [6.0] [cxt 0] Deparser 'deparser': start
[14:27:03.954] [bmv2] [T] [thread 8879] [6.0] [cxt 0] Skipping checksum 'cksum' update because condition not met
[14:27:03.954] [bmv2] [D] [thread 8879] [6.0] [cxt 0] Deparsing header 'ethernet'
[14:27:03.954] [bmv2] [D] [thread 8879] [6.0] [cxt 0] Deparser 'deparser': end
[14:27:03.954] [bmv2] [D] [thread 8883] [6.0] [cxt 0] Transmitting packet of size 70 out of port 0
[14:27:04.030] [bmv2] [D] [thread 8878] [7.0] [cxt 0] Processing packet received on port 4
[14:27:04.030] [bmv2] [D] [thread 8878] [7.0] [cxt 0] Parser 'parser': start
[14:27:04.030] [bmv2] [D] [thread 8878] [7.0] [cxt 0] Parser 'parser' entering state 'start'
[14:27:04.030] [bmv2] [D] [thread 8878] [7.0] [cxt 0] Extracting header 'ethernet'
[14:27:04.030] [bmv2] [D] [thread 8878] [7.0] [cxt 0] Parser state 'start': key is 86dd
[14:27:04.030] [bmv2] [T] [thread 8878] [7.0] [cxt 0] Bytes parsed: 14
[14:27:04.030] [bmv2] [D] [thread 8878] [7.0] [cxt 0] Parser 'parser': end
[14:27:04.030] [bmv2] [D] [thread 8878] [7.0] [cxt 0] Pipeline 'ingress': start
[14:27:04.030] [bmv2] [T] [thread 8878] [7.0] [cxt 0] basic.p4(125) Condition "hdr.gvt.isValid()" (node_2) is false
[14:27:04.030] [bmv2] [D] [thread 8878] [7.0] [cxt 0] Pipeline 'ingress': end
[14:27:04.030] [bmv2] [D] [thread 8878] [7.0] [cxt 0] Egress port is 0
[14:27:04.030] [bmv2] [D] [thread 8878] [8.0] [cxt 0] Processing packet received on port 4
[14:27:04.030] [bmv2] [D] [thread 8878] [8.0] [cxt 0] Parser 'parser': start
[14:27:04.030] [bmv2] [D] [thread 8878] [8.0] [cxt 0] Parser 'parser' entering state 'start'
[14:27:04.030] [bmv2] [D] [thread 8878] [8.0] [cxt 0] Extracting header 'ethernet'
[14:27:04.030] [bmv2] [D] [thread 8878] [8.0] [cxt 0] Parser state 'start': key is 86dd
[14:27:04.030] [bmv2] [T] [thread 8878] [8.0] [cxt 0] Bytes parsed: 14
[14:27:04.030] [bmv2] [D] [thread 8878] [8.0] [cxt 0] Parser 'parser': end
[14:27:04.030] [bmv2] [D] [thread 8878] [8.0] [cxt 0] Pipeline 'ingress': start
[14:27:04.030] [bmv2] [T] [thread 8878] [8.0] [cxt 0] basic.p4(125) Condition "hdr.gvt.isValid()" (node_2) is false
[14:27:04.030] [bmv2] [D] [thread 8878] [8.0] [cxt 0] Pipeline 'ingress': end
[14:27:04.030] [bmv2] [D] [thread 8878] [8.0] [cxt 0] Egress port is 0
[14:27:04.030] [bmv2] [D] [thread 8879] [7.0] [cxt 0] Pipeline 'egress': start
[14:27:04.030] [bmv2] [D] [thread 8879] [7.0] [cxt 0] Pipeline 'egress': end
[14:27:04.030] [bmv2] [D] [thread 8879] [7.0] [cxt 0] Deparser 'deparser': start
[14:27:04.030] [bmv2] [T] [thread 8879] [7.0] [cxt 0] Skipping checksum 'cksum' update because condition not met
[14:27:04.030] [bmv2] [D] [thread 8879] [7.0] [cxt 0] Deparsing header 'ethernet'
[14:27:04.030] [bmv2] [D] [thread 8879] [7.0] [cxt 0] Deparser 'deparser': end
[14:27:04.030] [bmv2] [D] [thread 8879] [8.0] [cxt 0] Pipeline 'egress': start
[14:27:04.030] [bmv2] [D] [thread 8879] [8.0] [cxt 0] Pipeline 'egress': end
[14:27:04.030] [bmv2] [D] [thread 8879] [8.0] [cxt 0] Deparser 'deparser': start
[14:27:04.030] [bmv2] [T] [thread 8879] [8.0] [cxt 0] Skipping checksum 'cksum' update because condition not met
[14:27:04.030] [bmv2] [D] [thread 8879] [8.0] [cxt 0] Deparsing header 'ethernet'
[14:27:04.030] [bmv2] [D] [thread 8879] [8.0] [cxt 0] Deparser 'deparser': end
[14:27:04.030] [bmv2] [D] [thread 8883] [7.0] [cxt 0] Transmitting packet of size 90 out of port 0
[14:27:04.030] [bmv2] [D] [thread 8883] [8.0] [cxt 0] Transmitting packet of size 70 out of port 0
[14:27:04.065] [bmv2] [D] [thread 8878] [9.0] [cxt 0] Processing packet received on port 1
[14:27:04.065] [bmv2] [D] [thread 8878] [9.0] [cxt 0] Parser 'parser': start
[14:27:04.065] [bmv2] [D] [thread 8878] [9.0] [cxt 0] Parser 'parser' entering state 'start'
[14:27:04.065] [bmv2] [D] [thread 8878] [9.0] [cxt 0] Extracting header 'ethernet'
[14:27:04.065] [bmv2] [D] [thread 8878] [9.0] [cxt 0] Parser state 'start': key is 86dd
[14:27:04.065] [bmv2] [T] [thread 8878] [9.0] [cxt 0] Bytes parsed: 14
[14:27:04.065] [bmv2] [D] [thread 8878] [9.0] [cxt 0] Parser 'parser': end
[14:27:04.065] [bmv2] [D] [thread 8878] [9.0] [cxt 0] Pipeline 'ingress': start
[14:27:04.065] [bmv2] [T] [thread 8878] [9.0] [cxt 0] basic.p4(125) Condition "hdr.gvt.isValid()" (node_2) is false
[14:27:04.065] [bmv2] [D] [thread 8878] [9.0] [cxt 0] Pipeline 'ingress': end
[14:27:04.065] [bmv2] [D] [thread 8878] [9.0] [cxt 0] Egress port is 0
[14:27:04.065] [bmv2] [D] [thread 8878] [10.0] [cxt 0] Processing packet received on port 4
[14:27:04.065] [bmv2] [D] [thread 8878] [10.0] [cxt 0] Parser 'parser': start
[14:27:04.065] [bmv2] [D] [thread 8878] [10.0] [cxt 0] Parser 'parser' entering state 'start'
[14:27:04.065] [bmv2] [D] [thread 8878] [10.0] [cxt 0] Extracting header 'ethernet'
[14:27:04.065] [bmv2] [D] [thread 8878] [10.0] [cxt 0] Parser state 'start': key is 86dd
[14:27:04.065] [bmv2] [T] [thread 8878] [10.0] [cxt 0] Bytes parsed: 14
[14:27:04.065] [bmv2] [D] [thread 8878] [10.0] [cxt 0] Parser 'parser': end
[14:27:04.065] [bmv2] [D] [thread 8878] [10.0] [cxt 0] Pipeline 'ingress': start
[14:27:04.065] [bmv2] [T] [thread 8878] [10.0] [cxt 0] basic.p4(125) Condition "hdr.gvt.isValid()" (node_2) is false
[14:27:04.065] [bmv2] [D] [thread 8878] [10.0] [cxt 0] Pipeline 'ingress': end
[14:27:04.065] [bmv2] [D] [thread 8878] [10.0] [cxt 0] Egress port is 0
[14:27:04.065] [bmv2] [D] [thread 8878] [11.0] [cxt 0] Processing packet received on port 1
[14:27:04.065] [bmv2] [D] [thread 8878] [11.0] [cxt 0] Parser 'parser': start
[14:27:04.065] [bmv2] [D] [thread 8878] [11.0] [cxt 0] Parser 'parser' entering state 'start'
[14:27:04.065] [bmv2] [D] [thread 8878] [11.0] [cxt 0] Extracting header 'ethernet'
[14:27:04.065] [bmv2] [D] [thread 8878] [11.0] [cxt 0] Parser state 'start': key is 86dd
[14:27:04.065] [bmv2] [T] [thread 8878] [11.0] [cxt 0] Bytes parsed: 14
[14:27:04.065] [bmv2] [D] [thread 8878] [11.0] [cxt 0] Parser 'parser': end
[14:27:04.065] [bmv2] [D] [thread 8878] [11.0] [cxt 0] Pipeline 'ingress': start
[14:27:04.065] [bmv2] [T] [thread 8878] [11.0] [cxt 0] basic.p4(125) Condition "hdr.gvt.isValid()" (node_2) is false
[14:27:04.065] [bmv2] [D] [thread 8878] [11.0] [cxt 0] Pipeline 'ingress': end
[14:27:04.065] [bmv2] [D] [thread 8878] [11.0] [cxt 0] Egress port is 0
[14:27:04.065] [bmv2] [D] [thread 8878] [12.0] [cxt 0] Processing packet received on port 4
[14:27:04.065] [bmv2] [D] [thread 8878] [12.0] [cxt 0] Parser 'parser': start
[14:27:04.065] [bmv2] [D] [thread 8878] [12.0] [cxt 0] Parser 'parser' entering state 'start'
[14:27:04.065] [bmv2] [D] [thread 8878] [12.0] [cxt 0] Extracting header 'ethernet'
[14:27:04.065] [bmv2] [D] [thread 8878] [12.0] [cxt 0] Parser state 'start': key is 86dd
[14:27:04.065] [bmv2] [T] [thread 8878] [12.0] [cxt 0] Bytes parsed: 14
[14:27:04.065] [bmv2] [D] [thread 8878] [12.0] [cxt 0] Parser 'parser': end
[14:27:04.065] [bmv2] [D] [thread 8878] [12.0] [cxt 0] Pipeline 'ingress': start
[14:27:04.065] [bmv2] [T] [thread 8878] [12.0] [cxt 0] basic.p4(125) Condition "hdr.gvt.isValid()" (node_2) is false
[14:27:04.065] [bmv2] [D] [thread 8878] [12.0] [cxt 0] Pipeline 'ingress': end
[14:27:04.065] [bmv2] [D] [thread 8878] [12.0] [cxt 0] Egress port is 0
[14:27:04.066] [bmv2] [D] [thread 8879] [9.0] [cxt 0] Pipeline 'egress': start
[14:27:04.066] [bmv2] [D] [thread 8879] [9.0] [cxt 0] Pipeline 'egress': end
[14:27:04.066] [bmv2] [D] [thread 8879] [9.0] [cxt 0] Deparser 'deparser': start
[14:27:04.066] [bmv2] [T] [thread 8879] [9.0] [cxt 0] Skipping checksum 'cksum' update because condition not met
[14:27:04.066] [bmv2] [D] [thread 8879] [9.0] [cxt 0] Deparsing header 'ethernet'
[14:27:04.066] [bmv2] [D] [thread 8879] [9.0] [cxt 0] Deparser 'deparser': end
[14:27:04.066] [bmv2] [D] [thread 8879] [10.0] [cxt 0] Pipeline 'egress': start
[14:27:04.066] [bmv2] [D] [thread 8879] [10.0] [cxt 0] Pipeline 'egress': end
[14:27:04.066] [bmv2] [D] [thread 8879] [10.0] [cxt 0] Deparser 'deparser': start
[14:27:04.066] [bmv2] [T] [thread 8879] [10.0] [cxt 0] Skipping checksum 'cksum' update because condition not met
[14:27:04.066] [bmv2] [D] [thread 8879] [10.0] [cxt 0] Deparsing header 'ethernet'
[14:27:04.066] [bmv2] [D] [thread 8879] [10.0] [cxt 0] Deparser 'deparser': end
[14:27:04.066] [bmv2] [D] [thread 8879] [11.0] [cxt 0] Pipeline 'egress': start
[14:27:04.066] [bmv2] [D] [thread 8879] [11.0] [cxt 0] Pipeline 'egress': end
[14:27:04.066] [bmv2] [D] [thread 8879] [11.0] [cxt 0] Deparser 'deparser': start
[14:27:04.066] [bmv2] [T] [thread 8879] [11.0] [cxt 0] Skipping checksum 'cksum' update because condition not met
[14:27:04.066] [bmv2] [D] [thread 8879] [11.0] [cxt 0] Deparsing header 'ethernet'
[14:27:04.066] [bmv2] [D] [thread 8879] [11.0] [cxt 0] Deparser 'deparser': end
[14:27:04.066] [bmv2] [D] [thread 8879] [12.0] [cxt 0] Pipeline 'egress': start
[14:27:04.066] [bmv2] [D] [thread 8879] [12.0] [cxt 0] Pipeline 'egress': end
[14:27:04.066] [bmv2] [D] [thread 8879] [12.0] [cxt 0] Deparser 'deparser': start
[14:27:04.066] [bmv2] [T] [thread 8879] [12.0] [cxt 0] Skipping checksum 'cksum' update because condition not met
[14:27:04.066] [bmv2] [D] [thread 8879] [12.0] [cxt 0] Deparsing header 'ethernet'
[14:27:04.066] [bmv2] [D] [thread 8879] [12.0] [cxt 0] Deparser 'deparser': end
[14:27:04.066] [bmv2] [D] [thread 8883] [9.0] [cxt 0] Transmitting packet of size 90 out of port 0
[14:27:04.066] [bmv2] [D] [thread 8883] [10.0] [cxt 0] Transmitting packet of size 90 out of port 0
[14:27:04.066] [bmv2] [D] [thread 8883] [11.0] [cxt 0] Transmitting packet of size 70 out of port 0
[14:27:04.066] [bmv2] [D] [thread 8883] [12.0] [cxt 0] Transmitting packet of size 70 out of port 0
[14:27:04.089] [bmv2] [D] [thread 8878] [13.0] [cxt 0] Processing packet received on port 5
[14:27:04.089] [bmv2] [D] [thread 8878] [13.0] [cxt 0] Parser 'parser': start
[14:27:04.089] [bmv2] [D] [thread 8878] [13.0] [cxt 0] Parser 'parser' entering state 'start'
[14:27:04.089] [bmv2] [D] [thread 8878] [13.0] [cxt 0] Extracting header 'ethernet'
[14:27:04.089] [bmv2] [D] [thread 8878] [13.0] [cxt 0] Parser state 'start': key is 86dd
[14:27:04.089] [bmv2] [T] [thread 8878] [13.0] [cxt 0] Bytes parsed: 14
[14:27:04.089] [bmv2] [D] [thread 8878] [13.0] [cxt 0] Parser 'parser': end
[14:27:04.089] [bmv2] [D] [thread 8878] [13.0] [cxt 0] Pipeline 'ingress': start
[14:27:04.089] [bmv2] [T] [thread 8878] [13.0] [cxt 0] basic.p4(125) Condition "hdr.gvt.isValid()" (node_2) is false
[14:27:04.089] [bmv2] [D] [thread 8878] [13.0] [cxt 0] Pipeline 'ingress': end
[14:27:04.089] [bmv2] [D] [thread 8878] [13.0] [cxt 0] Egress port is 0
[14:27:04.089] [bmv2] [D] [thread 8879] [13.0] [cxt 0] Pipeline 'egress': start
[14:27:04.089] [bmv2] [D] [thread 8879] [13.0] [cxt 0] Pipeline 'egress': end
[14:27:04.089] [bmv2] [D] [thread 8879] [13.0] [cxt 0] Deparser 'deparser': start
[14:27:04.089] [bmv2] [T] [thread 8879] [13.0] [cxt 0] Skipping checksum 'cksum' update because condition not met
[14:27:04.089] [bmv2] [D] [thread 8879] [13.0] [cxt 0] Deparsing header 'ethernet'
[14:27:04.089] [bmv2] [D] [thread 8879] [13.0] [cxt 0] Deparser 'deparser': end
[14:27:04.089] [bmv2] [D] [thread 8883] [13.0] [cxt 0] Transmitting packet of size 90 out of port 0
[14:27:04.305] [bmv2] [D] [thread 8878] [14.0] [cxt 0] Processing packet received on port 4
[14:27:04.305] [bmv2] [D] [thread 8878] [14.0] [cxt 0] Parser 'parser': start
[14:27:04.305] [bmv2] [D] [thread 8878] [14.0] [cxt 0] Parser 'parser' entering state 'start'
[14:27:04.305] [bmv2] [D] [thread 8878] [14.0] [cxt 0] Extracting header 'ethernet'
[14:27:04.305] [bmv2] [D] [thread 8878] [14.0] [cxt 0] Parser state 'start': key is 86dd
[14:27:04.305] [bmv2] [T] [thread 8878] [14.0] [cxt 0] Bytes parsed: 14
[14:27:04.305] [bmv2] [D] [thread 8878] [14.0] [cxt 0] Parser 'parser': end
[14:27:04.305] [bmv2] [D] [thread 8878] [14.0] [cxt 0] Pipeline 'ingress': start
[14:27:04.305] [bmv2] [T] [thread 8878] [14.0] [cxt 0] basic.p4(125) Condition "hdr.gvt.isValid()" (node_2) is false
[14:27:04.305] [bmv2] [D] [thread 8878] [14.0] [cxt 0] Pipeline 'ingress': end
[14:27:04.305] [bmv2] [D] [thread 8878] [14.0] [cxt 0] Egress port is 0
[14:27:04.305] [bmv2] [D] [thread 8879] [14.0] [cxt 0] Pipeline 'egress': start
[14:27:04.305] [bmv2] [D] [thread 8879] [14.0] [cxt 0] Pipeline 'egress': end
[14:27:04.305] [bmv2] [D] [thread 8879] [14.0] [cxt 0] Deparser 'deparser': start
[14:27:04.305] [bmv2] [T] [thread 8879] [14.0] [cxt 0] Skipping checksum 'cksum' update because condition not met
[14:27:04.305] [bmv2] [D] [thread 8879] [14.0] [cxt 0] Deparsing header 'ethernet'
[14:27:04.305] [bmv2] [D] [thread 8879] [14.0] [cxt 0] Deparser 'deparser': end
[14:27:04.305] [bmv2] [D] [thread 8883] [14.0] [cxt 0] Transmitting packet of size 90 out of port 0
[14:27:04.337] [bmv2] [D] [thread 8878] [15.0] [cxt 0] Processing packet received on port 4
[14:27:04.337] [bmv2] [D] [thread 8878] [15.0] [cxt 0] Parser 'parser': start
[14:27:04.337] [bmv2] [D] [thread 8878] [15.0] [cxt 0] Parser 'parser' entering state 'start'
[14:27:04.337] [bmv2] [D] [thread 8878] [15.0] [cxt 0] Extracting header 'ethernet'
[14:27:04.337] [bmv2] [D] [thread 8878] [15.0] [cxt 0] Parser state 'start': key is 86dd
[14:27:04.337] [bmv2] [T] [thread 8878] [15.0] [cxt 0] Bytes parsed: 14
[14:27:04.337] [bmv2] [D] [thread 8878] [15.0] [cxt 0] Parser 'parser': end
[14:27:04.337] [bmv2] [D] [thread 8878] [15.0] [cxt 0] Pipeline 'ingress': start
[14:27:04.337] [bmv2] [T] [thread 8878] [15.0] [cxt 0] basic.p4(125) Condition "hdr.gvt.isValid()" (node_2) is false
[14:27:04.337] [bmv2] [D] [thread 8878] [15.0] [cxt 0] Pipeline 'ingress': end
[14:27:04.337] [bmv2] [D] [thread 8878] [15.0] [cxt 0] Egress port is 0
[14:27:04.337] [bmv2] [D] [thread 8879] [15.0] [cxt 0] Pipeline 'egress': start
[14:27:04.337] [bmv2] [D] [thread 8879] [15.0] [cxt 0] Pipeline 'egress': end
[14:27:04.337] [bmv2] [D] [thread 8879] [15.0] [cxt 0] Deparser 'deparser': start
[14:27:04.337] [bmv2] [T] [thread 8879] [15.0] [cxt 0] Skipping checksum 'cksum' update because condition not met
[14:27:04.337] [bmv2] [D] [thread 8879] [15.0] [cxt 0] Deparsing header 'ethernet'
[14:27:04.337] [bmv2] [D] [thread 8879] [15.0] [cxt 0] Deparser 'deparser': end
[14:27:04.337] [bmv2] [D] [thread 8883] [15.0] [cxt 0] Transmitting packet of size 90 out of port 0
[14:27:04.517] [bmv2] [D] [thread 8878] [16.0] [cxt 0] Processing packet received on port 1
[14:27:04.517] [bmv2] [D] [thread 8878] [16.0] [cxt 0] Parser 'parser': start
[14:27:04.517] [bmv2] [D] [thread 8878] [16.0] [cxt 0] Parser 'parser' entering state 'start'
[14:27:04.517] [bmv2] [D] [thread 8878] [16.0] [cxt 0] Extracting header 'ethernet'
[14:27:04.517] [bmv2] [D] [thread 8878] [16.0] [cxt 0] Parser state 'start': key is 86dd
[14:27:04.517] [bmv2] [T] [thread 8878] [16.0] [cxt 0] Bytes parsed: 14
[14:27:04.517] [bmv2] [D] [thread 8878] [16.0] [cxt 0] Parser 'parser': end
[14:27:04.517] [bmv2] [D] [thread 8878] [16.0] [cxt 0] Pipeline 'ingress': start
[14:27:04.517] [bmv2] [T] [thread 8878] [16.0] [cxt 0] basic.p4(125) Condition "hdr.gvt.isValid()" (node_2) is false
[14:27:04.517] [bmv2] [D] [thread 8878] [16.0] [cxt 0] Pipeline 'ingress': end
[14:27:04.517] [bmv2] [D] [thread 8878] [16.0] [cxt 0] Egress port is 0
[14:27:04.517] [bmv2] [D] [thread 8879] [16.0] [cxt 0] Pipeline 'egress': start
[14:27:04.517] [bmv2] [D] [thread 8879] [16.0] [cxt 0] Pipeline 'egress': end
[14:27:04.517] [bmv2] [D] [thread 8879] [16.0] [cxt 0] Deparser 'deparser': start
[14:27:04.517] [bmv2] [T] [thread 8879] [16.0] [cxt 0] Skipping checksum 'cksum' update because condition not met
[14:27:04.517] [bmv2] [D] [thread 8879] [16.0] [cxt 0] Deparsing header 'ethernet'
[14:27:04.517] [bmv2] [D] [thread 8879] [16.0] [cxt 0] Deparser 'deparser': end
[14:27:04.517] [bmv2] [D] [thread 8883] [16.0] [cxt 0] Transmitting packet of size 90 out of port 0
[14:27:04.560] [bmv2] [D] [thread 8878] [17.0] [cxt 0] Processing packet received on port 5
[14:27:04.560] [bmv2] [D] [thread 8878] [17.0] [cxt 0] Parser 'parser': start
[14:27:04.560] [bmv2] [D] [thread 8878] [17.0] [cxt 0] Parser 'parser' entering state 'start'
[14:27:04.560] [bmv2] [D] [thread 8878] [17.0] [cxt 0] Extracting header 'ethernet'
[14:27:04.560] [bmv2] [D] [thread 8878] [17.0] [cxt 0] Parser state 'start': key is 86dd
[14:27:04.560] [bmv2] [T] [thread 8878] [17.0] [cxt 0] Bytes parsed: 14
[14:27:04.560] [bmv2] [D] [thread 8878] [17.0] [cxt 0] Parser 'parser': end
[14:27:04.560] [bmv2] [D] [thread 8878] [17.0] [cxt 0] Pipeline 'ingress': start
[14:27:04.560] [bmv2] [T] [thread 8878] [17.0] [cxt 0] basic.p4(125) Condition "hdr.gvt.isValid()" (node_2) is false
[14:27:04.560] [bmv2] [D] [thread 8878] [17.0] [cxt 0] Pipeline 'ingress': end
[14:27:04.560] [bmv2] [D] [thread 8878] [17.0] [cxt 0] Egress port is 0
[14:27:04.560] [bmv2] [D] [thread 8878] [18.0] [cxt 0] Processing packet received on port 5
[14:27:04.560] [bmv2] [D] [thread 8878] [18.0] [cxt 0] Parser 'parser': start
[14:27:04.560] [bmv2] [D] [thread 8878] [18.0] [cxt 0] Parser 'parser' entering state 'start'
[14:27:04.560] [bmv2] [D] [thread 8878] [18.0] [cxt 0] Extracting header 'ethernet'
[14:27:04.560] [bmv2] [D] [thread 8878] [18.0] [cxt 0] Parser state 'start': key is 86dd
[14:27:04.560] [bmv2] [T] [thread 8878] [18.0] [cxt 0] Bytes parsed: 14
[14:27:04.560] [bmv2] [D] [thread 8878] [18.0] [cxt 0] Parser 'parser': end
[14:27:04.560] [bmv2] [D] [thread 8878] [18.0] [cxt 0] Pipeline 'ingress': start
[14:27:04.560] [bmv2] [T] [thread 8878] [18.0] [cxt 0] basic.p4(125) Condition "hdr.gvt.isValid()" (node_2) is false
[14:27:04.560] [bmv2] [D] [thread 8878] [18.0] [cxt 0] Pipeline 'ingress': end
[14:27:04.560] [bmv2] [D] [thread 8878] [18.0] [cxt 0] Egress port is 0
[14:27:04.560] [bmv2] [D] [thread 8879] [17.0] [cxt 0] Pipeline 'egress': start
[14:27:04.560] [bmv2] [D] [thread 8879] [17.0] [cxt 0] Pipeline 'egress': end
[14:27:04.560] [bmv2] [D] [thread 8879] [17.0] [cxt 0] Deparser 'deparser': start
[14:27:04.560] [bmv2] [T] [thread 8879] [17.0] [cxt 0] Skipping checksum 'cksum' update because condition not met
[14:27:04.560] [bmv2] [D] [thread 8879] [17.0] [cxt 0] Deparsing header 'ethernet'
[14:27:04.560] [bmv2] [D] [thread 8879] [17.0] [cxt 0] Deparser 'deparser': end
[14:27:04.560] [bmv2] [D] [thread 8879] [18.0] [cxt 0] Pipeline 'egress': start
[14:27:04.560] [bmv2] [D] [thread 8879] [18.0] [cxt 0] Pipeline 'egress': end
[14:27:04.560] [bmv2] [D] [thread 8879] [18.0] [cxt 0] Deparser 'deparser': start
[14:27:04.560] [bmv2] [T] [thread 8879] [18.0] [cxt 0] Skipping checksum 'cksum' update because condition not met
[14:27:04.560] [bmv2] [D] [thread 8879] [18.0] [cxt 0] Deparsing header 'ethernet'
[14:27:04.561] [bmv2] [D] [thread 8879] [18.0] [cxt 0] Deparser 'deparser': end
[14:27:04.561] [bmv2] [D] [thread 8883] [17.0] [cxt 0] Transmitting packet of size 90 out of port 0
[14:27:04.561] [bmv2] [D] [thread 8883] [18.0] [cxt 0] Transmitting packet of size 70 out of port 0
[14:27:04.821] [bmv2] [D] [thread 8878] [19.0] [cxt 0] Processing packet received on port 2
[14:27:04.821] [bmv2] [D] [thread 8878] [19.0] [cxt 0] Parser 'parser': start
[14:27:04.821] [bmv2] [D] [thread 8878] [19.0] [cxt 0] Parser 'parser' entering state 'start'
[14:27:04.821] [bmv2] [D] [thread 8878] [19.0] [cxt 0] Extracting header 'ethernet'
[14:27:04.821] [bmv2] [D] [thread 8878] [19.0] [cxt 0] Parser state 'start': key is 86dd
[14:27:04.821] [bmv2] [T] [thread 8878] [19.0] [cxt 0] Bytes parsed: 14
[14:27:04.821] [bmv2] [D] [thread 8878] [19.0] [cxt 0] Parser 'parser': end
[14:27:04.821] [bmv2] [D] [thread 8878] [19.0] [cxt 0] Pipeline 'ingress': start
[14:27:04.821] [bmv2] [T] [thread 8878] [19.0] [cxt 0] basic.p4(125) Condition "hdr.gvt.isValid()" (node_2) is false
[14:27:04.821] [bmv2] [D] [thread 8878] [19.0] [cxt 0] Pipeline 'ingress': end
[14:27:04.821] [bmv2] [D] [thread 8878] [19.0] [cxt 0] Egress port is 0
[14:27:04.821] [bmv2] [D] [thread 8879] [19.0] [cxt 0] Pipeline 'egress': start
[14:27:04.821] [bmv2] [D] [thread 8879] [19.0] [cxt 0] Pipeline 'egress': end
[14:27:04.821] [bmv2] [D] [thread 8879] [19.0] [cxt 0] Deparser 'deparser': start
[14:27:04.821] [bmv2] [T] [thread 8879] [19.0] [cxt 0] Skipping checksum 'cksum' update because condition not met
[14:27:04.821] [bmv2] [D] [thread 8879] [19.0] [cxt 0] Deparsing header 'ethernet'
[14:27:04.821] [bmv2] [D] [thread 8879] [19.0] [cxt 0] Deparser 'deparser': end
[14:27:04.821] [bmv2] [D] [thread 8883] [19.0] [cxt 0] Transmitting packet of size 90 out of port 0
[14:27:04.993] [bmv2] [D] [thread 8878] [20.0] [cxt 0] Processing packet received on port 5
[14:27:04.993] [bmv2] [D] [thread 8878] [20.0] [cxt 0] Parser 'parser': start
[14:27:04.993] [bmv2] [D] [thread 8878] [20.0] [cxt 0] Parser 'parser' entering state 'start'
[14:27:04.993] [bmv2] [D] [thread 8878] [20.0] [cxt 0] Extracting header 'ethernet'
[14:27:04.993] [bmv2] [D] [thread 8878] [20.0] [cxt 0] Parser state 'start': key is 86dd
[14:27:04.993] [bmv2] [T] [thread 8878] [20.0] [cxt 0] Bytes parsed: 14
[14:27:04.993] [bmv2] [D] [thread 8878] [20.0] [cxt 0] Parser 'parser': end
[14:27:04.993] [bmv2] [D] [thread 8878] [20.0] [cxt 0] Pipeline 'ingress': start
[14:27:04.993] [bmv2] [T] [thread 8878] [20.0] [cxt 0] basic.p4(125) Condition "hdr.gvt.isValid()" (node_2) is false
[14:27:04.993] [bmv2] [D] [thread 8878] [20.0] [cxt 0] Pipeline 'ingress': end
[14:27:04.993] [bmv2] [D] [thread 8878] [20.0] [cxt 0] Egress port is 0
[14:27:04.993] [bmv2] [D] [thread 8879] [20.0] [cxt 0] Pipeline 'egress': start
[14:27:04.993] [bmv2] [D] [thread 8879] [20.0] [cxt 0] Pipeline 'egress': end
[14:27:04.993] [bmv2] [D] [thread 8879] [20.0] [cxt 0] Deparser 'deparser': start
[14:27:04.993] [bmv2] [T] [thread 8879] [20.0] [cxt 0] Skipping checksum 'cksum' update because condition not met
[14:27:04.993] [bmv2] [D] [thread 8879] [20.0] [cxt 0] Deparsing header 'ethernet'
[14:27:04.993] [bmv2] [D] [thread 8879] [20.0] [cxt 0] Deparser 'deparser': end
[14:27:04.993] [bmv2] [D] [thread 8883] [20.0] [cxt 0] Transmitting packet of size 90 out of port 0
New connection
P4Runtime SetForwardingPipelineConfig
[14:27:05.635] [bmv2] [W] [thread 8919] [P4Runtime] p4::tmp::P4DeviceConfig is deprecated
[14:27:05.638] [bmv2] [D] [thread 8919] Set default default entry for table 'tbl_act': act - 
[14:27:05.638] [bmv2] [D] [thread 8919] Set default default entry for table 'MyIngress.set_destination': NoAction - 
[14:27:05.638] [bmv2] [D] [thread 8919] Set default default entry for table 'tbl_act_0': act_1 - 
[14:27:05.638] [bmv2] [D] [thread 8919] Set default default entry for table 'tbl_act_1': act_0 - 
[14:27:05.638] [bmv2] [D] [thread 8919] Set default default entry for table 'tbl_drop': MyIngress.drop - 
[14:27:05.638] [bmv2] [D] [thread 8919] Set default default entry for table 'tbl_act_2': act_3 - 
[14:27:05.638] [bmv2] [D] [thread 8919] Set default default entry for table 'tbl_act_3': act_2 - 
[14:27:05.638] [bmv2] [D] [thread 8919] Set default default entry for table 'tbl_multicast': MyIngress.multicast - 
[14:27:05.638] [bmv2] [D] [thread 8919] Set default default entry for table 'tbl_act_4': act_4 - 
[14:27:05.638] [bmv2] [D] [thread 8919] Set default default entry for table 'MyIngress.this_switch': NoAction - 
[14:27:05.638] [bmv2] [D] [thread 8919] Set default default entry for table 'tbl_multicast_0': MyIngress.multicast - 
[14:27:05.638] [bmv2] [D] [thread 8919] Set default default entry for table 'tbl_act_5': act_5 - 
[14:27:05.638] [bmv2] [D] [thread 8919] Set default default entry for table 'MyIngress.set_switch_dest': NoAction - 
[14:27:05.638] [bmv2] [D] [thread 8919] Set default default entry for table 'tbl_act_6': act_7 - 
[14:27:05.638] [bmv2] [D] [thread 8919] Set default default entry for table 'tbl_act_7': act_6 - 
[14:27:05.638] [bmv2] [D] [thread 8919] Set default default entry for table 'tbl_multicast_1': MyIngress.multicast - 
[14:27:05.638] [bmv2] [D] [thread 8919] Set default default entry for table 'tbl_act_8': act_8 - 
[14:27:05.638] [bmv2] [D] [thread 8919] Set default default entry for table 'tbl_act_9': act_10 - 
[14:27:05.638] [bmv2] [D] [thread 8919] Set default default entry for table 'tbl_act_10': act_9 - 
[14:27:05.638] [bmv2] [D] [thread 8919] Set default default entry for table 'tbl_act_11': act_15 - 
[14:27:05.638] [bmv2] [D] [thread 8919] Set default default entry for table 'tbl_act_12': act_13 - 
[14:27:05.638] [bmv2] [D] [thread 8919] Set default default entry for table 'tbl_act_13': act_11 - 
[14:27:05.638] [bmv2] [D] [thread 8919] Set default default entry for table 'MyIngress.set_primary': NoAction - 
[14:27:05.638] [bmv2] [D] [thread 8919] Set default default entry for table 'tbl_act_14': act_12 - 
[14:27:05.638] [bmv2] [D] [thread 8919] Set default default entry for table 'MyIngress.this_switch_2': NoAction - 
[14:27:05.638] [bmv2] [D] [thread 8919] Set default default entry for table 'tbl_multicast_2': MyIngress.multicast - 
[14:27:05.638] [bmv2] [D] [thread 8919] Set default default entry for table 'tbl_act_15': act_14 - 
P4Runtime Write
device_id: 1
election_id {
  low: 1
}
updates {
  type: INSERT
  entity {
    table_entry {
      table_id: 33555362
      match {
        field_id: 1
        exact {
          value: "\000\000\000\000"
        }
      }
      action {
        action {
          action_id: 16833306
          params {
            param_id: 1
            value: "\000\001"
          }
        }
      }
    }
  }
}
[14:27:05.642] [bmv2] [D] [thread 8919] Entry 0 added to table 'MyIngress.set_destination'
[14:27:05.642] [bmv2] [D] [thread 8919] Dumping entry 0
Match key:
* hdr.gvt.pid         : EXACT     00000000
Action entry: MyIngress.send_message - 1,

P4Runtime Write
device_id: 1
election_id {
  low: 1
}
updates {
  type: INSERT
  entity {
    table_entry {
      table_id: 33555362
      match {
        field_id: 1
        exact {
          value: "\000\000\000\001"
        }
      }
      action {
        action {
          action_id: 16833306
          params {
            param_id: 1
            value: "\000\002"
          }
        }
      }
    }
  }
}
[14:27:05.643] [bmv2] [D] [thread 8919] Entry 1 added to table 'MyIngress.set_destination'
[14:27:05.643] [bmv2] [D] [thread 8919] Dumping entry 1
Match key:
* hdr.gvt.pid         : EXACT     00000001
Action entry: MyIngress.send_message - 2,

P4Runtime Write
device_id: 1
election_id {
  low: 1
}
updates {
  type: INSERT
  entity {
    table_entry {
      table_id: 33611871
      match {
        field_id: 1
        exact {
          value: "\000\000\000\000"
        }
      }
      action {
        action {
          action_id: 16822165
          params {
            param_id: 1
            value: "\000\004"
          }
        }
      }
    }
  }
}
[14:27:05.643] [bmv2] [D] [thread 8919] Entry 0 added to table 'MyIngress.set_primary'
[14:27:05.643] [bmv2] [D] [thread 8919] Dumping entry 0
Match key:
* meta.primary        : EXACT     00000000
Action entry: MyIngress.answer_replica - 4,

P4Runtime Write
device_id: 1
election_id {
  low: 1
}
updates {
  type: INSERT
  entity {
    table_entry {
      table_id: 33611871
      match {
        field_id: 1
        exact {
          value: "\000\000\000\003"
        }
      }
      action {
        action {
          action_id: 16822165
          params {
            param_id: 1
            value: "\000\005"
          }
        }
      }
    }
  }
}
[14:27:05.644] [bmv2] [D] [thread 8919] Entry 1 added to table 'MyIngress.set_primary'
[14:27:05.644] [bmv2] [D] [thread 8919] Dumping entry 1
Match key:
* meta.primary        : EXACT     00000003
Action entry: MyIngress.answer_replica - 5,

P4Runtime Write
device_id: 1
election_id {
  low: 1
}
updates {
  type: INSERT
  entity {
    table_entry {
      table_id: 33573619
      match {
        field_id: 1
        exact {
          value: "\000\000\000\000"
        }
      }
      action {
        action {
          action_id: 16803558
          params {
            param_id: 1
            value: "\000\000\000\002"
          }
        }
      }
    }
  }
}
[14:27:05.646] [bmv2] [D] [thread 8919] Entry 0 added to table 'MyIngress.this_switch'
[14:27:05.646] [bmv2] [D] [thread 8919] Dumping entry 0
Match key:
* hdr.gvt.sid         : EXACT     00000000
Action entry: MyIngress.set_id - 2,

P4Runtime Write
device_id: 1
election_id {
  low: 1
}
updates {
  type: INSERT
  entity {
    table_entry {
      table_id: 33572132
      match {
        field_id: 1
        exact {
          value: "\000\000\000\003"
        }
      }
      action {
        action {
          action_id: 16833306
          params {
            param_id: 1
            value: "\000\005"
          }
        }
      }
    }
  }
}
[14:27:05.647] [bmv2] [D] [thread 8919] Entry 0 added to table 'MyIngress.set_switch_dest'
[14:27:05.647] [bmv2] [D] [thread 8919] Dumping entry 0
Match key:
* hdr.gvt.sid         : EXACT     00000003
Action entry: MyIngress.send_message - 5,

P4Runtime Write
device_id: 1
election_id {
  low: 1
}
updates {
  type: INSERT
  entity {
    packet_replication_engine_entry {
      multicast_group_entry {
        multicast_group_id: 1
        replicas {
          egress_port: 1
          instance: 1
        }
        replicas {
          egress_port: 2
          instance: 1
        }
      }
    }
  }
}
[14:27:05.648] [bmv2] [D] [thread 8919] mgrp node created for mgid 1
[14:27:05.648] [bmv2] [D] [thread 8919] node created for rid 1
[14:27:05.648] [bmv2] [D] [thread 8919] node associated with mgid 1
P4Runtime Write
device_id: 1
election_id {
  low: 1
}
updates {
  type: INSERT
  entity {
    packet_replication_engine_entry {
      multicast_group_entry {
        multicast_group_id: 2
        replicas {
          egress_port: 4
          instance: 1
        }
        replicas {
          egress_port: 5
          instance: 1
        }
      }
    }
  }
}
[14:27:05.649] [bmv2] [D] [thread 8919] mgrp node created for mgid 2
[14:27:05.649] [bmv2] [D] [thread 8919] node created for rid 1
[14:27:05.649] [bmv2] [D] [thread 8919] node associated with mgid 2
Connection removed
[14:27:07.826] [bmv2] [D] [thread 8878] [21.0] [cxt 0] Processing packet received on port 2
[14:27:07.826] [bmv2] [D] [thread 8878] [21.0] [cxt 0] Parser 'parser': start
[14:27:07.826] [bmv2] [D] [thread 8878] [21.0] [cxt 0] Parser 'parser' entering state 'start'
[14:27:07.826] [bmv2] [D] [thread 8878] [21.0] [cxt 0] Extracting header 'ethernet'
[14:27:07.826] [bmv2] [D] [thread 8878] [21.0] [cxt 0] Parser state 'start': key is 86dd
[14:27:07.826] [bmv2] [T] [thread 8878] [21.0] [cxt 0] Bytes parsed: 14
[14:27:07.826] [bmv2] [D] [thread 8878] [21.0] [cxt 0] Parser 'parser': end
[14:27:07.826] [bmv2] [D] [thread 8878] [21.0] [cxt 0] Pipeline 'ingress': start
[14:27:07.826] [bmv2] [T] [thread 8878] [21.0] [cxt 0] basic.p4(125) Condition "hdr.gvt.isValid()" (node_2) is false
[14:27:07.826] [bmv2] [D] [thread 8878] [21.0] [cxt 0] Pipeline 'ingress': end
[14:27:07.826] [bmv2] [D] [thread 8878] [21.0] [cxt 0] Egress port is 0
[14:27:07.826] [bmv2] [D] [thread 8879] [21.0] [cxt 0] Pipeline 'egress': start
[14:27:07.827] [bmv2] [D] [thread 8879] [21.0] [cxt 0] Pipeline 'egress': end
[14:27:07.827] [bmv2] [D] [thread 8879] [21.0] [cxt 0] Deparser 'deparser': start
[14:27:07.827] [bmv2] [T] [thread 8879] [21.0] [cxt 0] Skipping checksum 'cksum' update because condition not met
[14:27:07.827] [bmv2] [D] [thread 8879] [21.0] [cxt 0] Deparsing header 'ethernet'
[14:27:07.827] [bmv2] [D] [thread 8879] [21.0] [cxt 0] Deparser 'deparser': end
[14:27:07.827] [bmv2] [D] [thread 8883] [21.0] [cxt 0] Transmitting packet of size 70 out of port 0
[14:27:07.986] [bmv2] [D] [thread 8878] [22.0] [cxt 0] Processing packet received on port 5
[14:27:07.986] [bmv2] [D] [thread 8878] [22.0] [cxt 0] Parser 'parser': start
[14:27:07.986] [bmv2] [D] [thread 8878] [22.0] [cxt 0] Parser 'parser' entering state 'start'
[14:27:07.986] [bmv2] [D] [thread 8878] [22.0] [cxt 0] Extracting header 'ethernet'
[14:27:07.987] [bmv2] [D] [thread 8878] [22.0] [cxt 0] Parser state 'start': key is 86dd
[14:27:07.987] [bmv2] [T] [thread 8878] [22.0] [cxt 0] Bytes parsed: 14
[14:27:07.987] [bmv2] [D] [thread 8878] [22.0] [cxt 0] Parser 'parser': end
[14:27:07.987] [bmv2] [D] [thread 8878] [22.0] [cxt 0] Pipeline 'ingress': start
[14:27:07.987] [bmv2] [T] [thread 8878] [22.0] [cxt 0] basic.p4(125) Condition "hdr.gvt.isValid()" (node_2) is false
[14:27:07.987] [bmv2] [D] [thread 8878] [22.0] [cxt 0] Pipeline 'ingress': end
[14:27:07.987] [bmv2] [D] [thread 8878] [22.0] [cxt 0] Egress port is 0
[14:27:07.987] [bmv2] [D] [thread 8879] [22.0] [cxt 0] Pipeline 'egress': start
[14:27:07.987] [bmv2] [D] [thread 8879] [22.0] [cxt 0] Pipeline 'egress': end
[14:27:07.987] [bmv2] [D] [thread 8879] [22.0] [cxt 0] Deparser 'deparser': start
[14:27:07.987] [bmv2] [T] [thread 8879] [22.0] [cxt 0] Skipping checksum 'cksum' update because condition not met
[14:27:07.987] [bmv2] [D] [thread 8879] [22.0] [cxt 0] Deparsing header 'ethernet'
[14:27:07.987] [bmv2] [D] [thread 8879] [22.0] [cxt 0] Deparser 'deparser': end
[14:27:07.987] [bmv2] [D] [thread 8883] [22.0] [cxt 0] Transmitting packet of size 70 out of port 0
[14:27:08.033] [bmv2] [D] [thread 8878] [23.0] [cxt 0] Processing packet received on port 4
[14:27:08.033] [bmv2] [D] [thread 8878] [23.0] [cxt 0] Parser 'parser': start
[14:27:08.033] [bmv2] [D] [thread 8878] [23.0] [cxt 0] Parser 'parser' entering state 'start'
[14:27:08.033] [bmv2] [D] [thread 8878] [23.0] [cxt 0] Extracting header 'ethernet'
[14:27:08.033] [bmv2] [D] [thread 8878] [23.0] [cxt 0] Parser state 'start': key is 86dd
[14:27:08.033] [bmv2] [T] [thread 8878] [23.0] [cxt 0] Bytes parsed: 14
[14:27:08.033] [bmv2] [D] [thread 8878] [23.0] [cxt 0] Parser 'parser': end
[14:27:08.033] [bmv2] [D] [thread 8878] [23.0] [cxt 0] Pipeline 'ingress': start
[14:27:08.033] [bmv2] [T] [thread 8878] [23.0] [cxt 0] basic.p4(125) Condition "hdr.gvt.isValid()" (node_2) is false
[14:27:08.033] [bmv2] [D] [thread 8878] [23.0] [cxt 0] Pipeline 'ingress': end
[14:27:08.033] [bmv2] [D] [thread 8878] [23.0] [cxt 0] Egress port is 0
[14:27:08.033] [bmv2] [D] [thread 8879] [23.0] [cxt 0] Pipeline 'egress': start
[14:27:08.033] [bmv2] [D] [thread 8879] [23.0] [cxt 0] Pipeline 'egress': end
[14:27:08.033] [bmv2] [D] [thread 8879] [23.0] [cxt 0] Deparser 'deparser': start
[14:27:08.033] [bmv2] [T] [thread 8879] [23.0] [cxt 0] Skipping checksum 'cksum' update because condition not met
[14:27:08.033] [bmv2] [D] [thread 8879] [23.0] [cxt 0] Deparsing header 'ethernet'
[14:27:08.033] [bmv2] [D] [thread 8879] [23.0] [cxt 0] Deparser 'deparser': end
[14:27:08.033] [bmv2] [D] [thread 8883] [23.0] [cxt 0] Transmitting packet of size 70 out of port 0
[14:27:08.073] [bmv2] [D] [thread 8878] [24.0] [cxt 0] Processing packet received on port 1
[14:27:08.073] [bmv2] [D] [thread 8878] [24.0] [cxt 0] Parser 'parser': start
[14:27:08.073] [bmv2] [D] [thread 8878] [24.0] [cxt 0] Parser 'parser' entering state 'start'
[14:27:08.073] [bmv2] [D] [thread 8878] [24.0] [cxt 0] Extracting header 'ethernet'
[14:27:08.073] [bmv2] [D] [thread 8878] [24.0] [cxt 0] Parser state 'start': key is 86dd
[14:27:08.073] [bmv2] [T] [thread 8878] [24.0] [cxt 0] Bytes parsed: 14
[14:27:08.073] [bmv2] [D] [thread 8878] [24.0] [cxt 0] Parser 'parser': end
[14:27:08.073] [bmv2] [D] [thread 8878] [24.0] [cxt 0] Pipeline 'ingress': start
[14:27:08.073] [bmv2] [T] [thread 8878] [24.0] [cxt 0] basic.p4(125) Condition "hdr.gvt.isValid()" (node_2) is false
[14:27:08.073] [bmv2] [D] [thread 8878] [24.0] [cxt 0] Pipeline 'ingress': end
[14:27:08.074] [bmv2] [D] [thread 8878] [24.0] [cxt 0] Egress port is 0
[14:27:08.074] [bmv2] [D] [thread 8878] [25.0] [cxt 0] Processing packet received on port 4
[14:27:08.074] [bmv2] [D] [thread 8878] [25.0] [cxt 0] Parser 'parser': start
[14:27:08.074] [bmv2] [D] [thread 8878] [25.0] [cxt 0] Parser 'parser' entering state 'start'
[14:27:08.074] [bmv2] [D] [thread 8878] [25.0] [cxt 0] Extracting header 'ethernet'
[14:27:08.074] [bmv2] [D] [thread 8878] [25.0] [cxt 0] Parser state 'start': key is 86dd
[14:27:08.074] [bmv2] [D] [thread 8879] [24.0] [cxt 0] Pipeline 'egress': start
[14:27:08.074] [bmv2] [D] [thread 8879] [24.0] [cxt 0] Pipeline 'egress': end
[14:27:08.074] [bmv2] [T] [thread 8878] [25.0] [cxt 0] Bytes parsed: 14
[14:27:08.074] [bmv2] [D] [thread 8878] [25.0] [cxt 0] Parser 'parser': end
[14:27:08.074] [bmv2] [D] [thread 8878] [25.0] [cxt 0] Pipeline 'ingress': start
[14:27:08.074] [bmv2] [T] [thread 8878] [25.0] [cxt 0] basic.p4(125) Condition "hdr.gvt.isValid()" (node_2) is false
[14:27:08.074] [bmv2] [D] [thread 8878] [25.0] [cxt 0] Pipeline 'ingress': end
[14:27:08.074] [bmv2] [D] [thread 8878] [25.0] [cxt 0] Egress port is 0
[14:27:08.074] [bmv2] [D] [thread 8879] [24.0] [cxt 0] Deparser 'deparser': start
[14:27:08.074] [bmv2] [T] [thread 8879] [24.0] [cxt 0] Skipping checksum 'cksum' update because condition not met
[14:27:08.074] [bmv2] [D] [thread 8879] [24.0] [cxt 0] Deparsing header 'ethernet'
[14:27:08.074] [bmv2] [D] [thread 8879] [24.0] [cxt 0] Deparser 'deparser': end
[14:27:08.074] [bmv2] [D] [thread 8879] [25.0] [cxt 0] Pipeline 'egress': start
[14:27:08.074] [bmv2] [D] [thread 8879] [25.0] [cxt 0] Pipeline 'egress': end
[14:27:08.074] [bmv2] [D] [thread 8879] [25.0] [cxt 0] Deparser 'deparser': start
[14:27:08.074] [bmv2] [T] [thread 8879] [25.0] [cxt 0] Skipping checksum 'cksum' update because condition not met
[14:27:08.074] [bmv2] [D] [thread 8879] [25.0] [cxt 0] Deparsing header 'ethernet'
[14:27:08.074] [bmv2] [D] [thread 8879] [25.0] [cxt 0] Deparser 'deparser': end
[14:27:08.074] [bmv2] [D] [thread 8883] [24.0] [cxt 0] Transmitting packet of size 70 out of port 0
[14:27:08.074] [bmv2] [D] [thread 8883] [25.0] [cxt 0] Transmitting packet of size 70 out of port 0
[14:27:08.578] [bmv2] [D] [thread 8878] [26.0] [cxt 0] Processing packet received on port 5
[14:27:08.578] [bmv2] [D] [thread 8878] [26.0] [cxt 0] Parser 'parser': start
[14:27:08.578] [bmv2] [D] [thread 8878] [26.0] [cxt 0] Parser 'parser' entering state 'start'
[14:27:08.578] [bmv2] [D] [thread 8878] [26.0] [cxt 0] Extracting header 'ethernet'
[14:27:08.578] [bmv2] [D] [thread 8878] [26.0] [cxt 0] Parser state 'start': key is 86dd
[14:27:08.578] [bmv2] [T] [thread 8878] [26.0] [cxt 0] Bytes parsed: 14
[14:27:08.578] [bmv2] [D] [thread 8878] [26.0] [cxt 0] Parser 'parser': end
[14:27:08.578] [bmv2] [D] [thread 8878] [26.0] [cxt 0] Pipeline 'ingress': start
[14:27:08.578] [bmv2] [T] [thread 8878] [26.0] [cxt 0] basic.p4(125) Condition "hdr.gvt.isValid()" (node_2) is false
[14:27:08.578] [bmv2] [D] [thread 8878] [26.0] [cxt 0] Pipeline 'ingress': end
[14:27:08.578] [bmv2] [D] [thread 8878] [26.0] [cxt 0] Egress port is 0
[14:27:08.578] [bmv2] [D] [thread 8879] [26.0] [cxt 0] Pipeline 'egress': start
[14:27:08.578] [bmv2] [D] [thread 8879] [26.0] [cxt 0] Pipeline 'egress': end
[14:27:08.578] [bmv2] [D] [thread 8879] [26.0] [cxt 0] Deparser 'deparser': start
[14:27:08.578] [bmv2] [T] [thread 8879] [26.0] [cxt 0] Skipping checksum 'cksum' update because condition not met
[14:27:08.578] [bmv2] [D] [thread 8879] [26.0] [cxt 0] Deparsing header 'ethernet'
[14:27:08.578] [bmv2] [D] [thread 8879] [26.0] [cxt 0] Deparser 'deparser': end
[14:27:08.578] [bmv2] [D] [thread 8883] [26.0] [cxt 0] Transmitting packet of size 70 out of port 0
[14:27:11.833] [bmv2] [D] [thread 8878] [27.0] [cxt 0] Processing packet received on port 2
[14:27:11.833] [bmv2] [D] [thread 8878] [27.0] [cxt 0] Parser 'parser': start
[14:27:11.833] [bmv2] [D] [thread 8878] [27.0] [cxt 0] Parser 'parser' entering state 'start'
[14:27:11.833] [bmv2] [D] [thread 8878] [27.0] [cxt 0] Extracting header 'ethernet'
[14:27:11.833] [bmv2] [D] [thread 8878] [27.0] [cxt 0] Parser state 'start': key is 86dd
[14:27:11.833] [bmv2] [T] [thread 8878] [27.0] [cxt 0] Bytes parsed: 14
[14:27:11.833] [bmv2] [D] [thread 8878] [27.0] [cxt 0] Parser 'parser': end
[14:27:11.833] [bmv2] [D] [thread 8878] [27.0] [cxt 0] Pipeline 'ingress': start
[14:27:11.833] [bmv2] [T] [thread 8878] [27.0] [cxt 0] basic.p4(125) Condition "hdr.gvt.isValid()" (node_2) is false
[14:27:11.833] [bmv2] [D] [thread 8878] [27.0] [cxt 0] Pipeline 'ingress': end
[14:27:11.833] [bmv2] [D] [thread 8878] [27.0] [cxt 0] Egress port is 0
[14:27:11.833] [bmv2] [D] [thread 8879] [27.0] [cxt 0] Pipeline 'egress': start
[14:27:11.833] [bmv2] [D] [thread 8879] [27.0] [cxt 0] Pipeline 'egress': end
[14:27:11.833] [bmv2] [D] [thread 8879] [27.0] [cxt 0] Deparser 'deparser': start
[14:27:11.833] [bmv2] [T] [thread 8879] [27.0] [cxt 0] Skipping checksum 'cksum' update because condition not met
[14:27:11.833] [bmv2] [D] [thread 8879] [27.0] [cxt 0] Deparsing header 'ethernet'
[14:27:11.833] [bmv2] [D] [thread 8879] [27.0] [cxt 0] Deparser 'deparser': end
[14:27:11.833] [bmv2] [D] [thread 8883] [27.0] [cxt 0] Transmitting packet of size 70 out of port 0
[14:27:11.993] [bmv2] [D] [thread 8878] [28.0] [cxt 0] Processing packet received on port 5
[14:27:11.994] [bmv2] [D] [thread 8878] [28.0] [cxt 0] Parser 'parser': start
[14:27:11.994] [bmv2] [D] [thread 8878] [28.0] [cxt 0] Parser 'parser' entering state 'start'
[14:27:11.994] [bmv2] [D] [thread 8878] [28.0] [cxt 0] Extracting header 'ethernet'
[14:27:11.994] [bmv2] [D] [thread 8878] [28.0] [cxt 0] Parser state 'start': key is 86dd
[14:27:11.994] [bmv2] [T] [thread 8878] [28.0] [cxt 0] Bytes parsed: 14
[14:27:11.994] [bmv2] [D] [thread 8878] [28.0] [cxt 0] Parser 'parser': end
[14:27:11.994] [bmv2] [D] [thread 8878] [28.0] [cxt 0] Pipeline 'ingress': start
[14:27:11.994] [bmv2] [T] [thread 8878] [28.0] [cxt 0] basic.p4(125) Condition "hdr.gvt.isValid()" (node_2) is false
[14:27:11.994] [bmv2] [D] [thread 8878] [28.0] [cxt 0] Pipeline 'ingress': end
[14:27:11.994] [bmv2] [D] [thread 8878] [28.0] [cxt 0] Egress port is 0
[14:27:11.994] [bmv2] [D] [thread 8879] [28.0] [cxt 0] Pipeline 'egress': start
[14:27:11.994] [bmv2] [D] [thread 8879] [28.0] [cxt 0] Pipeline 'egress': end
[14:27:11.994] [bmv2] [D] [thread 8879] [28.0] [cxt 0] Deparser 'deparser': start
[14:27:11.994] [bmv2] [T] [thread 8879] [28.0] [cxt 0] Skipping checksum 'cksum' update because condition not met
[14:27:11.994] [bmv2] [D] [thread 8879] [28.0] [cxt 0] Deparsing header 'ethernet'
[14:27:11.994] [bmv2] [D] [thread 8879] [28.0] [cxt 0] Deparser 'deparser': end
[14:27:11.994] [bmv2] [D] [thread 8883] [28.0] [cxt 0] Transmitting packet of size 70 out of port 0
[14:27:12.041] [bmv2] [D] [thread 8878] [29.0] [cxt 0] Processing packet received on port 4
[14:27:12.041] [bmv2] [D] [thread 8878] [29.0] [cxt 0] Parser 'parser': start
[14:27:12.041] [bmv2] [D] [thread 8878] [29.0] [cxt 0] Parser 'parser' entering state 'start'
[14:27:12.041] [bmv2] [D] [thread 8878] [29.0] [cxt 0] Extracting header 'ethernet'
[14:27:12.041] [bmv2] [D] [thread 8878] [29.0] [cxt 0] Parser state 'start': key is 86dd
[14:27:12.041] [bmv2] [T] [thread 8878] [29.0] [cxt 0] Bytes parsed: 14
[14:27:12.041] [bmv2] [D] [thread 8878] [29.0] [cxt 0] Parser 'parser': end
[14:27:12.041] [bmv2] [D] [thread 8878] [29.0] [cxt 0] Pipeline 'ingress': start
[14:27:12.041] [bmv2] [T] [thread 8878] [29.0] [cxt 0] basic.p4(125) Condition "hdr.gvt.isValid()" (node_2) is false
[14:27:12.041] [bmv2] [D] [thread 8878] [29.0] [cxt 0] Pipeline 'ingress': end
[14:27:12.041] [bmv2] [D] [thread 8878] [29.0] [cxt 0] Egress port is 0
[14:27:12.041] [bmv2] [D] [thread 8879] [29.0] [cxt 0] Pipeline 'egress': start
[14:27:12.041] [bmv2] [D] [thread 8879] [29.0] [cxt 0] Pipeline 'egress': end
[14:27:12.041] [bmv2] [D] [thread 8879] [29.0] [cxt 0] Deparser 'deparser': start
[14:27:12.041] [bmv2] [T] [thread 8879] [29.0] [cxt 0] Skipping checksum 'cksum' update because condition not met
[14:27:12.041] [bmv2] [D] [thread 8879] [29.0] [cxt 0] Deparsing header 'ethernet'
[14:27:12.041] [bmv2] [D] [thread 8879] [29.0] [cxt 0] Deparser 'deparser': end
[14:27:12.041] [bmv2] [D] [thread 8883] [29.0] [cxt 0] Transmitting packet of size 70 out of port 0
[14:27:12.081] [bmv2] [D] [thread 8878] [30.0] [cxt 0] Processing packet received on port 1
[14:27:12.081] [bmv2] [D] [thread 8878] [30.0] [cxt 0] Parser 'parser': start
[14:27:12.081] [bmv2] [D] [thread 8878] [30.0] [cxt 0] Parser 'parser' entering state 'start'
[14:27:12.081] [bmv2] [D] [thread 8878] [30.0] [cxt 0] Extracting header 'ethernet'
[14:27:12.081] [bmv2] [D] [thread 8878] [30.0] [cxt 0] Parser state 'start': key is 86dd
[14:27:12.081] [bmv2] [T] [thread 8878] [30.0] [cxt 0] Bytes parsed: 14
[14:27:12.081] [bmv2] [D] [thread 8878] [30.0] [cxt 0] Parser 'parser': end
[14:27:12.081] [bmv2] [D] [thread 8878] [30.0] [cxt 0] Pipeline 'ingress': start
[14:27:12.081] [bmv2] [T] [thread 8878] [30.0] [cxt 0] basic.p4(125) Condition "hdr.gvt.isValid()" (node_2) is false
[14:27:12.081] [bmv2] [D] [thread 8878] [30.0] [cxt 0] Pipeline 'ingress': end
[14:27:12.081] [bmv2] [D] [thread 8878] [30.0] [cxt 0] Egress port is 0
[14:27:12.081] [bmv2] [D] [thread 8878] [31.0] [cxt 0] Processing packet received on port 4
[14:27:12.081] [bmv2] [D] [thread 8878] [31.0] [cxt 0] Parser 'parser': start
[14:27:12.081] [bmv2] [D] [thread 8878] [31.0] [cxt 0] Parser 'parser' entering state 'start'
[14:27:12.081] [bmv2] [D] [thread 8878] [31.0] [cxt 0] Extracting header 'ethernet'
[14:27:12.081] [bmv2] [D] [thread 8878] [31.0] [cxt 0] Parser state 'start': key is 86dd
[14:27:12.081] [bmv2] [T] [thread 8878] [31.0] [cxt 0] Bytes parsed: 14
[14:27:12.081] [bmv2] [D] [thread 8878] [31.0] [cxt 0] Parser 'parser': end
[14:27:12.081] [bmv2] [D] [thread 8878] [31.0] [cxt 0] Pipeline 'ingress': start
[14:27:12.081] [bmv2] [T] [thread 8878] [31.0] [cxt 0] basic.p4(125) Condition "hdr.gvt.isValid()" (node_2) is false
[14:27:12.081] [bmv2] [D] [thread 8878] [31.0] [cxt 0] Pipeline 'ingress': end
[14:27:12.081] [bmv2] [D] [thread 8878] [31.0] [cxt 0] Egress port is 0
[14:27:12.081] [bmv2] [D] [thread 8879] [30.0] [cxt 0] Pipeline 'egress': start
[14:27:12.081] [bmv2] [D] [thread 8879] [30.0] [cxt 0] Pipeline 'egress': end
[14:27:12.081] [bmv2] [D] [thread 8879] [30.0] [cxt 0] Deparser 'deparser': start
[14:27:12.081] [bmv2] [T] [thread 8879] [30.0] [cxt 0] Skipping checksum 'cksum' update because condition not met
[14:27:12.081] [bmv2] [D] [thread 8879] [30.0] [cxt 0] Deparsing header 'ethernet'
[14:27:12.081] [bmv2] [D] [thread 8879] [30.0] [cxt 0] Deparser 'deparser': end
[14:27:12.081] [bmv2] [D] [thread 8879] [31.0] [cxt 0] Pipeline 'egress': start
[14:27:12.081] [bmv2] [D] [thread 8879] [31.0] [cxt 0] Pipeline 'egress': end
[14:27:12.081] [bmv2] [D] [thread 8879] [31.0] [cxt 0] Deparser 'deparser': start
[14:27:12.081] [bmv2] [T] [thread 8879] [31.0] [cxt 0] Skipping checksum 'cksum' update because condition not met
[14:27:12.081] [bmv2] [D] [thread 8879] [31.0] [cxt 0] Deparsing header 'ethernet'
[14:27:12.081] [bmv2] [D] [thread 8879] [31.0] [cxt 0] Deparser 'deparser': end
[14:27:12.082] [bmv2] [D] [thread 8883] [30.0] [cxt 0] Transmitting packet of size 70 out of port 0
[14:27:12.082] [bmv2] [D] [thread 8883] [31.0] [cxt 0] Transmitting packet of size 70 out of port 0
[14:27:12.590] [bmv2] [D] [thread 8878] [32.0] [cxt 0] Processing packet received on port 5
[14:27:12.590] [bmv2] [D] [thread 8878] [32.0] [cxt 0] Parser 'parser': start
[14:27:12.590] [bmv2] [D] [thread 8878] [32.0] [cxt 0] Parser 'parser' entering state 'start'
[14:27:12.590] [bmv2] [D] [thread 8878] [32.0] [cxt 0] Extracting header 'ethernet'
[14:27:12.590] [bmv2] [D] [thread 8878] [32.0] [cxt 0] Parser state 'start': key is 86dd
[14:27:12.590] [bmv2] [T] [thread 8878] [32.0] [cxt 0] Bytes parsed: 14
[14:27:12.590] [bmv2] [D] [thread 8878] [32.0] [cxt 0] Parser 'parser': end
[14:27:12.591] [bmv2] [D] [thread 8878] [32.0] [cxt 0] Pipeline 'ingress': start
[14:27:12.591] [bmv2] [T] [thread 8878] [32.0] [cxt 0] basic.p4(125) Condition "hdr.gvt.isValid()" (node_2) is false
[14:27:12.591] [bmv2] [D] [thread 8878] [32.0] [cxt 0] Pipeline 'ingress': end
[14:27:12.591] [bmv2] [D] [thread 8878] [32.0] [cxt 0] Egress port is 0
[14:27:12.591] [bmv2] [D] [thread 8879] [32.0] [cxt 0] Pipeline 'egress': start
[14:27:12.591] [bmv2] [D] [thread 8879] [32.0] [cxt 0] Pipeline 'egress': end
[14:27:12.591] [bmv2] [D] [thread 8879] [32.0] [cxt 0] Deparser 'deparser': start
[14:27:12.591] [bmv2] [T] [thread 8879] [32.0] [cxt 0] Skipping checksum 'cksum' update because condition not met
[14:27:12.591] [bmv2] [D] [thread 8879] [32.0] [cxt 0] Deparsing header 'ethernet'
[14:27:12.591] [bmv2] [D] [thread 8879] [32.0] [cxt 0] Deparser 'deparser': end
[14:27:12.591] [bmv2] [D] [thread 8883] [32.0] [cxt 0] Transmitting packet of size 70 out of port 0
[14:28:36.138] [bmv2] [D] [thread 8878] [33.0] [cxt 0] Processing packet received on port 4
[14:28:36.138] [bmv2] [D] [thread 8878] [33.0] [cxt 0] Parser 'parser': start
[14:28:36.138] [bmv2] [D] [thread 8878] [33.0] [cxt 0] Parser 'parser' entering state 'start'
[14:28:36.138] [bmv2] [D] [thread 8878] [33.0] [cxt 0] Extracting header 'ethernet'
[14:28:36.138] [bmv2] [D] [thread 8878] [33.0] [cxt 0] Parser state 'start': key is 0600
[14:28:36.138] [bmv2] [T] [thread 8878] [33.0] [cxt 0] Bytes parsed: 14
[14:28:36.138] [bmv2] [D] [thread 8878] [33.0] [cxt 0] Parser 'parser' entering state 'parse_gvt'
[14:28:36.138] [bmv2] [D] [thread 8878] [33.0] [cxt 0] Extracting header 'gvt'
[14:28:36.138] [bmv2] [D] [thread 8878] [33.0] [cxt 0] Parser state 'parse_gvt' has no switch, going to default next state
[14:28:36.138] [bmv2] [T] [thread 8878] [33.0] [cxt 0] Bytes parsed: 34
[14:28:36.138] [bmv2] [D] [thread 8878] [33.0] [cxt 0] Parser 'parser': end
[14:28:36.138] [bmv2] [D] [thread 8878] [33.0] [cxt 0] Pipeline 'ingress': start
[14:28:36.138] [bmv2] [T] [thread 8878] [33.0] [cxt 0] basic.p4(125) Condition "hdr.gvt.isValid()" (node_2) is true
[14:28:36.139] [bmv2] [T] [thread 8878] [33.0] [cxt 0] basic.p4(126) Condition "hdr.gvt.type == TYPE_FAILURE" (node_3) is false
[14:28:36.139] [bmv2] [T] [thread 8878] [33.0] [cxt 0] basic.p4(129) Condition "(hdr.gvt.type == TYPE_PROP || hdr.gvt.type == TYPE_PREPARE) && meta.iterator == 0" (node_6) is false
[14:28:36.139] [bmv2] [T] [thread 8878] [33.0] [cxt 0] basic.p4(139) Condition "hdr.gvt.type == TYPE_PREPAREOK" (node_11) is false
[14:28:36.139] [bmv2] [T] [thread 8878] [33.0] [cxt 0] basic.p4(148) Condition "hdr.gvt.type == TYPE_VIEWCHANGE || hdr.gvt.type == TYPE_REQ" (node_16) is false
[14:28:36.139] [bmv2] [T] [thread 8878] [33.0] [cxt 0] basic.p4(154) Condition "hdr.gvt.type == TYPE_STARTCHANGE" (node_20) is true
[14:28:36.139] [bmv2] [T] [thread 8878] [33.0] [cxt 0] Applying table 'tbl_act_5'
[14:28:36.139] [bmv2] [D] [thread 8878] [33.0] [cxt 0] Looking up key:

[14:28:36.139] [bmv2] [D] [thread 8878] [33.0] [cxt 0] Table 'tbl_act_5': miss
[14:28:36.139] [bmv2] [D] [thread 8878] [33.0] [cxt 0] Action entry is act_5 - 
[14:28:36.139] [bmv2] [T] [thread 8878] [33.0] [cxt 0] Action act_5
[14:28:36.139] [bmv2] [T] [thread 8878] [33.0] [cxt 0] include/headers.p4(15) Primitive 0x4848; ...
[14:28:36.139] [bmv2] [T] [thread 8878] [33.0] [cxt 0] basic.p4(156) Primitive LeaderId.write(0, hdr.gvt.sid)
[14:28:36.139] [bmv2] [T] [thread 8878] [33.0] [cxt 0] Wrote register 'LeaderId' at index 0 with value 1
[14:28:36.139] [bmv2] [T] [thread 8878] [33.0] [cxt 0] Applying table 'MyIngress.set_switch_dest'
[14:28:36.139] [bmv2] [D] [thread 8878] [33.0] [cxt 0] Looking up key:
* hdr.gvt.sid         : 00000001

[14:28:36.139] [bmv2] [D] [thread 8878] [33.0] [cxt 0] Table 'MyIngress.set_switch_dest': miss
[14:28:36.139] [bmv2] [D] [thread 8878] [33.0] [cxt 0] Action entry is NoAction - 
[14:28:36.139] [bmv2] [T] [thread 8878] [33.0] [cxt 0] Action NoAction
[14:28:36.139] [bmv2] [T] [thread 8878] [33.0] [cxt 0] basic.p4(169) Condition "meta.iterator > 0" (node_28) is false
[14:28:36.139] [bmv2] [D] [thread 8878] [33.0] [cxt 0] Pipeline 'ingress': end
[14:28:36.139] [bmv2] [D] [thread 8878] [33.0] [cxt 0] Egress port is 0
[14:28:36.139] [bmv2] [D] [thread 8879] [33.0] [cxt 0] Pipeline 'egress': start
[14:28:36.139] [bmv2] [D] [thread 8879] [33.0] [cxt 0] Pipeline 'egress': end
[14:28:36.139] [bmv2] [D] [thread 8879] [33.0] [cxt 0] Deparser 'deparser': start
[14:28:36.139] [bmv2] [T] [thread 8879] [33.0] [cxt 0] Skipping checksum 'cksum' update because condition not met
[14:28:36.139] [bmv2] [D] [thread 8879] [33.0] [cxt 0] Deparsing header 'ethernet'
[14:28:36.139] [bmv2] [D] [thread 8879] [33.0] [cxt 0] Deparsing header 'gvt'
[14:28:36.139] [bmv2] [D] [thread 8879] [33.0] [cxt 0] Deparser 'deparser': end
[14:28:36.139] [bmv2] [D] [thread 8883] [33.0] [cxt 0] Transmitting packet of size 34 out of port 0
[14:28:45.180] [bmv2] [D] [thread 8878] [34.0] [cxt 0] Processing packet received on port 4
[14:28:45.180] [bmv2] [D] [thread 8878] [34.0] [cxt 0] Parser 'parser': start
[14:28:45.180] [bmv2] [D] [thread 8878] [34.0] [cxt 0] Parser 'parser' entering state 'start'
[14:28:45.180] [bmv2] [D] [thread 8878] [34.0] [cxt 0] Extracting header 'ethernet'
[14:28:45.180] [bmv2] [D] [thread 8878] [34.0] [cxt 0] Parser state 'start': key is 0600
[14:28:45.180] [bmv2] [T] [thread 8878] [34.0] [cxt 0] Bytes parsed: 14
[14:28:45.180] [bmv2] [D] [thread 8878] [34.0] [cxt 0] Parser 'parser' entering state 'parse_gvt'
[14:28:45.180] [bmv2] [D] [thread 8878] [34.0] [cxt 0] Extracting header 'gvt'
[14:28:45.180] [bmv2] [D] [thread 8878] [34.0] [cxt 0] Parser state 'parse_gvt' has no switch, going to default next state
[14:28:45.180] [bmv2] [T] [thread 8878] [34.0] [cxt 0] Bytes parsed: 34
[14:28:45.180] [bmv2] [D] [thread 8878] [34.0] [cxt 0] Parser 'parser': end
[14:28:45.180] [bmv2] [D] [thread 8878] [34.0] [cxt 0] Pipeline 'ingress': start
[14:28:45.180] [bmv2] [T] [thread 8878] [34.0] [cxt 0] basic.p4(125) Condition "hdr.gvt.isValid()" (node_2) is true
[14:28:45.180] [bmv2] [T] [thread 8878] [34.0] [cxt 0] basic.p4(126) Condition "hdr.gvt.type == TYPE_FAILURE" (node_3) is false
[14:28:45.180] [bmv2] [T] [thread 8878] [34.0] [cxt 0] basic.p4(129) Condition "(hdr.gvt.type == TYPE_PROP || hdr.gvt.type == TYPE_PREPARE) && meta.iterator == 0" (node_6) is true
[14:28:45.180] [bmv2] [T] [thread 8878] [34.0] [cxt 0] Applying table 'tbl_act_0'
[14:28:45.180] [bmv2] [D] [thread 8878] [34.0] [cxt 0] Looking up key:

[14:28:45.180] [bmv2] [D] [thread 8878] [34.0] [cxt 0] Table 'tbl_act_0': miss
[14:28:45.180] [bmv2] [D] [thread 8878] [34.0] [cxt 0] Action entry is act_1 - 
[14:28:45.180] [bmv2] [T] [thread 8878] [34.0] [cxt 0] Action act_1
[14:28:45.180] [bmv2] [T] [thread 8878] [34.0] [cxt 0] basic.p4(132) Primitive GVT.read(meta.currentGVT, 0)
[14:28:45.181] [bmv2] [T] [thread 8878] [34.0] [cxt 0] Read register 'GVT' at index 0 read value 0
[14:28:45.181] [bmv2] [T] [thread 8878] [34.0] [cxt 0] basic.p4(133) Condition "meta.currentGVT <= hdr.gvt.value" (node_8) is true
[14:28:45.181] [bmv2] [T] [thread 8878] [34.0] [cxt 0] Applying table 'tbl_act_1'
[14:28:45.181] [bmv2] [D] [thread 8878] [34.0] [cxt 0] Looking up key:

[14:28:45.181] [bmv2] [D] [thread 8878] [34.0] [cxt 0] Table 'tbl_act_1': miss
[14:28:45.181] [bmv2] [D] [thread 8878] [34.0] [cxt 0] Action entry is act_0 - 
[14:28:45.181] [bmv2] [T] [thread 8878] [34.0] [cxt 0] Action act_0
[14:28:45.181] [bmv2] [T] [thread 8878] [34.0] [cxt 0] basic.p4(134) Primitive LvtValues.write(hdr.gvt.pid, hdr.gvt.value)
[14:28:45.181] [bmv2] [T] [thread 8878] [34.0] [cxt 0] Wrote register 'LvtValues' at index 1 with value 10
[14:28:45.181] [bmv2] [T] [thread 8878] [34.0] [cxt 0] basic.p4(135) Primitive meta.iterator = 1
[14:28:45.181] [bmv2] [T] [thread 8878] [34.0] [cxt 0] basic.p4(169) Condition "meta.iterator > 0" (node_28) is true
[14:28:45.181] [bmv2] [T] [thread 8878] [34.0] [cxt 0] basic.p4(170) Condition "meta.iterator == 1" (node_29) is true
[14:28:45.181] [bmv2] [T] [thread 8878] [34.0] [cxt 0] Applying table 'tbl_act_8'
[14:28:45.181] [bmv2] [D] [thread 8878] [34.0] [cxt 0] Looking up key:

[14:28:45.181] [bmv2] [D] [thread 8878] [34.0] [cxt 0] Table 'tbl_act_8': miss
[14:28:45.181] [bmv2] [D] [thread 8878] [34.0] [cxt 0] Action entry is act_8 - 
[14:28:45.181] [bmv2] [T] [thread 8878] [34.0] [cxt 0] Action act_8
[14:28:45.181] [bmv2] [T] [thread 8878] [34.0] [cxt 0] basic.p4(171) Primitive LvtValues.read(meta.minLVT, 0)
[14:28:45.181] [bmv2] [T] [thread 8878] [34.0] [cxt 0] Read register 'LvtValues' at index 0 read value 0
[14:28:45.181] [bmv2] [T] [thread 8878] [34.0] [cxt 0] basic.p4(172) Primitive GVT.read(meta.currentGVT, 0)
[14:28:45.181] [bmv2] [T] [thread 8878] [34.0] [cxt 0] Read register 'GVT' at index 0 read value 0
[14:28:45.181] [bmv2] [T] [thread 8878] [34.0] [cxt 0] Applying table 'tbl_act_9'
[14:28:45.181] [bmv2] [D] [thread 8878] [34.0] [cxt 0] Looking up key:

[14:28:45.181] [bmv2] [D] [thread 8878] [34.0] [cxt 0] Table 'tbl_act_9': miss
[14:28:45.181] [bmv2] [D] [thread 8878] [34.0] [cxt 0] Action entry is act_10 - 
[14:28:45.181] [bmv2] [T] [thread 8878] [34.0] [cxt 0] Action act_10
[14:28:45.181] [bmv2] [T] [thread 8878] [34.0] [cxt 0] basic.p4(175) Primitive LvtValues.read(meta.readedValue, meta.iterator)
[14:28:45.181] [bmv2] [T] [thread 8878] [34.0] [cxt 0] Read register 'LvtValues' at index 1 read value 10
[14:28:45.181] [bmv2] [T] [thread 8878] [34.0] [cxt 0] basic.p4(176) Condition "meta.readedValue < meta.minLVT" (node_32) is false
[14:28:45.181] [bmv2] [T] [thread 8878] [34.0] [cxt 0] Applying table 'tbl_act_11'
[14:28:45.181] [bmv2] [D] [thread 8878] [34.0] [cxt 0] Looking up key:

[14:28:45.181] [bmv2] [D] [thread 8878] [34.0] [cxt 0] Table 'tbl_act_11': miss
[14:28:45.181] [bmv2] [D] [thread 8878] [34.0] [cxt 0] Action entry is act_15 - 
[14:28:45.181] [bmv2] [T] [thread 8878] [34.0] [cxt 0] Action act_15
[14:28:45.181] [bmv2] [T] [thread 8878] [34.0] [cxt 0] basic.p4(179) Primitive meta.iterator = meta.iterator + 1
[14:28:45.181] [bmv2] [T] [thread 8878] [34.0] [cxt 0] basic.p4(180) Condition "meta.iterator == 2" (node_35) is true
[14:28:45.181] [bmv2] [T] [thread 8878] [34.0] [cxt 0] Applying table 'tbl_act_12'
[14:28:45.181] [bmv2] [D] [thread 8878] [34.0] [cxt 0] Looking up key:

[14:28:45.181] [bmv2] [D] [thread 8878] [34.0] [cxt 0] Table 'tbl_act_12': miss
[14:28:45.181] [bmv2] [D] [thread 8878] [34.0] [cxt 0] Action entry is act_13 - 
[14:28:45.181] [bmv2] [T] [thread 8878] [34.0] [cxt 0] Action act_13
[14:28:45.181] [bmv2] [T] [thread 8878] [34.0] [cxt 0] basic.p4(181) Primitive GVT.write(0, meta.minLVT)
[14:28:45.181] [bmv2] [T] [thread 8878] [34.0] [cxt 0] Wrote register 'GVT' at index 0 with value 0
[14:28:45.181] [bmv2] [T] [thread 8878] [34.0] [cxt 0] basic.p4(182) Condition "hdr.gvt.type == TYPE_PREPARE" (node_37) is true
[14:28:45.181] [bmv2] [T] [thread 8878] [34.0] [cxt 0] Applying table 'tbl_act_13'
[14:28:45.181] [bmv2] [D] [thread 8878] [34.0] [cxt 0] Looking up key:

[14:28:45.181] [bmv2] [D] [thread 8878] [34.0] [cxt 0] Table 'tbl_act_13': miss
[14:28:45.181] [bmv2] [D] [thread 8878] [34.0] [cxt 0] Action entry is act_11 - 
[14:28:45.181] [bmv2] [T] [thread 8878] [34.0] [cxt 0] Action act_11
[14:28:45.181] [bmv2] [T] [thread 8878] [34.0] [cxt 0] include/headers.p4(9) Primitive 0x4444; ...
[14:28:45.181] [bmv2] [T] [thread 8878] [34.0] [cxt 0] basic.p4(184) Primitive LeaderId.read(meta.primary, 0)
[14:28:45.181] [bmv2] [T] [thread 8878] [34.0] [cxt 0] Read register 'LeaderId' at index 0 read value 1
[14:28:45.181] [bmv2] [T] [thread 8878] [34.0] [cxt 0] Applying table 'MyIngress.set_primary'
[14:28:45.181] [bmv2] [D] [thread 8878] [34.0] [cxt 0] Looking up key:
* meta.primary        : 00000001

[14:28:45.181] [bmv2] [D] [thread 8878] [34.0] [cxt 0] Table 'MyIngress.set_primary': miss
[14:28:45.181] [bmv2] [D] [thread 8878] [34.0] [cxt 0] Action entry is NoAction - 
[14:28:45.181] [bmv2] [T] [thread 8878] [34.0] [cxt 0] Action NoAction
[14:28:45.181] [bmv2] [D] [thread 8878] [34.0] [cxt 0] Pipeline 'ingress': end
[14:28:45.181] [bmv2] [D] [thread 8878] [34.0] [cxt 0] Egress port is 0
[14:28:45.181] [bmv2] [D] [thread 8879] [34.0] [cxt 0] Pipeline 'egress': start
[14:28:45.181] [bmv2] [D] [thread 8879] [34.0] [cxt 0] Pipeline 'egress': end
[14:28:45.181] [bmv2] [D] [thread 8879] [34.0] [cxt 0] Deparser 'deparser': start
[14:28:45.181] [bmv2] [T] [thread 8879] [34.0] [cxt 0] Skipping checksum 'cksum' update because condition not met
[14:28:45.181] [bmv2] [D] [thread 8879] [34.0] [cxt 0] Deparsing header 'ethernet'
[14:28:45.181] [bmv2] [D] [thread 8879] [34.0] [cxt 0] Deparsing header 'gvt'
[14:28:45.181] [bmv2] [D] [thread 8879] [34.0] [cxt 0] Deparser 'deparser': end
[14:28:45.181] [bmv2] [D] [thread 8883] [34.0] [cxt 0] Transmitting packet of size 74 out of port 0
[14:28:47.230] [bmv2] [D] [thread 8878] [35.0] [cxt 0] Processing packet received on port 4
[14:28:47.230] [bmv2] [D] [thread 8878] [35.0] [cxt 0] Parser 'parser': start
[14:28:47.230] [bmv2] [D] [thread 8878] [35.0] [cxt 0] Parser 'parser' entering state 'start'
[14:28:47.230] [bmv2] [D] [thread 8878] [35.0] [cxt 0] Extracting header 'ethernet'
[14:28:47.230] [bmv2] [D] [thread 8878] [35.0] [cxt 0] Parser state 'start': key is 0600
[14:28:47.230] [bmv2] [T] [thread 8878] [35.0] [cxt 0] Bytes parsed: 14
[14:28:47.230] [bmv2] [D] [thread 8878] [35.0] [cxt 0] Parser 'parser' entering state 'parse_gvt'
[14:28:47.230] [bmv2] [D] [thread 8878] [35.0] [cxt 0] Extracting header 'gvt'
[14:28:47.230] [bmv2] [D] [thread 8878] [35.0] [cxt 0] Parser state 'parse_gvt' has no switch, going to default next state
[14:28:47.230] [bmv2] [T] [thread 8878] [35.0] [cxt 0] Bytes parsed: 34
[14:28:47.230] [bmv2] [D] [thread 8878] [35.0] [cxt 0] Parser 'parser': end
[14:28:47.230] [bmv2] [D] [thread 8878] [35.0] [cxt 0] Pipeline 'ingress': start
[14:28:47.230] [bmv2] [T] [thread 8878] [35.0] [cxt 0] basic.p4(125) Condition "hdr.gvt.isValid()" (node_2) is true
[14:28:47.230] [bmv2] [T] [thread 8878] [35.0] [cxt 0] basic.p4(126) Condition "hdr.gvt.type == TYPE_FAILURE" (node_3) is false
[14:28:47.230] [bmv2] [T] [thread 8878] [35.0] [cxt 0] basic.p4(129) Condition "(hdr.gvt.type == TYPE_PROP || hdr.gvt.type == TYPE_PREPARE) && meta.iterator == 0" (node_6) is true
[14:28:47.230] [bmv2] [T] [thread 8878] [35.0] [cxt 0] Applying table 'tbl_act_0'
[14:28:47.230] [bmv2] [D] [thread 8878] [35.0] [cxt 0] Looking up key:

[14:28:47.230] [bmv2] [D] [thread 8878] [35.0] [cxt 0] Table 'tbl_act_0': miss
[14:28:47.230] [bmv2] [D] [thread 8878] [35.0] [cxt 0] Action entry is act_1 - 
[14:28:47.230] [bmv2] [T] [thread 8878] [35.0] [cxt 0] Action act_1
[14:28:47.230] [bmv2] [T] [thread 8878] [35.0] [cxt 0] basic.p4(132) Primitive GVT.read(meta.currentGVT, 0)
[14:28:47.230] [bmv2] [T] [thread 8878] [35.0] [cxt 0] Read register 'GVT' at index 0 read value 0
[14:28:47.230] [bmv2] [T] [thread 8878] [35.0] [cxt 0] basic.p4(133) Condition "meta.currentGVT <= hdr.gvt.value" (node_8) is true
[14:28:47.230] [bmv2] [T] [thread 8878] [35.0] [cxt 0] Applying table 'tbl_act_1'
[14:28:47.230] [bmv2] [D] [thread 8878] [35.0] [cxt 0] Looking up key:

[14:28:47.230] [bmv2] [D] [thread 8878] [35.0] [cxt 0] Table 'tbl_act_1': miss
[14:28:47.230] [bmv2] [D] [thread 8878] [35.0] [cxt 0] Action entry is act_0 - 
[14:28:47.230] [bmv2] [T] [thread 8878] [35.0] [cxt 0] Action act_0
[14:28:47.230] [bmv2] [T] [thread 8878] [35.0] [cxt 0] basic.p4(134) Primitive LvtValues.write(hdr.gvt.pid, hdr.gvt.value)
[14:28:47.230] [bmv2] [T] [thread 8878] [35.0] [cxt 0] Wrote register 'LvtValues' at index 0 with value 5
[14:28:47.230] [bmv2] [T] [thread 8878] [35.0] [cxt 0] basic.p4(135) Primitive meta.iterator = 1
[14:28:47.230] [bmv2] [T] [thread 8878] [35.0] [cxt 0] basic.p4(169) Condition "meta.iterator > 0" (node_28) is true
[14:28:47.231] [bmv2] [T] [thread 8878] [35.0] [cxt 0] basic.p4(170) Condition "meta.iterator == 1" (node_29) is true
[14:28:47.231] [bmv2] [T] [thread 8878] [35.0] [cxt 0] Applying table 'tbl_act_8'
[14:28:47.231] [bmv2] [D] [thread 8878] [35.0] [cxt 0] Looking up key:

[14:28:47.231] [bmv2] [D] [thread 8878] [35.0] [cxt 0] Table 'tbl_act_8': miss
[14:28:47.231] [bmv2] [D] [thread 8878] [35.0] [cxt 0] Action entry is act_8 - 
[14:28:47.231] [bmv2] [T] [thread 8878] [35.0] [cxt 0] Action act_8
[14:28:47.231] [bmv2] [T] [thread 8878] [35.0] [cxt 0] basic.p4(171) Primitive LvtValues.read(meta.minLVT, 0)
[14:28:47.231] [bmv2] [T] [thread 8878] [35.0] [cxt 0] Read register 'LvtValues' at index 0 read value 5
[14:28:47.231] [bmv2] [T] [thread 8878] [35.0] [cxt 0] basic.p4(172) Primitive GVT.read(meta.currentGVT, 0)
[14:28:47.231] [bmv2] [T] [thread 8878] [35.0] [cxt 0] Read register 'GVT' at index 0 read value 0
[14:28:47.231] [bmv2] [T] [thread 8878] [35.0] [cxt 0] Applying table 'tbl_act_9'
[14:28:47.231] [bmv2] [D] [thread 8878] [35.0] [cxt 0] Looking up key:

[14:28:47.231] [bmv2] [D] [thread 8878] [35.0] [cxt 0] Table 'tbl_act_9': miss
[14:28:47.231] [bmv2] [D] [thread 8878] [35.0] [cxt 0] Action entry is act_10 - 
[14:28:47.231] [bmv2] [T] [thread 8878] [35.0] [cxt 0] Action act_10
[14:28:47.231] [bmv2] [T] [thread 8878] [35.0] [cxt 0] basic.p4(175) Primitive LvtValues.read(meta.readedValue, meta.iterator)
[14:28:47.231] [bmv2] [T] [thread 8878] [35.0] [cxt 0] Read register 'LvtValues' at index 1 read value 10
[14:28:47.231] [bmv2] [T] [thread 8878] [35.0] [cxt 0] basic.p4(176) Condition "meta.readedValue < meta.minLVT" (node_32) is false
[14:28:47.231] [bmv2] [T] [thread 8878] [35.0] [cxt 0] Applying table 'tbl_act_11'
[14:28:47.231] [bmv2] [D] [thread 8878] [35.0] [cxt 0] Looking up key:

[14:28:47.231] [bmv2] [D] [thread 8878] [35.0] [cxt 0] Table 'tbl_act_11': miss
[14:28:47.231] [bmv2] [D] [thread 8878] [35.0] [cxt 0] Action entry is act_15 - 
[14:28:47.231] [bmv2] [T] [thread 8878] [35.0] [cxt 0] Action act_15
[14:28:47.231] [bmv2] [T] [thread 8878] [35.0] [cxt 0] basic.p4(179) Primitive meta.iterator = meta.iterator + 1
[14:28:47.231] [bmv2] [T] [thread 8878] [35.0] [cxt 0] basic.p4(180) Condition "meta.iterator == 2" (node_35) is true
[14:28:47.231] [bmv2] [T] [thread 8878] [35.0] [cxt 0] Applying table 'tbl_act_12'
[14:28:47.231] [bmv2] [D] [thread 8878] [35.0] [cxt 0] Looking up key:

[14:28:47.231] [bmv2] [D] [thread 8878] [35.0] [cxt 0] Table 'tbl_act_12': miss
[14:28:47.231] [bmv2] [D] [thread 8878] [35.0] [cxt 0] Action entry is act_13 - 
[14:28:47.231] [bmv2] [T] [thread 8878] [35.0] [cxt 0] Action act_13
[14:28:47.231] [bmv2] [T] [thread 8878] [35.0] [cxt 0] basic.p4(181) Primitive GVT.write(0, meta.minLVT)
[14:28:47.231] [bmv2] [T] [thread 8878] [35.0] [cxt 0] Wrote register 'GVT' at index 0 with value 5
[14:28:47.231] [bmv2] [T] [thread 8878] [35.0] [cxt 0] basic.p4(182) Condition "hdr.gvt.type == TYPE_PREPARE" (node_37) is true
[14:28:47.231] [bmv2] [T] [thread 8878] [35.0] [cxt 0] Applying table 'tbl_act_13'
[14:28:47.231] [bmv2] [D] [thread 8878] [35.0] [cxt 0] Looking up key:

[14:28:47.231] [bmv2] [D] [thread 8878] [35.0] [cxt 0] Table 'tbl_act_13': miss
[14:28:47.231] [bmv2] [D] [thread 8878] [35.0] [cxt 0] Action entry is act_11 - 
[14:28:47.231] [bmv2] [T] [thread 8878] [35.0] [cxt 0] Action act_11
[14:28:47.231] [bmv2] [T] [thread 8878] [35.0] [cxt 0] include/headers.p4(9) Primitive 0x4444; ...
[14:28:47.231] [bmv2] [T] [thread 8878] [35.0] [cxt 0] basic.p4(184) Primitive LeaderId.read(meta.primary, 0)
[14:28:47.231] [bmv2] [T] [thread 8878] [35.0] [cxt 0] Read register 'LeaderId' at index 0 read value 1
[14:28:47.231] [bmv2] [T] [thread 8878] [35.0] [cxt 0] Applying table 'MyIngress.set_primary'
[14:28:47.231] [bmv2] [D] [thread 8878] [35.0] [cxt 0] Looking up key:
* meta.primary        : 00000001

[14:28:47.231] [bmv2] [D] [thread 8878] [35.0] [cxt 0] Table 'MyIngress.set_primary': miss
[14:28:47.231] [bmv2] [D] [thread 8878] [35.0] [cxt 0] Action entry is NoAction - 
[14:28:47.231] [bmv2] [T] [thread 8878] [35.0] [cxt 0] Action NoAction
[14:28:47.231] [bmv2] [D] [thread 8878] [35.0] [cxt 0] Pipeline 'ingress': end
[14:28:47.231] [bmv2] [D] [thread 8878] [35.0] [cxt 0] Egress port is 0
[14:28:47.231] [bmv2] [D] [thread 8879] [35.0] [cxt 0] Pipeline 'egress': start
[14:28:47.231] [bmv2] [D] [thread 8879] [35.0] [cxt 0] Pipeline 'egress': end
[14:28:47.231] [bmv2] [D] [thread 8879] [35.0] [cxt 0] Deparser 'deparser': start
[14:28:47.231] [bmv2] [T] [thread 8879] [35.0] [cxt 0] Skipping checksum 'cksum' update because condition not met
[14:28:47.231] [bmv2] [D] [thread 8879] [35.0] [cxt 0] Deparsing header 'ethernet'
[14:28:47.231] [bmv2] [D] [thread 8879] [35.0] [cxt 0] Deparsing header 'gvt'
[14:28:47.231] [bmv2] [D] [thread 8879] [35.0] [cxt 0] Deparser 'deparser': end
[14:28:47.231] [bmv2] [D] [thread 8883] [35.0] [cxt 0] Transmitting packet of size 74 out of port 0
[14:28:57.266] [bmv2] [D] [thread 8878] [36.0] [cxt 0] Processing packet received on port 4
[14:28:57.266] [bmv2] [D] [thread 8878] [36.0] [cxt 0] Parser 'parser': start
[14:28:57.266] [bmv2] [D] [thread 8878] [36.0] [cxt 0] Parser 'parser' entering state 'start'
[14:28:57.266] [bmv2] [D] [thread 8878] [36.0] [cxt 0] Extracting header 'ethernet'
[14:28:57.266] [bmv2] [D] [thread 8878] [36.0] [cxt 0] Parser state 'start': key is 0600
[14:28:57.266] [bmv2] [T] [thread 8878] [36.0] [cxt 0] Bytes parsed: 14
[14:28:57.266] [bmv2] [D] [thread 8878] [36.0] [cxt 0] Parser 'parser' entering state 'parse_gvt'
[14:28:57.266] [bmv2] [D] [thread 8878] [36.0] [cxt 0] Extracting header 'gvt'
[14:28:57.266] [bmv2] [D] [thread 8878] [36.0] [cxt 0] Parser state 'parse_gvt' has no switch, going to default next state
[14:28:57.266] [bmv2] [T] [thread 8878] [36.0] [cxt 0] Bytes parsed: 34
[14:28:57.266] [bmv2] [D] [thread 8878] [36.0] [cxt 0] Parser 'parser': end
[14:28:57.266] [bmv2] [D] [thread 8878] [36.0] [cxt 0] Pipeline 'ingress': start
[14:28:57.266] [bmv2] [T] [thread 8878] [36.0] [cxt 0] basic.p4(125) Condition "hdr.gvt.isValid()" (node_2) is true
[14:28:57.266] [bmv2] [T] [thread 8878] [36.0] [cxt 0] basic.p4(126) Condition "hdr.gvt.type == TYPE_FAILURE" (node_3) is false
[14:28:57.266] [bmv2] [T] [thread 8878] [36.0] [cxt 0] basic.p4(129) Condition "(hdr.gvt.type == TYPE_PROP || hdr.gvt.type == TYPE_PREPARE) && meta.iterator == 0" (node_6) is true
[14:28:57.266] [bmv2] [T] [thread 8878] [36.0] [cxt 0] Applying table 'tbl_act_0'
[14:28:57.266] [bmv2] [D] [thread 8878] [36.0] [cxt 0] Looking up key:

[14:28:57.266] [bmv2] [D] [thread 8878] [36.0] [cxt 0] Table 'tbl_act_0': miss
[14:28:57.266] [bmv2] [D] [thread 8878] [36.0] [cxt 0] Action entry is act_1 - 
[14:28:57.266] [bmv2] [T] [thread 8878] [36.0] [cxt 0] Action act_1
[14:28:57.266] [bmv2] [T] [thread 8878] [36.0] [cxt 0] basic.p4(132) Primitive GVT.read(meta.currentGVT, 0)
[14:28:57.266] [bmv2] [T] [thread 8878] [36.0] [cxt 0] Read register 'GVT' at index 0 read value 5
[14:28:57.266] [bmv2] [T] [thread 8878] [36.0] [cxt 0] basic.p4(133) Condition "meta.currentGVT <= hdr.gvt.value" (node_8) is true
[14:28:57.266] [bmv2] [T] [thread 8878] [36.0] [cxt 0] Applying table 'tbl_act_1'
[14:28:57.266] [bmv2] [D] [thread 8878] [36.0] [cxt 0] Looking up key:

[14:28:57.266] [bmv2] [D] [thread 8878] [36.0] [cxt 0] Table 'tbl_act_1': miss
[14:28:57.266] [bmv2] [D] [thread 8878] [36.0] [cxt 0] Action entry is act_0 - 
[14:28:57.267] [bmv2] [T] [thread 8878] [36.0] [cxt 0] Action act_0
[14:28:57.267] [bmv2] [T] [thread 8878] [36.0] [cxt 0] basic.p4(134) Primitive LvtValues.write(hdr.gvt.pid, hdr.gvt.value)
[14:28:57.267] [bmv2] [T] [thread 8878] [36.0] [cxt 0] Wrote register 'LvtValues' at index 0 with value 7
[14:28:57.267] [bmv2] [T] [thread 8878] [36.0] [cxt 0] basic.p4(135) Primitive meta.iterator = 1
[14:28:57.267] [bmv2] [T] [thread 8878] [36.0] [cxt 0] basic.p4(169) Condition "meta.iterator > 0" (node_28) is true
[14:28:57.267] [bmv2] [T] [thread 8878] [36.0] [cxt 0] basic.p4(170) Condition "meta.iterator == 1" (node_29) is true
[14:28:57.267] [bmv2] [T] [thread 8878] [36.0] [cxt 0] Applying table 'tbl_act_8'
[14:28:57.267] [bmv2] [D] [thread 8878] [36.0] [cxt 0] Looking up key:

[14:28:57.267] [bmv2] [D] [thread 8878] [36.0] [cxt 0] Table 'tbl_act_8': miss
[14:28:57.267] [bmv2] [D] [thread 8878] [36.0] [cxt 0] Action entry is act_8 - 
[14:28:57.267] [bmv2] [T] [thread 8878] [36.0] [cxt 0] Action act_8
[14:28:57.267] [bmv2] [T] [thread 8878] [36.0] [cxt 0] basic.p4(171) Primitive LvtValues.read(meta.minLVT, 0)
[14:28:57.267] [bmv2] [T] [thread 8878] [36.0] [cxt 0] Read register 'LvtValues' at index 0 read value 7
[14:28:57.267] [bmv2] [T] [thread 8878] [36.0] [cxt 0] basic.p4(172) Primitive GVT.read(meta.currentGVT, 0)
[14:28:57.267] [bmv2] [T] [thread 8878] [36.0] [cxt 0] Read register 'GVT' at index 0 read value 5
[14:28:57.267] [bmv2] [T] [thread 8878] [36.0] [cxt 0] Applying table 'tbl_act_9'
[14:28:57.267] [bmv2] [D] [thread 8878] [36.0] [cxt 0] Looking up key:

[14:28:57.267] [bmv2] [D] [thread 8878] [36.0] [cxt 0] Table 'tbl_act_9': miss
[14:28:57.267] [bmv2] [D] [thread 8878] [36.0] [cxt 0] Action entry is act_10 - 
[14:28:57.267] [bmv2] [T] [thread 8878] [36.0] [cxt 0] Action act_10
[14:28:57.267] [bmv2] [T] [thread 8878] [36.0] [cxt 0] basic.p4(175) Primitive LvtValues.read(meta.readedValue, meta.iterator)
[14:28:57.267] [bmv2] [T] [thread 8878] [36.0] [cxt 0] Read register 'LvtValues' at index 1 read value 10
[14:28:57.267] [bmv2] [T] [thread 8878] [36.0] [cxt 0] basic.p4(176) Condition "meta.readedValue < meta.minLVT" (node_32) is false
[14:28:57.267] [bmv2] [T] [thread 8878] [36.0] [cxt 0] Applying table 'tbl_act_11'
[14:28:57.267] [bmv2] [D] [thread 8878] [36.0] [cxt 0] Looking up key:

[14:28:57.267] [bmv2] [D] [thread 8878] [36.0] [cxt 0] Table 'tbl_act_11': miss
[14:28:57.267] [bmv2] [D] [thread 8878] [36.0] [cxt 0] Action entry is act_15 - 
[14:28:57.267] [bmv2] [T] [thread 8878] [36.0] [cxt 0] Action act_15
[14:28:57.267] [bmv2] [T] [thread 8878] [36.0] [cxt 0] basic.p4(179) Primitive meta.iterator = meta.iterator + 1
[14:28:57.267] [bmv2] [T] [thread 8878] [36.0] [cxt 0] basic.p4(180) Condition "meta.iterator == 2" (node_35) is true
[14:28:57.267] [bmv2] [T] [thread 8878] [36.0] [cxt 0] Applying table 'tbl_act_12'
[14:28:57.267] [bmv2] [D] [thread 8878] [36.0] [cxt 0] Looking up key:

[14:28:57.267] [bmv2] [D] [thread 8878] [36.0] [cxt 0] Table 'tbl_act_12': miss
[14:28:57.267] [bmv2] [D] [thread 8878] [36.0] [cxt 0] Action entry is act_13 - 
[14:28:57.267] [bmv2] [T] [thread 8878] [36.0] [cxt 0] Action act_13
[14:28:57.267] [bmv2] [T] [thread 8878] [36.0] [cxt 0] basic.p4(181) Primitive GVT.write(0, meta.minLVT)
[14:28:57.267] [bmv2] [T] [thread 8878] [36.0] [cxt 0] Wrote register 'GVT' at index 0 with value 7
[14:28:57.267] [bmv2] [T] [thread 8878] [36.0] [cxt 0] basic.p4(182) Condition "hdr.gvt.type == TYPE_PREPARE" (node_37) is true
[14:28:57.267] [bmv2] [T] [thread 8878] [36.0] [cxt 0] Applying table 'tbl_act_13'
[14:28:57.267] [bmv2] [D] [thread 8878] [36.0] [cxt 0] Looking up key:

[14:28:57.267] [bmv2] [D] [thread 8878] [36.0] [cxt 0] Table 'tbl_act_13': miss
[14:28:57.267] [bmv2] [D] [thread 8878] [36.0] [cxt 0] Action entry is act_11 - 
[14:28:57.267] [bmv2] [T] [thread 8878] [36.0] [cxt 0] Action act_11
[14:28:57.267] [bmv2] [T] [thread 8878] [36.0] [cxt 0] include/headers.p4(9) Primitive 0x4444; ...
[14:28:57.267] [bmv2] [T] [thread 8878] [36.0] [cxt 0] basic.p4(184) Primitive LeaderId.read(meta.primary, 0)
[14:28:57.267] [bmv2] [T] [thread 8878] [36.0] [cxt 0] Read register 'LeaderId' at index 0 read value 1
[14:28:57.267] [bmv2] [T] [thread 8878] [36.0] [cxt 0] Applying table 'MyIngress.set_primary'
[14:28:57.267] [bmv2] [D] [thread 8878] [36.0] [cxt 0] Looking up key:
* meta.primary        : 00000001

[14:28:57.267] [bmv2] [D] [thread 8878] [36.0] [cxt 0] Table 'MyIngress.set_primary': miss
[14:28:57.267] [bmv2] [D] [thread 8878] [36.0] [cxt 0] Action entry is NoAction - 
[14:28:57.267] [bmv2] [T] [thread 8878] [36.0] [cxt 0] Action NoAction
[14:28:57.267] [bmv2] [D] [thread 8878] [36.0] [cxt 0] Pipeline 'ingress': end
[14:28:57.267] [bmv2] [D] [thread 8878] [36.0] [cxt 0] Egress port is 0
[14:28:57.267] [bmv2] [D] [thread 8879] [36.0] [cxt 0] Pipeline 'egress': start
[14:28:57.267] [bmv2] [D] [thread 8879] [36.0] [cxt 0] Pipeline 'egress': end
[14:28:57.267] [bmv2] [D] [thread 8879] [36.0] [cxt 0] Deparser 'deparser': start
[14:28:57.267] [bmv2] [T] [thread 8879] [36.0] [cxt 0] Skipping checksum 'cksum' update because condition not met
[14:28:57.267] [bmv2] [D] [thread 8879] [36.0] [cxt 0] Deparsing header 'ethernet'
[14:28:57.267] [bmv2] [D] [thread 8879] [36.0] [cxt 0] Deparsing header 'gvt'
[14:28:57.267] [bmv2] [D] [thread 8879] [36.0] [cxt 0] Deparser 'deparser': end
[14:28:57.267] [bmv2] [D] [thread 8883] [36.0] [cxt 0] Transmitting packet of size 74 out of port 0
open: No such file or directory
open: No such file or directory
open: No such file or directory
open: No such file or directory
open: No such file or directory
