Calling target program-options parser
[14:27:04.063] [bmv2] [D] [thread 8885] Set default default entry for table 'tbl_act': act - 
[14:27:04.063] [bmv2] [D] [thread 8885] Set default default entry for table 'MyIngress.set_destination': NoAction - 
[14:27:04.063] [bmv2] [D] [thread 8885] Set default default entry for table 'tbl_act_0': act_1 - 
[14:27:04.063] [bmv2] [D] [thread 8885] Set default default entry for table 'tbl_act_1': act_0 - 
[14:27:04.063] [bmv2] [D] [thread 8885] Set default default entry for table 'tbl_drop': MyIngress.drop - 
[14:27:04.063] [bmv2] [D] [thread 8885] Set default default entry for table 'tbl_act_2': act_3 - 
[14:27:04.063] [bmv2] [D] [thread 8885] Set default default entry for table 'tbl_act_3': act_2 - 
[14:27:04.063] [bmv2] [D] [thread 8885] Set default default entry for table 'tbl_multicast': MyIngress.multicast - 
[14:27:04.063] [bmv2] [D] [thread 8885] Set default default entry for table 'tbl_act_4': act_4 - 
[14:27:04.063] [bmv2] [D] [thread 8885] Set default default entry for table 'MyIngress.this_switch': NoAction - 
[14:27:04.063] [bmv2] [D] [thread 8885] Set default default entry for table 'tbl_multicast_0': MyIngress.multicast - 
[14:27:04.063] [bmv2] [D] [thread 8885] Set default default entry for table 'tbl_act_5': act_5 - 
[14:27:04.063] [bmv2] [D] [thread 8885] Set default default entry for table 'MyIngress.set_switch_dest': NoAction - 
[14:27:04.063] [bmv2] [D] [thread 8885] Set default default entry for table 'tbl_act_6': act_7 - 
[14:27:04.063] [bmv2] [D] [thread 8885] Set default default entry for table 'tbl_act_7': act_6 - 
[14:27:04.063] [bmv2] [D] [thread 8885] Set default default entry for table 'tbl_multicast_1': MyIngress.multicast - 
[14:27:04.063] [bmv2] [D] [thread 8885] Set default default entry for table 'tbl_act_8': act_8 - 
[14:27:04.063] [bmv2] [D] [thread 8885] Set default default entry for table 'tbl_act_9': act_10 - 
[14:27:04.063] [bmv2] [D] [thread 8885] Set default default entry for table 'tbl_act_10': act_9 - 
[14:27:04.063] [bmv2] [D] [thread 8885] Set default default entry for table 'tbl_act_11': act_15 - 
[14:27:04.063] [bmv2] [D] [thread 8885] Set default default entry for table 'tbl_act_12': act_13 - 
[14:27:04.063] [bmv2] [D] [thread 8885] Set default default entry for table 'tbl_act_13': act_11 - 
[14:27:04.063] [bmv2] [D] [thread 8885] Set default default entry for table 'MyIngress.set_primary': NoAction - 
[14:27:04.063] [bmv2] [D] [thread 8885] Set default default entry for table 'tbl_act_14': act_12 - 
[14:27:04.063] [bmv2] [D] [thread 8885] Set default default entry for table 'MyIngress.this_switch_2': NoAction - 
[14:27:04.063] [bmv2] [D] [thread 8885] Set default default entry for table 'tbl_multicast_2': MyIngress.multicast - 
[14:27:04.063] [bmv2] [D] [thread 8885] Set default default entry for table 'tbl_act_15': act_14 - 
Adding interface s3-eth1 as port 1
[14:27:04.063] [bmv2] [D] [thread 8885] Adding interface s3-eth1 as port 1
Adding interface s3-eth2 as port 2
[14:27:04.077] [bmv2] [D] [thread 8885] Adding interface s3-eth2 as port 2
Adding interface s3-eth4 as port 4
[14:27:04.101] [bmv2] [D] [thread 8885] Adding interface s3-eth4 as port 4
Adding interface s3-eth5 as port 5
[14:27:04.133] [bmv2] [D] [thread 8885] Adding interface s3-eth5 as port 5
I0908 14:27:04.157357568    8885 server_builder.cc:247]      Synchronous server. Num CQs: 1, Min pollers: 1, Max Pollers: 2147483647, CQ timeout (msec): 1000
Server listening on 0.0.0.0:50053
[14:27:04.161] [bmv2] [I] [thread 8885] Starting Thrift server on port 9092
[14:27:04.161] [bmv2] [I] [thread 8885] Thrift server was started
[14:27:04.162] [bmv2] [D] [thread 8892] [0.0] [cxt 0] Processing packet received on port 4
[14:27:04.162] [bmv2] [D] [thread 8892] [0.0] [cxt 0] Parser 'parser': start
[14:27:04.162] [bmv2] [D] [thread 8892] [0.0] [cxt 0] Parser 'parser' entering state 'start'
[14:27:04.162] [bmv2] [D] [thread 8892] [0.0] [cxt 0] Extracting header 'ethernet'
[14:27:04.162] [bmv2] [D] [thread 8892] [0.0] [cxt 0] Parser state 'start': key is 86dd
[14:27:04.162] [bmv2] [T] [thread 8892] [0.0] [cxt 0] Bytes parsed: 14
[14:27:04.162] [bmv2] [D] [thread 8892] [0.0] [cxt 0] Parser 'parser': end
[14:27:04.162] [bmv2] [D] [thread 8892] [0.0] [cxt 0] Pipeline 'ingress': start
[14:27:04.162] [bmv2] [T] [thread 8892] [0.0] [cxt 0] basic.p4(125) Condition "hdr.gvt.isValid()" (node_2) is false
[14:27:04.162] [bmv2] [D] [thread 8892] [0.0] [cxt 0] Pipeline 'ingress': end
[14:27:04.162] [bmv2] [D] [thread 8892] [0.0] [cxt 0] Egress port is 0
[14:27:04.162] [bmv2] [D] [thread 8892] [1.0] [cxt 0] Processing packet received on port 4
[14:27:04.162] [bmv2] [D] [thread 8892] [1.0] [cxt 0] Parser 'parser': start
[14:27:04.162] [bmv2] [D] [thread 8892] [1.0] [cxt 0] Parser 'parser' entering state 'start'
[14:27:04.162] [bmv2] [D] [thread 8892] [1.0] [cxt 0] Extracting header 'ethernet'
[14:27:04.162] [bmv2] [D] [thread 8892] [1.0] [cxt 0] Parser state 'start': key is 86dd
[14:27:04.162] [bmv2] [T] [thread 8892] [1.0] [cxt 0] Bytes parsed: 14
[14:27:04.162] [bmv2] [D] [thread 8892] [1.0] [cxt 0] Parser 'parser': end
[14:27:04.162] [bmv2] [D] [thread 8892] [1.0] [cxt 0] Pipeline 'ingress': start
[14:27:04.162] [bmv2] [T] [thread 8892] [1.0] [cxt 0] basic.p4(125) Condition "hdr.gvt.isValid()" (node_2) is false
[14:27:04.162] [bmv2] [D] [thread 8892] [1.0] [cxt 0] Pipeline 'ingress': end
[14:27:04.162] [bmv2] [D] [thread 8892] [1.0] [cxt 0] Egress port is 0
[14:27:04.162] [bmv2] [D] [thread 8893] [0.0] [cxt 0] Pipeline 'egress': start
[14:27:04.162] [bmv2] [D] [thread 8893] [0.0] [cxt 0] Pipeline 'egress': end
[14:27:04.162] [bmv2] [D] [thread 8893] [0.0] [cxt 0] Deparser 'deparser': start
[14:27:04.162] [bmv2] [T] [thread 8893] [0.0] [cxt 0] Skipping checksum 'cksum' update because condition not met
[14:27:04.162] [bmv2] [D] [thread 8893] [0.0] [cxt 0] Deparsing header 'ethernet'
[14:27:04.163] [bmv2] [D] [thread 8893] [0.0] [cxt 0] Deparser 'deparser': end
[14:27:04.163] [bmv2] [D] [thread 8893] [1.0] [cxt 0] Pipeline 'egress': start
[14:27:04.163] [bmv2] [D] [thread 8893] [1.0] [cxt 0] Pipeline 'egress': end
[14:27:04.163] [bmv2] [D] [thread 8893] [1.0] [cxt 0] Deparser 'deparser': start
[14:27:04.163] [bmv2] [T] [thread 8893] [1.0] [cxt 0] Skipping checksum 'cksum' update because condition not met
[14:27:04.163] [bmv2] [D] [thread 8893] [1.0] [cxt 0] Deparsing header 'ethernet'
[14:27:04.163] [bmv2] [D] [thread 8893] [1.0] [cxt 0] Deparser 'deparser': end
[14:27:04.163] [bmv2] [D] [thread 8897] [0.0] [cxt 0] Transmitting packet of size 90 out of port 0
[14:27:04.163] [bmv2] [D] [thread 8897] [1.0] [cxt 0] Transmitting packet of size 70 out of port 0
[14:27:04.404] [bmv2] [D] [thread 8892] [2.0] [cxt 0] Processing packet received on port 4
[14:27:04.404] [bmv2] [D] [thread 8892] [2.0] [cxt 0] Parser 'parser': start
[14:27:04.404] [bmv2] [D] [thread 8892] [2.0] [cxt 0] Parser 'parser' entering state 'start'
[14:27:04.404] [bmv2] [D] [thread 8892] [2.0] [cxt 0] Extracting header 'ethernet'
[14:27:04.404] [bmv2] [D] [thread 8892] [2.0] [cxt 0] Parser state 'start': key is 86dd
[14:27:04.404] [bmv2] [T] [thread 8892] [2.0] [cxt 0] Bytes parsed: 14
[14:27:04.404] [bmv2] [D] [thread 8892] [2.0] [cxt 0] Parser 'parser': end
[14:27:04.404] [bmv2] [D] [thread 8892] [2.0] [cxt 0] Pipeline 'ingress': start
[14:27:04.404] [bmv2] [T] [thread 8892] [2.0] [cxt 0] basic.p4(125) Condition "hdr.gvt.isValid()" (node_2) is false
[14:27:04.404] [bmv2] [D] [thread 8892] [2.0] [cxt 0] Pipeline 'ingress': end
[14:27:04.404] [bmv2] [D] [thread 8892] [2.0] [cxt 0] Egress port is 0
[14:27:04.404] [bmv2] [D] [thread 8893] [2.0] [cxt 0] Pipeline 'egress': start
[14:27:04.404] [bmv2] [D] [thread 8893] [2.0] [cxt 0] Pipeline 'egress': end
[14:27:04.404] [bmv2] [D] [thread 8893] [2.0] [cxt 0] Deparser 'deparser': start
[14:27:04.404] [bmv2] [T] [thread 8893] [2.0] [cxt 0] Skipping checksum 'cksum' update because condition not met
[14:27:04.404] [bmv2] [D] [thread 8893] [2.0] [cxt 0] Deparsing header 'ethernet'
[14:27:04.404] [bmv2] [D] [thread 8893] [2.0] [cxt 0] Deparser 'deparser': end
[14:27:04.404] [bmv2] [D] [thread 8897] [2.0] [cxt 0] Transmitting packet of size 90 out of port 0
[14:27:04.565] [bmv2] [D] [thread 8892] [3.0] [cxt 0] Processing packet received on port 5
[14:27:04.565] [bmv2] [D] [thread 8892] [3.0] [cxt 0] Parser 'parser': start
[14:27:04.565] [bmv2] [D] [thread 8892] [3.0] [cxt 0] Parser 'parser' entering state 'start'
[14:27:04.565] [bmv2] [D] [thread 8892] [3.0] [cxt 0] Extracting header 'ethernet'
[14:27:04.565] [bmv2] [D] [thread 8892] [3.0] [cxt 0] Parser state 'start': key is 86dd
[14:27:04.565] [bmv2] [T] [thread 8892] [3.0] [cxt 0] Bytes parsed: 14
[14:27:04.565] [bmv2] [D] [thread 8892] [3.0] [cxt 0] Parser 'parser': end
[14:27:04.565] [bmv2] [D] [thread 8892] [3.0] [cxt 0] Pipeline 'ingress': start
[14:27:04.565] [bmv2] [T] [thread 8892] [3.0] [cxt 0] basic.p4(125) Condition "hdr.gvt.isValid()" (node_2) is false
[14:27:04.565] [bmv2] [D] [thread 8892] [3.0] [cxt 0] Pipeline 'ingress': end
[14:27:04.565] [bmv2] [D] [thread 8892] [3.0] [cxt 0] Egress port is 0
[14:27:04.565] [bmv2] [D] [thread 8892] [4.0] [cxt 0] Processing packet received on port 5
[14:27:04.565] [bmv2] [D] [thread 8892] [4.0] [cxt 0] Parser 'parser': start
[14:27:04.565] [bmv2] [D] [thread 8892] [4.0] [cxt 0] Parser 'parser' entering state 'start'
[14:27:04.565] [bmv2] [D] [thread 8892] [4.0] [cxt 0] Extracting header 'ethernet'
[14:27:04.565] [bmv2] [D] [thread 8892] [4.0] [cxt 0] Parser state 'start': key is 86dd
[14:27:04.565] [bmv2] [T] [thread 8892] [4.0] [cxt 0] Bytes parsed: 14
[14:27:04.565] [bmv2] [D] [thread 8892] [4.0] [cxt 0] Parser 'parser': end
[14:27:04.565] [bmv2] [D] [thread 8892] [4.0] [cxt 0] Pipeline 'ingress': start
[14:27:04.565] [bmv2] [T] [thread 8892] [4.0] [cxt 0] basic.p4(125) Condition "hdr.gvt.isValid()" (node_2) is false
[14:27:04.565] [bmv2] [D] [thread 8892] [4.0] [cxt 0] Pipeline 'ingress': end
[14:27:04.565] [bmv2] [D] [thread 8892] [4.0] [cxt 0] Egress port is 0
[14:27:04.565] [bmv2] [D] [thread 8893] [3.0] [cxt 0] Pipeline 'egress': start
[14:27:04.565] [bmv2] [D] [thread 8893] [3.0] [cxt 0] Pipeline 'egress': end
[14:27:04.565] [bmv2] [D] [thread 8893] [3.0] [cxt 0] Deparser 'deparser': start
[14:27:04.565] [bmv2] [T] [thread 8893] [3.0] [cxt 0] Skipping checksum 'cksum' update because condition not met
[14:27:04.565] [bmv2] [D] [thread 8893] [3.0] [cxt 0] Deparsing header 'ethernet'
[14:27:04.565] [bmv2] [D] [thread 8893] [3.0] [cxt 0] Deparser 'deparser': end
[14:27:04.565] [bmv2] [D] [thread 8893] [4.0] [cxt 0] Pipeline 'egress': start
[14:27:04.565] [bmv2] [D] [thread 8893] [4.0] [cxt 0] Pipeline 'egress': end
[14:27:04.565] [bmv2] [D] [thread 8893] [4.0] [cxt 0] Deparser 'deparser': start
[14:27:04.565] [bmv2] [T] [thread 8893] [4.0] [cxt 0] Skipping checksum 'cksum' update because condition not met
[14:27:04.565] [bmv2] [D] [thread 8893] [4.0] [cxt 0] Deparsing header 'ethernet'
[14:27:04.565] [bmv2] [D] [thread 8893] [4.0] [cxt 0] Deparser 'deparser': end
[14:27:04.565] [bmv2] [D] [thread 8897] [3.0] [cxt 0] Transmitting packet of size 90 out of port 0
[14:27:04.565] [bmv2] [D] [thread 8897] [4.0] [cxt 0] Transmitting packet of size 70 out of port 0
[14:27:04.778] [bmv2] [D] [thread 8892] [5.0] [cxt 0] Processing packet received on port 2
[14:27:04.778] [bmv2] [D] [thread 8892] [5.0] [cxt 0] Parser 'parser': start
[14:27:04.778] [bmv2] [D] [thread 8892] [5.0] [cxt 0] Parser 'parser' entering state 'start'
[14:27:04.778] [bmv2] [D] [thread 8892] [5.0] [cxt 0] Extracting header 'ethernet'
[14:27:04.778] [bmv2] [D] [thread 8892] [5.0] [cxt 0] Parser state 'start': key is 86dd
[14:27:04.778] [bmv2] [T] [thread 8892] [5.0] [cxt 0] Bytes parsed: 14
[14:27:04.778] [bmv2] [D] [thread 8892] [5.0] [cxt 0] Parser 'parser': end
[14:27:04.778] [bmv2] [D] [thread 8892] [5.0] [cxt 0] Pipeline 'ingress': start
[14:27:04.778] [bmv2] [T] [thread 8892] [5.0] [cxt 0] basic.p4(125) Condition "hdr.gvt.isValid()" (node_2) is false
[14:27:04.778] [bmv2] [D] [thread 8892] [5.0] [cxt 0] Pipeline 'ingress': end
[14:27:04.778] [bmv2] [D] [thread 8892] [5.0] [cxt 0] Egress port is 0
[14:27:04.779] [bmv2] [D] [thread 8892] [6.0] [cxt 0] Processing packet received on port 2
[14:27:04.779] [bmv2] [D] [thread 8892] [6.0] [cxt 0] Parser 'parser': start
[14:27:04.779] [bmv2] [D] [thread 8892] [6.0] [cxt 0] Parser 'parser' entering state 'start'
[14:27:04.779] [bmv2] [D] [thread 8892] [6.0] [cxt 0] Extracting header 'ethernet'
[14:27:04.779] [bmv2] [D] [thread 8892] [6.0] [cxt 0] Parser state 'start': key is 86dd
[14:27:04.779] [bmv2] [T] [thread 8892] [6.0] [cxt 0] Bytes parsed: 14
[14:27:04.779] [bmv2] [D] [thread 8892] [6.0] [cxt 0] Parser 'parser': end
[14:27:04.779] [bmv2] [D] [thread 8892] [6.0] [cxt 0] Pipeline 'ingress': start
[14:27:04.779] [bmv2] [T] [thread 8892] [6.0] [cxt 0] basic.p4(125) Condition "hdr.gvt.isValid()" (node_2) is false
[14:27:04.779] [bmv2] [D] [thread 8892] [6.0] [cxt 0] Pipeline 'ingress': end
[14:27:04.779] [bmv2] [D] [thread 8892] [6.0] [cxt 0] Egress port is 0
[14:27:04.779] [bmv2] [D] [thread 8893] [5.0] [cxt 0] Pipeline 'egress': start
[14:27:04.779] [bmv2] [D] [thread 8893] [5.0] [cxt 0] Pipeline 'egress': end
[14:27:04.779] [bmv2] [D] [thread 8893] [5.0] [cxt 0] Deparser 'deparser': start
[14:27:04.779] [bmv2] [T] [thread 8893] [5.0] [cxt 0] Skipping checksum 'cksum' update because condition not met
[14:27:04.779] [bmv2] [D] [thread 8893] [5.0] [cxt 0] Deparsing header 'ethernet'
[14:27:04.779] [bmv2] [D] [thread 8893] [5.0] [cxt 0] Deparser 'deparser': end
[14:27:04.779] [bmv2] [D] [thread 8893] [6.0] [cxt 0] Pipeline 'egress': start
[14:27:04.779] [bmv2] [D] [thread 8893] [6.0] [cxt 0] Pipeline 'egress': end
[14:27:04.779] [bmv2] [D] [thread 8893] [6.0] [cxt 0] Deparser 'deparser': start
[14:27:04.779] [bmv2] [T] [thread 8893] [6.0] [cxt 0] Skipping checksum 'cksum' update because condition not met
[14:27:04.779] [bmv2] [D] [thread 8897] [5.0] [cxt 0] Transmitting packet of size 90 out of port 0
[14:27:04.779] [bmv2] [D] [thread 8893] [6.0] [cxt 0] Deparsing header 'ethernet'
[14:27:04.779] [bmv2] [D] [thread 8893] [6.0] [cxt 0] Deparser 'deparser': end
[14:27:04.779] [bmv2] [D] [thread 8897] [6.0] [cxt 0] Transmitting packet of size 70 out of port 0
[14:27:04.789] [bmv2] [D] [thread 8892] [7.0] [cxt 0] Processing packet received on port 1
[14:27:04.789] [bmv2] [D] [thread 8892] [7.0] [cxt 0] Parser 'parser': start
[14:27:04.789] [bmv2] [D] [thread 8892] [7.0] [cxt 0] Parser 'parser' entering state 'start'
[14:27:04.789] [bmv2] [D] [thread 8892] [7.0] [cxt 0] Extracting header 'ethernet'
[14:27:04.789] [bmv2] [D] [thread 8892] [7.0] [cxt 0] Parser state 'start': key is 86dd
[14:27:04.789] [bmv2] [T] [thread 8892] [7.0] [cxt 0] Bytes parsed: 14
[14:27:04.789] [bmv2] [D] [thread 8892] [7.0] [cxt 0] Parser 'parser': end
[14:27:04.789] [bmv2] [D] [thread 8892] [7.0] [cxt 0] Pipeline 'ingress': start
[14:27:04.789] [bmv2] [T] [thread 8892] [7.0] [cxt 0] basic.p4(125) Condition "hdr.gvt.isValid()" (node_2) is false
[14:27:04.789] [bmv2] [D] [thread 8892] [7.0] [cxt 0] Pipeline 'ingress': end
[14:27:04.789] [bmv2] [D] [thread 8892] [7.0] [cxt 0] Egress port is 0
[14:27:04.789] [bmv2] [D] [thread 8893] [7.0] [cxt 0] Pipeline 'egress': start
[14:27:04.789] [bmv2] [D] [thread 8893] [7.0] [cxt 0] Pipeline 'egress': end
[14:27:04.789] [bmv2] [D] [thread 8893] [7.0] [cxt 0] Deparser 'deparser': start
[14:27:04.789] [bmv2] [T] [thread 8893] [7.0] [cxt 0] Skipping checksum 'cksum' update because condition not met
[14:27:04.789] [bmv2] [D] [thread 8893] [7.0] [cxt 0] Deparsing header 'ethernet'
[14:27:04.789] [bmv2] [D] [thread 8893] [7.0] [cxt 0] Deparser 'deparser': end
[14:27:04.789] [bmv2] [D] [thread 8897] [7.0] [cxt 0] Transmitting packet of size 90 out of port 0
[14:27:04.886] [bmv2] [D] [thread 8892] [8.0] [cxt 0] Processing packet received on port 4
[14:27:04.886] [bmv2] [D] [thread 8892] [8.0] [cxt 0] Parser 'parser': start
[14:27:04.886] [bmv2] [D] [thread 8892] [8.0] [cxt 0] Parser 'parser' entering state 'start'
[14:27:04.886] [bmv2] [D] [thread 8892] [8.0] [cxt 0] Extracting header 'ethernet'
[14:27:04.886] [bmv2] [D] [thread 8892] [8.0] [cxt 0] Parser state 'start': key is 86dd
[14:27:04.886] [bmv2] [T] [thread 8892] [8.0] [cxt 0] Bytes parsed: 14
[14:27:04.886] [bmv2] [D] [thread 8892] [8.0] [cxt 0] Parser 'parser': end
[14:27:04.886] [bmv2] [D] [thread 8892] [8.0] [cxt 0] Pipeline 'ingress': start
[14:27:04.886] [bmv2] [T] [thread 8892] [8.0] [cxt 0] basic.p4(125) Condition "hdr.gvt.isValid()" (node_2) is false
[14:27:04.886] [bmv2] [D] [thread 8892] [8.0] [cxt 0] Pipeline 'ingress': end
[14:27:04.886] [bmv2] [D] [thread 8892] [8.0] [cxt 0] Egress port is 0
[14:27:04.886] [bmv2] [D] [thread 8892] [9.0] [cxt 0] Processing packet received on port 4
[14:27:04.886] [bmv2] [D] [thread 8892] [9.0] [cxt 0] Parser 'parser': start
[14:27:04.886] [bmv2] [D] [thread 8892] [9.0] [cxt 0] Parser 'parser' entering state 'start'
[14:27:04.886] [bmv2] [D] [thread 8892] [9.0] [cxt 0] Extracting header 'ethernet'
[14:27:04.886] [bmv2] [D] [thread 8892] [9.0] [cxt 0] Parser state 'start': key is 86dd
[14:27:04.886] [bmv2] [T] [thread 8892] [9.0] [cxt 0] Bytes parsed: 14
[14:27:04.886] [bmv2] [D] [thread 8892] [9.0] [cxt 0] Parser 'parser': end
[14:27:04.886] [bmv2] [D] [thread 8892] [9.0] [cxt 0] Pipeline 'ingress': start
[14:27:04.886] [bmv2] [T] [thread 8892] [9.0] [cxt 0] basic.p4(125) Condition "hdr.gvt.isValid()" (node_2) is false
[14:27:04.886] [bmv2] [D] [thread 8892] [9.0] [cxt 0] Pipeline 'ingress': end
[14:27:04.886] [bmv2] [D] [thread 8892] [9.0] [cxt 0] Egress port is 0
[14:27:04.886] [bmv2] [D] [thread 8893] [8.0] [cxt 0] Pipeline 'egress': start
[14:27:04.886] [bmv2] [D] [thread 8893] [8.0] [cxt 0] Pipeline 'egress': end
[14:27:04.886] [bmv2] [D] [thread 8893] [8.0] [cxt 0] Deparser 'deparser': start
[14:27:04.886] [bmv2] [T] [thread 8893] [8.0] [cxt 0] Skipping checksum 'cksum' update because condition not met
[14:27:04.886] [bmv2] [D] [thread 8893] [8.0] [cxt 0] Deparsing header 'ethernet'
[14:27:04.886] [bmv2] [D] [thread 8893] [8.0] [cxt 0] Deparser 'deparser': end
[14:27:04.886] [bmv2] [D] [thread 8893] [9.0] [cxt 0] Pipeline 'egress': start
[14:27:04.886] [bmv2] [D] [thread 8893] [9.0] [cxt 0] Pipeline 'egress': end
[14:27:04.886] [bmv2] [D] [thread 8893] [9.0] [cxt 0] Deparser 'deparser': start
[14:27:04.886] [bmv2] [T] [thread 8893] [9.0] [cxt 0] Skipping checksum 'cksum' update because condition not met
[14:27:04.886] [bmv2] [D] [thread 8893] [9.0] [cxt 0] Deparsing header 'ethernet'
[14:27:04.886] [bmv2] [D] [thread 8893] [9.0] [cxt 0] Deparser 'deparser': end
[14:27:04.886] [bmv2] [D] [thread 8897] [8.0] [cxt 0] Transmitting packet of size 90 out of port 0
[14:27:04.886] [bmv2] [D] [thread 8897] [9.0] [cxt 0] Transmitting packet of size 70 out of port 0
[14:27:04.993] [bmv2] [D] [thread 8892] [10.0] [cxt 0] Processing packet received on port 5
[14:27:04.993] [bmv2] [D] [thread 8892] [10.0] [cxt 0] Parser 'parser': start
[14:27:04.993] [bmv2] [D] [thread 8892] [10.0] [cxt 0] Parser 'parser' entering state 'start'
[14:27:04.993] [bmv2] [D] [thread 8892] [10.0] [cxt 0] Extracting header 'ethernet'
[14:27:04.993] [bmv2] [D] [thread 8892] [10.0] [cxt 0] Parser state 'start': key is 86dd
[14:27:04.993] [bmv2] [T] [thread 8892] [10.0] [cxt 0] Bytes parsed: 14
[14:27:04.993] [bmv2] [D] [thread 8892] [10.0] [cxt 0] Parser 'parser': end
[14:27:04.993] [bmv2] [D] [thread 8892] [10.0] [cxt 0] Pipeline 'ingress': start
[14:27:04.993] [bmv2] [T] [thread 8892] [10.0] [cxt 0] basic.p4(125) Condition "hdr.gvt.isValid()" (node_2) is false
[14:27:04.993] [bmv2] [D] [thread 8892] [10.0] [cxt 0] Pipeline 'ingress': end
[14:27:04.993] [bmv2] [D] [thread 8892] [10.0] [cxt 0] Egress port is 0
[14:27:04.993] [bmv2] [D] [thread 8893] [10.0] [cxt 0] Pipeline 'egress': start
[14:27:04.993] [bmv2] [D] [thread 8893] [10.0] [cxt 0] Pipeline 'egress': end
[14:27:04.993] [bmv2] [D] [thread 8893] [10.0] [cxt 0] Deparser 'deparser': start
[14:27:04.993] [bmv2] [T] [thread 8893] [10.0] [cxt 0] Skipping checksum 'cksum' update because condition not met
[14:27:04.993] [bmv2] [D] [thread 8893] [10.0] [cxt 0] Deparsing header 'ethernet'
[14:27:04.993] [bmv2] [D] [thread 8893] [10.0] [cxt 0] Deparser 'deparser': end
[14:27:04.993] [bmv2] [D] [thread 8897] [10.0] [cxt 0] Transmitting packet of size 90 out of port 0
[14:27:05.379] [bmv2] [D] [thread 8892] [11.0] [cxt 0] Processing packet received on port 4
[14:27:05.380] [bmv2] [D] [thread 8892] [11.0] [cxt 0] Parser 'parser': start
[14:27:05.380] [bmv2] [D] [thread 8892] [11.0] [cxt 0] Parser 'parser' entering state 'start'
[14:27:05.380] [bmv2] [D] [thread 8892] [11.0] [cxt 0] Extracting header 'ethernet'
[14:27:05.380] [bmv2] [D] [thread 8892] [11.0] [cxt 0] Parser state 'start': key is 86dd
[14:27:05.380] [bmv2] [T] [thread 8892] [11.0] [cxt 0] Bytes parsed: 14
[14:27:05.380] [bmv2] [D] [thread 8892] [11.0] [cxt 0] Parser 'parser': end
[14:27:05.380] [bmv2] [D] [thread 8892] [11.0] [cxt 0] Pipeline 'ingress': start
[14:27:05.380] [bmv2] [T] [thread 8892] [11.0] [cxt 0] basic.p4(125) Condition "hdr.gvt.isValid()" (node_2) is false
[14:27:05.380] [bmv2] [D] [thread 8892] [11.0] [cxt 0] Pipeline 'ingress': end
[14:27:05.380] [bmv2] [D] [thread 8892] [11.0] [cxt 0] Egress port is 0
[14:27:05.380] [bmv2] [D] [thread 8893] [11.0] [cxt 0] Pipeline 'egress': start
[14:27:05.380] [bmv2] [D] [thread 8893] [11.0] [cxt 0] Pipeline 'egress': end
[14:27:05.380] [bmv2] [D] [thread 8893] [11.0] [cxt 0] Deparser 'deparser': start
[14:27:05.380] [bmv2] [T] [thread 8893] [11.0] [cxt 0] Skipping checksum 'cksum' update because condition not met
[14:27:05.380] [bmv2] [D] [thread 8893] [11.0] [cxt 0] Deparsing header 'ethernet'
[14:27:05.380] [bmv2] [D] [thread 8893] [11.0] [cxt 0] Deparser 'deparser': end
[14:27:05.380] [bmv2] [D] [thread 8897] [11.0] [cxt 0] Transmitting packet of size 90 out of port 0
New connection
P4Runtime SetForwardingPipelineConfig
[14:27:05.606] [bmv2] [W] [thread 8911] [P4Runtime] p4::tmp::P4DeviceConfig is deprecated
[14:27:05.608] [bmv2] [D] [thread 8911] Set default default entry for table 'tbl_act': act - 
[14:27:05.608] [bmv2] [D] [thread 8911] Set default default entry for table 'MyIngress.set_destination': NoAction - 
[14:27:05.608] [bmv2] [D] [thread 8911] Set default default entry for table 'tbl_act_0': act_1 - 
[14:27:05.608] [bmv2] [D] [thread 8911] Set default default entry for table 'tbl_act_1': act_0 - 
[14:27:05.608] [bmv2] [D] [thread 8911] Set default default entry for table 'tbl_drop': MyIngress.drop - 
[14:27:05.608] [bmv2] [D] [thread 8911] Set default default entry for table 'tbl_act_2': act_3 - 
[14:27:05.608] [bmv2] [D] [thread 8911] Set default default entry for table 'tbl_act_3': act_2 - 
[14:27:05.608] [bmv2] [D] [thread 8911] Set default default entry for table 'tbl_multicast': MyIngress.multicast - 
[14:27:05.608] [bmv2] [D] [thread 8911] Set default default entry for table 'tbl_act_4': act_4 - 
[14:27:05.608] [bmv2] [D] [thread 8911] Set default default entry for table 'MyIngress.this_switch': NoAction - 
[14:27:05.609] [bmv2] [D] [thread 8911] Set default default entry for table 'tbl_multicast_0': MyIngress.multicast - 
[14:27:05.609] [bmv2] [D] [thread 8911] Set default default entry for table 'tbl_act_5': act_5 - 
[14:27:05.609] [bmv2] [D] [thread 8911] Set default default entry for table 'MyIngress.set_switch_dest': NoAction - 
[14:27:05.609] [bmv2] [D] [thread 8911] Set default default entry for table 'tbl_act_6': act_7 - 
[14:27:05.609] [bmv2] [D] [thread 8911] Set default default entry for table 'tbl_act_7': act_6 - 
[14:27:05.609] [bmv2] [D] [thread 8911] Set default default entry for table 'tbl_multicast_1': MyIngress.multicast - 
[14:27:05.609] [bmv2] [D] [thread 8911] Set default default entry for table 'tbl_act_8': act_8 - 
[14:27:05.609] [bmv2] [D] [thread 8911] Set default default entry for table 'tbl_act_9': act_10 - 
[14:27:05.609] [bmv2] [D] [thread 8911] Set default default entry for table 'tbl_act_10': act_9 - 
[14:27:05.609] [bmv2] [D] [thread 8911] Set default default entry for table 'tbl_act_11': act_15 - 
[14:27:05.609] [bmv2] [D] [thread 8911] Set default default entry for table 'tbl_act_12': act_13 - 
[14:27:05.609] [bmv2] [D] [thread 8911] Set default default entry for table 'tbl_act_13': act_11 - 
[14:27:05.609] [bmv2] [D] [thread 8911] Set default default entry for table 'MyIngress.set_primary': NoAction - 
[14:27:05.609] [bmv2] [D] [thread 8911] Set default default entry for table 'tbl_act_14': act_12 - 
[14:27:05.609] [bmv2] [D] [thread 8911] Set default default entry for table 'MyIngress.this_switch_2': NoAction - 
[14:27:05.609] [bmv2] [D] [thread 8911] Set default default entry for table 'tbl_multicast_2': MyIngress.multicast - 
[14:27:05.609] [bmv2] [D] [thread 8911] Set default default entry for table 'tbl_act_15': act_14 - 
P4Runtime Write
device_id: 2
election_id {
  low: 1
}
updates {
  type: INSERT
  entity {
    table_entry {
      table_id: 33555362
      match {
        field_id: 1
        exact {
          value: "\000\000\000\000"
        }
      }
      action {
        action {
          action_id: 16833306
          params {
            param_id: 1
            value: "\000\001"
          }
        }
      }
    }
  }
}
[14:27:05.613] [bmv2] [D] [thread 8911] Entry 0 added to table 'MyIngress.set_destination'
[14:27:05.613] [bmv2] [D] [thread 8911] Dumping entry 0
Match key:
* hdr.gvt.pid         : EXACT     00000000
Action entry: MyIngress.send_message - 1,

P4Runtime Write
device_id: 2
election_id {
  low: 1
}
updates {
  type: INSERT
  entity {
    table_entry {
      table_id: 33555362
      match {
        field_id: 1
        exact {
          value: "\000\000\000\001"
        }
      }
      action {
        action {
          action_id: 16833306
          params {
            param_id: 1
            value: "\000\002"
          }
        }
      }
    }
  }
}
[14:27:05.614] [bmv2] [D] [thread 8911] Entry 1 added to table 'MyIngress.set_destination'
[14:27:05.614] [bmv2] [D] [thread 8911] Dumping entry 1
Match key:
* hdr.gvt.pid         : EXACT     00000001
Action entry: MyIngress.send_message - 2,

P4Runtime Write
device_id: 2
election_id {
  low: 1
}
updates {
  type: INSERT
  entity {
    table_entry {
      table_id: 33611871
      match {
        field_id: 1
        exact {
          value: "\000\000\000\001"
        }
      }
      action {
        action {
          action_id: 16822165
          params {
            param_id: 1
            value: "\000\004"
          }
        }
      }
    }
  }
}
[14:27:05.615] [bmv2] [D] [thread 8911] Entry 0 added to table 'MyIngress.set_primary'
[14:27:05.615] [bmv2] [D] [thread 8911] Dumping entry 0
Match key:
* meta.primary        : EXACT     00000001
Action entry: MyIngress.answer_replica - 4,

P4Runtime Write
device_id: 2
election_id {
  low: 1
}
updates {
  type: INSERT
  entity {
    table_entry {
      table_id: 33611871
      match {
        field_id: 1
        exact {
          value: "\000\000\000\002"
        }
      }
      action {
        action {
          action_id: 16822165
          params {
            param_id: 1
            value: "\000\005"
          }
        }
      }
    }
  }
}
[14:27:05.616] [bmv2] [D] [thread 8911] Entry 1 added to table 'MyIngress.set_primary'
[14:27:05.616] [bmv2] [D] [thread 8911] Dumping entry 1
Match key:
* meta.primary        : EXACT     00000002
Action entry: MyIngress.answer_replica - 5,

P4Runtime Write
device_id: 2
election_id {
  low: 1
}
updates {
  type: INSERT
  entity {
    table_entry {
      table_id: 33573619
      match {
        field_id: 1
        exact {
          value: "\000\000\000\000"
        }
      }
      action {
        action {
          action_id: 16803558
          params {
            param_id: 1
            value: "\000\000\000\003"
          }
        }
      }
    }
  }
}
[14:27:05.617] [bmv2] [D] [thread 8911] Entry 0 added to table 'MyIngress.this_switch'
[14:27:05.617] [bmv2] [D] [thread 8911] Dumping entry 0
Match key:
* hdr.gvt.sid         : EXACT     00000000
Action entry: MyIngress.set_id - 3,

P4Runtime Write
device_id: 2
election_id {
  low: 1
}
updates {
  type: INSERT
  entity {
    table_entry {
      table_id: 33572132
      match {
        field_id: 1
        exact {
          value: "\000\000\000\002"
        }
      }
      action {
        action {
          action_id: 16833306
          params {
            param_id: 1
            value: "\000\005"
          }
        }
      }
    }
  }
}
[14:27:05.618] [bmv2] [D] [thread 8911] Entry 0 added to table 'MyIngress.set_switch_dest'
[14:27:05.618] [bmv2] [D] [thread 8911] Dumping entry 0
Match key:
* hdr.gvt.sid         : EXACT     00000002
Action entry: MyIngress.send_message - 5,

P4Runtime Write
device_id: 2
election_id {
  low: 1
}
updates {
  type: INSERT
  entity {
    packet_replication_engine_entry {
      multicast_group_entry {
        multicast_group_id: 1
        replicas {
          egress_port: 1
          instance: 1
        }
        replicas {
          egress_port: 2
          instance: 1
        }
      }
    }
  }
}
[14:27:05.618] [bmv2] [D] [thread 8911] mgrp node created for mgid 1
[14:27:05.618] [bmv2] [D] [thread 8911] node created for rid 1
[14:27:05.618] [bmv2] [D] [thread 8911] node associated with mgid 1
P4Runtime Write
device_id: 2
election_id {
  low: 1
}
updates {
  type: INSERT
  entity {
    packet_replication_engine_entry {
      multicast_group_entry {
        multicast_group_id: 2
        replicas {
          egress_port: 4
          instance: 1
        }
        replicas {
          egress_port: 5
          instance: 1
        }
      }
    }
  }
}
[14:27:05.619] [bmv2] [D] [thread 8911] mgrp node created for mgid 2
[14:27:05.619] [bmv2] [D] [thread 8911] node created for rid 1
[14:27:05.619] [bmv2] [D] [thread 8911] node associated with mgid 2
Connection removed
[14:27:05.648] [bmv2] [D] [thread 8892] [12.0] [cxt 0] Processing packet received on port 2
[14:27:05.648] [bmv2] [D] [thread 8892] [12.0] [cxt 0] Parser 'parser': start
[14:27:05.648] [bmv2] [D] [thread 8892] [12.0] [cxt 0] Parser 'parser' entering state 'start'
[14:27:05.648] [bmv2] [D] [thread 8892] [12.0] [cxt 0] Extracting header 'ethernet'
[14:27:05.648] [bmv2] [D] [thread 8892] [12.0] [cxt 0] Parser state 'start': key is 86dd
[14:27:05.648] [bmv2] [T] [thread 8892] [12.0] [cxt 0] Bytes parsed: 14
[14:27:05.648] [bmv2] [D] [thread 8892] [12.0] [cxt 0] Parser 'parser': end
[14:27:05.648] [bmv2] [D] [thread 8892] [12.0] [cxt 0] Pipeline 'ingress': start
[14:27:05.648] [bmv2] [T] [thread 8892] [12.0] [cxt 0] basic.p4(125) Condition "hdr.gvt.isValid()" (node_2) is false
[14:27:05.648] [bmv2] [D] [thread 8892] [12.0] [cxt 0] Pipeline 'ingress': end
[14:27:05.648] [bmv2] [D] [thread 8892] [12.0] [cxt 0] Egress port is 0
[14:27:05.649] [bmv2] [D] [thread 8893] [12.0] [cxt 0] Pipeline 'egress': start
[14:27:05.649] [bmv2] [D] [thread 8893] [12.0] [cxt 0] Pipeline 'egress': end
[14:27:05.649] [bmv2] [D] [thread 8893] [12.0] [cxt 0] Deparser 'deparser': start
[14:27:05.649] [bmv2] [T] [thread 8893] [12.0] [cxt 0] Skipping checksum 'cksum' update because condition not met
[14:27:05.649] [bmv2] [D] [thread 8893] [12.0] [cxt 0] Deparsing header 'ethernet'
[14:27:05.649] [bmv2] [D] [thread 8893] [12.0] [cxt 0] Deparser 'deparser': end
[14:27:05.649] [bmv2] [D] [thread 8897] [12.0] [cxt 0] Transmitting packet of size 90 out of port 0
[14:27:07.987] [bmv2] [D] [thread 8892] [13.0] [cxt 0] Processing packet received on port 5
[14:27:07.987] [bmv2] [D] [thread 8892] [13.0] [cxt 0] Parser 'parser': start
[14:27:07.987] [bmv2] [D] [thread 8892] [13.0] [cxt 0] Parser 'parser' entering state 'start'
[14:27:07.987] [bmv2] [D] [thread 8892] [13.0] [cxt 0] Extracting header 'ethernet'
[14:27:07.987] [bmv2] [D] [thread 8892] [13.0] [cxt 0] Parser state 'start': key is 86dd
[14:27:07.987] [bmv2] [T] [thread 8892] [13.0] [cxt 0] Bytes parsed: 14
[14:27:07.987] [bmv2] [D] [thread 8892] [13.0] [cxt 0] Parser 'parser': end
[14:27:07.987] [bmv2] [D] [thread 8892] [13.0] [cxt 0] Pipeline 'ingress': start
[14:27:07.987] [bmv2] [T] [thread 8892] [13.0] [cxt 0] basic.p4(125) Condition "hdr.gvt.isValid()" (node_2) is false
[14:27:07.987] [bmv2] [D] [thread 8892] [13.0] [cxt 0] Pipeline 'ingress': end
[14:27:07.987] [bmv2] [D] [thread 8892] [13.0] [cxt 0] Egress port is 0
[14:27:07.987] [bmv2] [D] [thread 8893] [13.0] [cxt 0] Pipeline 'egress': start
[14:27:07.987] [bmv2] [D] [thread 8893] [13.0] [cxt 0] Pipeline 'egress': end
[14:27:07.987] [bmv2] [D] [thread 8893] [13.0] [cxt 0] Deparser 'deparser': start
[14:27:07.987] [bmv2] [T] [thread 8893] [13.0] [cxt 0] Skipping checksum 'cksum' update because condition not met
[14:27:07.987] [bmv2] [D] [thread 8893] [13.0] [cxt 0] Deparsing header 'ethernet'
[14:27:07.987] [bmv2] [D] [thread 8893] [13.0] [cxt 0] Deparser 'deparser': end
[14:27:07.987] [bmv2] [D] [thread 8897] [13.0] [cxt 0] Transmitting packet of size 70 out of port 0
[14:27:08.053] [bmv2] [D] [thread 8892] [14.0] [cxt 0] Processing packet received on port 1
[14:27:08.053] [bmv2] [D] [thread 8892] [14.0] [cxt 0] Parser 'parser': start
[14:27:08.053] [bmv2] [D] [thread 8892] [14.0] [cxt 0] Parser 'parser' entering state 'start'
[14:27:08.053] [bmv2] [D] [thread 8892] [14.0] [cxt 0] Extracting header 'ethernet'
[14:27:08.053] [bmv2] [D] [thread 8892] [14.0] [cxt 0] Parser state 'start': key is 86dd
[14:27:08.053] [bmv2] [T] [thread 8892] [14.0] [cxt 0] Bytes parsed: 14
[14:27:08.053] [bmv2] [D] [thread 8892] [14.0] [cxt 0] Parser 'parser': end
[14:27:08.053] [bmv2] [D] [thread 8892] [14.0] [cxt 0] Pipeline 'ingress': start
[14:27:08.053] [bmv2] [T] [thread 8892] [14.0] [cxt 0] basic.p4(125) Condition "hdr.gvt.isValid()" (node_2) is false
[14:27:08.053] [bmv2] [D] [thread 8892] [14.0] [cxt 0] Pipeline 'ingress': end
[14:27:08.053] [bmv2] [D] [thread 8892] [14.0] [cxt 0] Egress port is 0
[14:27:08.053] [bmv2] [D] [thread 8893] [14.0] [cxt 0] Pipeline 'egress': start
[14:27:08.053] [bmv2] [D] [thread 8893] [14.0] [cxt 0] Pipeline 'egress': end
[14:27:08.053] [bmv2] [D] [thread 8893] [14.0] [cxt 0] Deparser 'deparser': start
[14:27:08.053] [bmv2] [T] [thread 8893] [14.0] [cxt 0] Skipping checksum 'cksum' update because condition not met
[14:27:08.053] [bmv2] [D] [thread 8893] [14.0] [cxt 0] Deparsing header 'ethernet'
[14:27:08.053] [bmv2] [D] [thread 8893] [14.0] [cxt 0] Deparser 'deparser': end
[14:27:08.053] [bmv2] [D] [thread 8897] [14.0] [cxt 0] Transmitting packet of size 70 out of port 0
[14:27:08.146] [bmv2] [D] [thread 8892] [15.0] [cxt 0] Processing packet received on port 4
[14:27:08.146] [bmv2] [D] [thread 8892] [15.0] [cxt 0] Parser 'parser': start
[14:27:08.146] [bmv2] [D] [thread 8892] [15.0] [cxt 0] Parser 'parser' entering state 'start'
[14:27:08.146] [bmv2] [D] [thread 8892] [15.0] [cxt 0] Extracting header 'ethernet'
[14:27:08.146] [bmv2] [D] [thread 8892] [15.0] [cxt 0] Parser state 'start': key is 86dd
[14:27:08.146] [bmv2] [T] [thread 8892] [15.0] [cxt 0] Bytes parsed: 14
[14:27:08.146] [bmv2] [D] [thread 8892] [15.0] [cxt 0] Parser 'parser': end
[14:27:08.146] [bmv2] [D] [thread 8892] [15.0] [cxt 0] Pipeline 'ingress': start
[14:27:08.146] [bmv2] [T] [thread 8892] [15.0] [cxt 0] basic.p4(125) Condition "hdr.gvt.isValid()" (node_2) is false
[14:27:08.146] [bmv2] [D] [thread 8892] [15.0] [cxt 0] Pipeline 'ingress': end
[14:27:08.146] [bmv2] [D] [thread 8892] [15.0] [cxt 0] Egress port is 0
[14:27:08.146] [bmv2] [D] [thread 8893] [15.0] [cxt 0] Pipeline 'egress': start
[14:27:08.146] [bmv2] [D] [thread 8893] [15.0] [cxt 0] Pipeline 'egress': end
[14:27:08.146] [bmv2] [D] [thread 8893] [15.0] [cxt 0] Deparser 'deparser': start
[14:27:08.146] [bmv2] [T] [thread 8893] [15.0] [cxt 0] Skipping checksum 'cksum' update because condition not met
[14:27:08.146] [bmv2] [D] [thread 8893] [15.0] [cxt 0] Deparsing header 'ethernet'
[14:27:08.146] [bmv2] [D] [thread 8893] [15.0] [cxt 0] Deparser 'deparser': end
[14:27:08.146] [bmv2] [D] [thread 8897] [15.0] [cxt 0] Transmitting packet of size 70 out of port 0
[14:27:08.578] [bmv2] [D] [thread 8892] [16.0] [cxt 0] Processing packet received on port 5
[14:27:08.578] [bmv2] [D] [thread 8892] [16.0] [cxt 0] Parser 'parser': start
[14:27:08.578] [bmv2] [D] [thread 8892] [16.0] [cxt 0] Parser 'parser' entering state 'start'
[14:27:08.578] [bmv2] [D] [thread 8892] [16.0] [cxt 0] Extracting header 'ethernet'
[14:27:08.578] [bmv2] [D] [thread 8892] [16.0] [cxt 0] Parser state 'start': key is 86dd
[14:27:08.578] [bmv2] [T] [thread 8892] [16.0] [cxt 0] Bytes parsed: 14
[14:27:08.578] [bmv2] [D] [thread 8892] [16.0] [cxt 0] Parser 'parser': end
[14:27:08.578] [bmv2] [D] [thread 8892] [16.0] [cxt 0] Pipeline 'ingress': start
[14:27:08.578] [bmv2] [T] [thread 8892] [16.0] [cxt 0] basic.p4(125) Condition "hdr.gvt.isValid()" (node_2) is false
[14:27:08.578] [bmv2] [D] [thread 8892] [16.0] [cxt 0] Pipeline 'ingress': end
[14:27:08.578] [bmv2] [D] [thread 8892] [16.0] [cxt 0] Egress port is 0
[14:27:08.578] [bmv2] [D] [thread 8893] [16.0] [cxt 0] Pipeline 'egress': start
[14:27:08.578] [bmv2] [D] [thread 8893] [16.0] [cxt 0] Pipeline 'egress': end
[14:27:08.578] [bmv2] [D] [thread 8893] [16.0] [cxt 0] Deparser 'deparser': start
[14:27:08.578] [bmv2] [T] [thread 8893] [16.0] [cxt 0] Skipping checksum 'cksum' update because condition not met
[14:27:08.578] [bmv2] [D] [thread 8893] [16.0] [cxt 0] Deparsing header 'ethernet'
[14:27:08.578] [bmv2] [D] [thread 8893] [16.0] [cxt 0] Deparser 'deparser': end
[14:27:08.578] [bmv2] [D] [thread 8897] [16.0] [cxt 0] Transmitting packet of size 70 out of port 0
[14:27:08.788] [bmv2] [D] [thread 8892] [17.0] [cxt 0] Processing packet received on port 2
[14:27:08.788] [bmv2] [D] [thread 8892] [17.0] [cxt 0] Parser 'parser': start
[14:27:08.788] [bmv2] [D] [thread 8892] [17.0] [cxt 0] Parser 'parser' entering state 'start'
[14:27:08.788] [bmv2] [D] [thread 8892] [17.0] [cxt 0] Extracting header 'ethernet'
[14:27:08.788] [bmv2] [D] [thread 8892] [17.0] [cxt 0] Parser state 'start': key is 86dd
[14:27:08.788] [bmv2] [T] [thread 8892] [17.0] [cxt 0] Bytes parsed: 14
[14:27:08.788] [bmv2] [D] [thread 8892] [17.0] [cxt 0] Parser 'parser': end
[14:27:08.788] [bmv2] [D] [thread 8892] [17.0] [cxt 0] Pipeline 'ingress': start
[14:27:08.788] [bmv2] [T] [thread 8892] [17.0] [cxt 0] basic.p4(125) Condition "hdr.gvt.isValid()" (node_2) is false
[14:27:08.788] [bmv2] [D] [thread 8892] [17.0] [cxt 0] Pipeline 'ingress': end
[14:27:08.788] [bmv2] [D] [thread 8892] [17.0] [cxt 0] Egress port is 0
[14:27:08.788] [bmv2] [D] [thread 8893] [17.0] [cxt 0] Pipeline 'egress': start
[14:27:08.788] [bmv2] [D] [thread 8893] [17.0] [cxt 0] Pipeline 'egress': end
[14:27:08.788] [bmv2] [D] [thread 8893] [17.0] [cxt 0] Deparser 'deparser': start
[14:27:08.788] [bmv2] [T] [thread 8893] [17.0] [cxt 0] Skipping checksum 'cksum' update because condition not met
[14:27:08.788] [bmv2] [D] [thread 8893] [17.0] [cxt 0] Deparsing header 'ethernet'
[14:27:08.789] [bmv2] [D] [thread 8893] [17.0] [cxt 0] Deparser 'deparser': end
[14:27:08.789] [bmv2] [D] [thread 8897] [17.0] [cxt 0] Transmitting packet of size 70 out of port 0
[14:27:08.897] [bmv2] [D] [thread 8892] [18.0] [cxt 0] Processing packet received on port 4
[14:27:08.897] [bmv2] [D] [thread 8892] [18.0] [cxt 0] Parser 'parser': start
[14:27:08.897] [bmv2] [D] [thread 8892] [18.0] [cxt 0] Parser 'parser' entering state 'start'
[14:27:08.898] [bmv2] [D] [thread 8892] [18.0] [cxt 0] Extracting header 'ethernet'
[14:27:08.898] [bmv2] [D] [thread 8892] [18.0] [cxt 0] Parser state 'start': key is 86dd
[14:27:08.898] [bmv2] [T] [thread 8892] [18.0] [cxt 0] Bytes parsed: 14
[14:27:08.898] [bmv2] [D] [thread 8892] [18.0] [cxt 0] Parser 'parser': end
[14:27:08.898] [bmv2] [D] [thread 8892] [18.0] [cxt 0] Pipeline 'ingress': start
[14:27:08.898] [bmv2] [T] [thread 8892] [18.0] [cxt 0] basic.p4(125) Condition "hdr.gvt.isValid()" (node_2) is false
[14:27:08.898] [bmv2] [D] [thread 8892] [18.0] [cxt 0] Pipeline 'ingress': end
[14:27:08.898] [bmv2] [D] [thread 8892] [18.0] [cxt 0] Egress port is 0
[14:27:08.898] [bmv2] [D] [thread 8893] [18.0] [cxt 0] Pipeline 'egress': start
[14:27:08.898] [bmv2] [D] [thread 8893] [18.0] [cxt 0] Pipeline 'egress': end
[14:27:08.898] [bmv2] [D] [thread 8893] [18.0] [cxt 0] Deparser 'deparser': start
[14:27:08.898] [bmv2] [T] [thread 8893] [18.0] [cxt 0] Skipping checksum 'cksum' update because condition not met
[14:27:08.898] [bmv2] [D] [thread 8893] [18.0] [cxt 0] Deparsing header 'ethernet'
[14:27:08.898] [bmv2] [D] [thread 8893] [18.0] [cxt 0] Deparser 'deparser': end
[14:27:08.898] [bmv2] [D] [thread 8897] [18.0] [cxt 0] Transmitting packet of size 70 out of port 0
[14:27:11.993] [bmv2] [D] [thread 8892] [19.0] [cxt 0] Processing packet received on port 5
[14:27:11.993] [bmv2] [D] [thread 8892] [19.0] [cxt 0] Parser 'parser': start
[14:27:11.993] [bmv2] [D] [thread 8892] [19.0] [cxt 0] Parser 'parser' entering state 'start'
[14:27:11.993] [bmv2] [D] [thread 8892] [19.0] [cxt 0] Extracting header 'ethernet'
[14:27:11.993] [bmv2] [D] [thread 8892] [19.0] [cxt 0] Parser state 'start': key is 86dd
[14:27:11.993] [bmv2] [T] [thread 8892] [19.0] [cxt 0] Bytes parsed: 14
[14:27:11.993] [bmv2] [D] [thread 8892] [19.0] [cxt 0] Parser 'parser': end
[14:27:11.993] [bmv2] [D] [thread 8892] [19.0] [cxt 0] Pipeline 'ingress': start
[14:27:11.993] [bmv2] [T] [thread 8892] [19.0] [cxt 0] basic.p4(125) Condition "hdr.gvt.isValid()" (node_2) is false
[14:27:11.993] [bmv2] [D] [thread 8892] [19.0] [cxt 0] Pipeline 'ingress': end
[14:27:11.993] [bmv2] [D] [thread 8892] [19.0] [cxt 0] Egress port is 0
[14:27:11.994] [bmv2] [D] [thread 8893] [19.0] [cxt 0] Pipeline 'egress': start
[14:27:11.994] [bmv2] [D] [thread 8893] [19.0] [cxt 0] Pipeline 'egress': end
[14:27:11.994] [bmv2] [D] [thread 8893] [19.0] [cxt 0] Deparser 'deparser': start
[14:27:11.994] [bmv2] [T] [thread 8893] [19.0] [cxt 0] Skipping checksum 'cksum' update because condition not met
[14:27:11.994] [bmv2] [D] [thread 8893] [19.0] [cxt 0] Deparsing header 'ethernet'
[14:27:11.994] [bmv2] [D] [thread 8893] [19.0] [cxt 0] Deparser 'deparser': end
[14:27:11.994] [bmv2] [D] [thread 8897] [19.0] [cxt 0] Transmitting packet of size 70 out of port 0
[14:27:12.057] [bmv2] [D] [thread 8892] [20.0] [cxt 0] Processing packet received on port 1
[14:27:12.057] [bmv2] [D] [thread 8892] [20.0] [cxt 0] Parser 'parser': start
[14:27:12.057] [bmv2] [D] [thread 8892] [20.0] [cxt 0] Parser 'parser' entering state 'start'
[14:27:12.057] [bmv2] [D] [thread 8892] [20.0] [cxt 0] Extracting header 'ethernet'
[14:27:12.057] [bmv2] [D] [thread 8892] [20.0] [cxt 0] Parser state 'start': key is 86dd
[14:27:12.057] [bmv2] [T] [thread 8892] [20.0] [cxt 0] Bytes parsed: 14
[14:27:12.057] [bmv2] [D] [thread 8892] [20.0] [cxt 0] Parser 'parser': end
[14:27:12.057] [bmv2] [D] [thread 8892] [20.0] [cxt 0] Pipeline 'ingress': start
[14:27:12.057] [bmv2] [T] [thread 8892] [20.0] [cxt 0] basic.p4(125) Condition "hdr.gvt.isValid()" (node_2) is false
[14:27:12.057] [bmv2] [D] [thread 8892] [20.0] [cxt 0] Pipeline 'ingress': end
[14:27:12.057] [bmv2] [D] [thread 8892] [20.0] [cxt 0] Egress port is 0
[14:27:12.057] [bmv2] [D] [thread 8893] [20.0] [cxt 0] Pipeline 'egress': start
[14:27:12.057] [bmv2] [D] [thread 8893] [20.0] [cxt 0] Pipeline 'egress': end
[14:27:12.057] [bmv2] [D] [thread 8893] [20.0] [cxt 0] Deparser 'deparser': start
[14:27:12.057] [bmv2] [T] [thread 8893] [20.0] [cxt 0] Skipping checksum 'cksum' update because condition not met
[14:27:12.057] [bmv2] [D] [thread 8893] [20.0] [cxt 0] Deparsing header 'ethernet'
[14:27:12.057] [bmv2] [D] [thread 8893] [20.0] [cxt 0] Deparser 'deparser': end
[14:27:12.057] [bmv2] [D] [thread 8897] [20.0] [cxt 0] Transmitting packet of size 70 out of port 0
[14:27:12.154] [bmv2] [D] [thread 8892] [21.0] [cxt 0] Processing packet received on port 4
[14:27:12.154] [bmv2] [D] [thread 8892] [21.0] [cxt 0] Parser 'parser': start
[14:27:12.154] [bmv2] [D] [thread 8892] [21.0] [cxt 0] Parser 'parser' entering state 'start'
[14:27:12.154] [bmv2] [D] [thread 8892] [21.0] [cxt 0] Extracting header 'ethernet'
[14:27:12.154] [bmv2] [D] [thread 8892] [21.0] [cxt 0] Parser state 'start': key is 86dd
[14:27:12.154] [bmv2] [T] [thread 8892] [21.0] [cxt 0] Bytes parsed: 14
[14:27:12.154] [bmv2] [D] [thread 8892] [21.0] [cxt 0] Parser 'parser': end
[14:27:12.154] [bmv2] [D] [thread 8892] [21.0] [cxt 0] Pipeline 'ingress': start
[14:27:12.154] [bmv2] [T] [thread 8892] [21.0] [cxt 0] basic.p4(125) Condition "hdr.gvt.isValid()" (node_2) is false
[14:27:12.154] [bmv2] [D] [thread 8892] [21.0] [cxt 0] Pipeline 'ingress': end
[14:27:12.154] [bmv2] [D] [thread 8892] [21.0] [cxt 0] Egress port is 0
[14:27:12.154] [bmv2] [D] [thread 8893] [21.0] [cxt 0] Pipeline 'egress': start
[14:27:12.154] [bmv2] [D] [thread 8893] [21.0] [cxt 0] Pipeline 'egress': end
[14:27:12.154] [bmv2] [D] [thread 8893] [21.0] [cxt 0] Deparser 'deparser': start
[14:27:12.154] [bmv2] [T] [thread 8893] [21.0] [cxt 0] Skipping checksum 'cksum' update because condition not met
[14:27:12.154] [bmv2] [D] [thread 8893] [21.0] [cxt 0] Deparsing header 'ethernet'
[14:27:12.154] [bmv2] [D] [thread 8893] [21.0] [cxt 0] Deparser 'deparser': end
[14:27:12.154] [bmv2] [D] [thread 8897] [21.0] [cxt 0] Transmitting packet of size 70 out of port 0
[14:27:12.591] [bmv2] [D] [thread 8892] [22.0] [cxt 0] Processing packet received on port 5
[14:27:12.591] [bmv2] [D] [thread 8892] [22.0] [cxt 0] Parser 'parser': start
[14:27:12.591] [bmv2] [D] [thread 8892] [22.0] [cxt 0] Parser 'parser' entering state 'start'
[14:27:12.591] [bmv2] [D] [thread 8892] [22.0] [cxt 0] Extracting header 'ethernet'
[14:27:12.591] [bmv2] [D] [thread 8892] [22.0] [cxt 0] Parser state 'start': key is 86dd
[14:27:12.591] [bmv2] [T] [thread 8892] [22.0] [cxt 0] Bytes parsed: 14
[14:27:12.591] [bmv2] [D] [thread 8892] [22.0] [cxt 0] Parser 'parser': end
[14:27:12.591] [bmv2] [D] [thread 8892] [22.0] [cxt 0] Pipeline 'ingress': start
[14:27:12.591] [bmv2] [T] [thread 8892] [22.0] [cxt 0] basic.p4(125) Condition "hdr.gvt.isValid()" (node_2) is false
[14:27:12.591] [bmv2] [D] [thread 8892] [22.0] [cxt 0] Pipeline 'ingress': end
[14:27:12.591] [bmv2] [D] [thread 8892] [22.0] [cxt 0] Egress port is 0
[14:27:12.591] [bmv2] [D] [thread 8893] [22.0] [cxt 0] Pipeline 'egress': start
[14:27:12.591] [bmv2] [D] [thread 8893] [22.0] [cxt 0] Pipeline 'egress': end
[14:27:12.591] [bmv2] [D] [thread 8893] [22.0] [cxt 0] Deparser 'deparser': start
[14:27:12.591] [bmv2] [T] [thread 8893] [22.0] [cxt 0] Skipping checksum 'cksum' update because condition not met
[14:27:12.591] [bmv2] [D] [thread 8893] [22.0] [cxt 0] Deparsing header 'ethernet'
[14:27:12.591] [bmv2] [D] [thread 8893] [22.0] [cxt 0] Deparser 'deparser': end
[14:27:12.591] [bmv2] [D] [thread 8897] [22.0] [cxt 0] Transmitting packet of size 70 out of port 0
[14:27:12.793] [bmv2] [D] [thread 8892] [23.0] [cxt 0] Processing packet received on port 2
[14:27:12.793] [bmv2] [D] [thread 8892] [23.0] [cxt 0] Parser 'parser': start
[14:27:12.793] [bmv2] [D] [thread 8892] [23.0] [cxt 0] Parser 'parser' entering state 'start'
[14:27:12.793] [bmv2] [D] [thread 8892] [23.0] [cxt 0] Extracting header 'ethernet'
[14:27:12.793] [bmv2] [D] [thread 8892] [23.0] [cxt 0] Parser state 'start': key is 86dd
[14:27:12.793] [bmv2] [T] [thread 8892] [23.0] [cxt 0] Bytes parsed: 14
[14:27:12.793] [bmv2] [D] [thread 8892] [23.0] [cxt 0] Parser 'parser': end
[14:27:12.793] [bmv2] [D] [thread 8892] [23.0] [cxt 0] Pipeline 'ingress': start
[14:27:12.793] [bmv2] [T] [thread 8892] [23.0] [cxt 0] basic.p4(125) Condition "hdr.gvt.isValid()" (node_2) is false
[14:27:12.793] [bmv2] [D] [thread 8892] [23.0] [cxt 0] Pipeline 'ingress': end
[14:27:12.793] [bmv2] [D] [thread 8892] [23.0] [cxt 0] Egress port is 0
[14:27:12.793] [bmv2] [D] [thread 8893] [23.0] [cxt 0] Pipeline 'egress': start
[14:27:12.793] [bmv2] [D] [thread 8893] [23.0] [cxt 0] Pipeline 'egress': end
[14:27:12.793] [bmv2] [D] [thread 8893] [23.0] [cxt 0] Deparser 'deparser': start
[14:27:12.793] [bmv2] [T] [thread 8893] [23.0] [cxt 0] Skipping checksum 'cksum' update because condition not met
[14:27:12.793] [bmv2] [D] [thread 8893] [23.0] [cxt 0] Deparsing header 'ethernet'
[14:27:12.793] [bmv2] [D] [thread 8893] [23.0] [cxt 0] Deparser 'deparser': end
[14:27:12.794] [bmv2] [D] [thread 8897] [23.0] [cxt 0] Transmitting packet of size 70 out of port 0
[14:27:12.925] [bmv2] [D] [thread 8892] [24.0] [cxt 0] Processing packet received on port 4
[14:27:12.925] [bmv2] [D] [thread 8892] [24.0] [cxt 0] Parser 'parser': start
[14:27:12.925] [bmv2] [D] [thread 8892] [24.0] [cxt 0] Parser 'parser' entering state 'start'
[14:27:12.925] [bmv2] [D] [thread 8892] [24.0] [cxt 0] Extracting header 'ethernet'
[14:27:12.925] [bmv2] [D] [thread 8892] [24.0] [cxt 0] Parser state 'start': key is 86dd
[14:27:12.925] [bmv2] [T] [thread 8892] [24.0] [cxt 0] Bytes parsed: 14
[14:27:12.925] [bmv2] [D] [thread 8892] [24.0] [cxt 0] Parser 'parser': end
[14:27:12.925] [bmv2] [D] [thread 8892] [24.0] [cxt 0] Pipeline 'ingress': start
[14:27:12.925] [bmv2] [T] [thread 8892] [24.0] [cxt 0] basic.p4(125) Condition "hdr.gvt.isValid()" (node_2) is false
[14:27:12.925] [bmv2] [D] [thread 8892] [24.0] [cxt 0] Pipeline 'ingress': end
[14:27:12.925] [bmv2] [D] [thread 8892] [24.0] [cxt 0] Egress port is 0
[14:27:12.925] [bmv2] [D] [thread 8893] [24.0] [cxt 0] Pipeline 'egress': start
[14:27:12.926] [bmv2] [D] [thread 8893] [24.0] [cxt 0] Pipeline 'egress': end
[14:27:12.926] [bmv2] [D] [thread 8893] [24.0] [cxt 0] Deparser 'deparser': start
[14:27:12.926] [bmv2] [T] [thread 8893] [24.0] [cxt 0] Skipping checksum 'cksum' update because condition not met
[14:27:12.926] [bmv2] [D] [thread 8893] [24.0] [cxt 0] Deparsing header 'ethernet'
[14:27:12.926] [bmv2] [D] [thread 8893] [24.0] [cxt 0] Deparser 'deparser': end
[14:27:12.926] [bmv2] [D] [thread 8897] [24.0] [cxt 0] Transmitting packet of size 70 out of port 0
[14:28:36.138] [bmv2] [D] [thread 8892] [25.0] [cxt 0] Processing packet received on port 4
[14:28:36.138] [bmv2] [D] [thread 8892] [25.0] [cxt 0] Parser 'parser': start
[14:28:36.138] [bmv2] [D] [thread 8892] [25.0] [cxt 0] Parser 'parser' entering state 'start'
[14:28:36.138] [bmv2] [D] [thread 8892] [25.0] [cxt 0] Extracting header 'ethernet'
[14:28:36.138] [bmv2] [D] [thread 8892] [25.0] [cxt 0] Parser state 'start': key is 0600
[14:28:36.138] [bmv2] [T] [thread 8892] [25.0] [cxt 0] Bytes parsed: 14
[14:28:36.138] [bmv2] [D] [thread 8892] [25.0] [cxt 0] Parser 'parser' entering state 'parse_gvt'
[14:28:36.138] [bmv2] [D] [thread 8892] [25.0] [cxt 0] Extracting header 'gvt'
[14:28:36.138] [bmv2] [D] [thread 8892] [25.0] [cxt 0] Parser state 'parse_gvt' has no switch, going to default next state
[14:28:36.138] [bmv2] [T] [thread 8892] [25.0] [cxt 0] Bytes parsed: 34
[14:28:36.138] [bmv2] [D] [thread 8892] [25.0] [cxt 0] Parser 'parser': end
[14:28:36.138] [bmv2] [D] [thread 8892] [25.0] [cxt 0] Pipeline 'ingress': start
[14:28:36.138] [bmv2] [T] [thread 8892] [25.0] [cxt 0] basic.p4(125) Condition "hdr.gvt.isValid()" (node_2) is true
[14:28:36.138] [bmv2] [T] [thread 8892] [25.0] [cxt 0] basic.p4(126) Condition "hdr.gvt.type == TYPE_FAILURE" (node_3) is false
[14:28:36.138] [bmv2] [T] [thread 8892] [25.0] [cxt 0] basic.p4(129) Condition "(hdr.gvt.type == TYPE_PROP || hdr.gvt.type == TYPE_PREPARE) && meta.iterator == 0" (node_6) is false
[14:28:36.138] [bmv2] [T] [thread 8892] [25.0] [cxt 0] basic.p4(139) Condition "hdr.gvt.type == TYPE_PREPAREOK" (node_11) is false
[14:28:36.138] [bmv2] [T] [thread 8892] [25.0] [cxt 0] basic.p4(148) Condition "hdr.gvt.type == TYPE_VIEWCHANGE || hdr.gvt.type == TYPE_REQ" (node_16) is false
[14:28:36.138] [bmv2] [T] [thread 8892] [25.0] [cxt 0] basic.p4(154) Condition "hdr.gvt.type == TYPE_STARTCHANGE" (node_20) is true
[14:28:36.138] [bmv2] [T] [thread 8892] [25.0] [cxt 0] Applying table 'tbl_act_5'
[14:28:36.139] [bmv2] [D] [thread 8892] [25.0] [cxt 0] Looking up key:

[14:28:36.139] [bmv2] [D] [thread 8892] [25.0] [cxt 0] Table 'tbl_act_5': miss
[14:28:36.139] [bmv2] [D] [thread 8892] [25.0] [cxt 0] Action entry is act_5 - 
[14:28:36.139] [bmv2] [T] [thread 8892] [25.0] [cxt 0] Action act_5
[14:28:36.139] [bmv2] [T] [thread 8892] [25.0] [cxt 0] include/headers.p4(15) Primitive 0x4848; ...
[14:28:36.139] [bmv2] [T] [thread 8892] [25.0] [cxt 0] basic.p4(156) Primitive LeaderId.write(0, hdr.gvt.sid)
[14:28:36.139] [bmv2] [T] [thread 8892] [25.0] [cxt 0] Wrote register 'LeaderId' at index 0 with value 1
[14:28:36.139] [bmv2] [T] [thread 8892] [25.0] [cxt 0] Applying table 'MyIngress.set_switch_dest'
[14:28:36.139] [bmv2] [D] [thread 8892] [25.0] [cxt 0] Looking up key:
* hdr.gvt.sid         : 00000001

[14:28:36.139] [bmv2] [D] [thread 8892] [25.0] [cxt 0] Table 'MyIngress.set_switch_dest': miss
[14:28:36.139] [bmv2] [D] [thread 8892] [25.0] [cxt 0] Action entry is NoAction - 
[14:28:36.139] [bmv2] [T] [thread 8892] [25.0] [cxt 0] Action NoAction
[14:28:36.139] [bmv2] [T] [thread 8892] [25.0] [cxt 0] basic.p4(169) Condition "meta.iterator > 0" (node_28) is false
[14:28:36.139] [bmv2] [D] [thread 8892] [25.0] [cxt 0] Pipeline 'ingress': end
[14:28:36.139] [bmv2] [D] [thread 8892] [25.0] [cxt 0] Egress port is 0
[14:28:36.139] [bmv2] [D] [thread 8893] [25.0] [cxt 0] Pipeline 'egress': start
[14:28:36.139] [bmv2] [D] [thread 8893] [25.0] [cxt 0] Pipeline 'egress': end
[14:28:36.139] [bmv2] [D] [thread 8893] [25.0] [cxt 0] Deparser 'deparser': start
[14:28:36.139] [bmv2] [T] [thread 8893] [25.0] [cxt 0] Skipping checksum 'cksum' update because condition not met
[14:28:36.139] [bmv2] [D] [thread 8893] [25.0] [cxt 0] Deparsing header 'ethernet'
[14:28:36.139] [bmv2] [D] [thread 8893] [25.0] [cxt 0] Deparsing header 'gvt'
[14:28:36.139] [bmv2] [D] [thread 8893] [25.0] [cxt 0] Deparser 'deparser': end
[14:28:36.139] [bmv2] [D] [thread 8897] [25.0] [cxt 0] Transmitting packet of size 34 out of port 0
[14:28:45.179] [bmv2] [D] [thread 8892] [26.0] [cxt 0] Processing packet received on port 4
[14:28:45.179] [bmv2] [D] [thread 8892] [26.0] [cxt 0] Parser 'parser': start
[14:28:45.179] [bmv2] [D] [thread 8892] [26.0] [cxt 0] Parser 'parser' entering state 'start'
[14:28:45.179] [bmv2] [D] [thread 8892] [26.0] [cxt 0] Extracting header 'ethernet'
[14:28:45.179] [bmv2] [D] [thread 8892] [26.0] [cxt 0] Parser state 'start': key is 0600
[14:28:45.179] [bmv2] [T] [thread 8892] [26.0] [cxt 0] Bytes parsed: 14
[14:28:45.179] [bmv2] [D] [thread 8892] [26.0] [cxt 0] Parser 'parser' entering state 'parse_gvt'
[14:28:45.179] [bmv2] [D] [thread 8892] [26.0] [cxt 0] Extracting header 'gvt'
[14:28:45.179] [bmv2] [D] [thread 8892] [26.0] [cxt 0] Parser state 'parse_gvt' has no switch, going to default next state
[14:28:45.179] [bmv2] [T] [thread 8892] [26.0] [cxt 0] Bytes parsed: 34
[14:28:45.179] [bmv2] [D] [thread 8892] [26.0] [cxt 0] Parser 'parser': end
[14:28:45.179] [bmv2] [D] [thread 8892] [26.0] [cxt 0] Pipeline 'ingress': start
[14:28:45.179] [bmv2] [T] [thread 8892] [26.0] [cxt 0] basic.p4(125) Condition "hdr.gvt.isValid()" (node_2) is true
[14:28:45.179] [bmv2] [T] [thread 8892] [26.0] [cxt 0] basic.p4(126) Condition "hdr.gvt.type == TYPE_FAILURE" (node_3) is false
[14:28:45.180] [bmv2] [T] [thread 8892] [26.0] [cxt 0] basic.p4(129) Condition "(hdr.gvt.type == TYPE_PROP || hdr.gvt.type == TYPE_PREPARE) && meta.iterator == 0" (node_6) is true
[14:28:45.180] [bmv2] [T] [thread 8892] [26.0] [cxt 0] Applying table 'tbl_act_0'
[14:28:45.180] [bmv2] [D] [thread 8892] [26.0] [cxt 0] Looking up key:

[14:28:45.180] [bmv2] [D] [thread 8892] [26.0] [cxt 0] Table 'tbl_act_0': miss
[14:28:45.180] [bmv2] [D] [thread 8892] [26.0] [cxt 0] Action entry is act_1 - 
[14:28:45.180] [bmv2] [T] [thread 8892] [26.0] [cxt 0] Action act_1
[14:28:45.180] [bmv2] [T] [thread 8892] [26.0] [cxt 0] basic.p4(132) Primitive GVT.read(meta.currentGVT, 0)
[14:28:45.180] [bmv2] [T] [thread 8892] [26.0] [cxt 0] Read register 'GVT' at index 0 read value 0
[14:28:45.180] [bmv2] [T] [thread 8892] [26.0] [cxt 0] basic.p4(133) Condition "meta.currentGVT <= hdr.gvt.value" (node_8) is true
[14:28:45.180] [bmv2] [T] [thread 8892] [26.0] [cxt 0] Applying table 'tbl_act_1'
[14:28:45.180] [bmv2] [D] [thread 8892] [26.0] [cxt 0] Looking up key:

[14:28:45.180] [bmv2] [D] [thread 8892] [26.0] [cxt 0] Table 'tbl_act_1': miss
[14:28:45.180] [bmv2] [D] [thread 8892] [26.0] [cxt 0] Action entry is act_0 - 
[14:28:45.180] [bmv2] [T] [thread 8892] [26.0] [cxt 0] Action act_0
[14:28:45.180] [bmv2] [T] [thread 8892] [26.0] [cxt 0] basic.p4(134) Primitive LvtValues.write(hdr.gvt.pid, hdr.gvt.value)
[14:28:45.180] [bmv2] [T] [thread 8892] [26.0] [cxt 0] Wrote register 'LvtValues' at index 1 with value 10
[14:28:45.180] [bmv2] [T] [thread 8892] [26.0] [cxt 0] basic.p4(135) Primitive meta.iterator = 1
[14:28:45.180] [bmv2] [T] [thread 8892] [26.0] [cxt 0] basic.p4(169) Condition "meta.iterator > 0" (node_28) is true
[14:28:45.180] [bmv2] [T] [thread 8892] [26.0] [cxt 0] basic.p4(170) Condition "meta.iterator == 1" (node_29) is true
[14:28:45.180] [bmv2] [T] [thread 8892] [26.0] [cxt 0] Applying table 'tbl_act_8'
[14:28:45.180] [bmv2] [D] [thread 8892] [26.0] [cxt 0] Looking up key:

[14:28:45.180] [bmv2] [D] [thread 8892] [26.0] [cxt 0] Table 'tbl_act_8': miss
[14:28:45.180] [bmv2] [D] [thread 8892] [26.0] [cxt 0] Action entry is act_8 - 
[14:28:45.180] [bmv2] [T] [thread 8892] [26.0] [cxt 0] Action act_8
[14:28:45.180] [bmv2] [T] [thread 8892] [26.0] [cxt 0] basic.p4(171) Primitive LvtValues.read(meta.minLVT, 0)
[14:28:45.180] [bmv2] [T] [thread 8892] [26.0] [cxt 0] Read register 'LvtValues' at index 0 read value 0
[14:28:45.180] [bmv2] [T] [thread 8892] [26.0] [cxt 0] basic.p4(172) Primitive GVT.read(meta.currentGVT, 0)
[14:28:45.180] [bmv2] [T] [thread 8892] [26.0] [cxt 0] Read register 'GVT' at index 0 read value 0
[14:28:45.180] [bmv2] [T] [thread 8892] [26.0] [cxt 0] Applying table 'tbl_act_9'
[14:28:45.180] [bmv2] [D] [thread 8892] [26.0] [cxt 0] Looking up key:

[14:28:45.180] [bmv2] [D] [thread 8892] [26.0] [cxt 0] Table 'tbl_act_9': miss
[14:28:45.180] [bmv2] [D] [thread 8892] [26.0] [cxt 0] Action entry is act_10 - 
[14:28:45.180] [bmv2] [T] [thread 8892] [26.0] [cxt 0] Action act_10
[14:28:45.180] [bmv2] [T] [thread 8892] [26.0] [cxt 0] basic.p4(175) Primitive LvtValues.read(meta.readedValue, meta.iterator)
[14:28:45.180] [bmv2] [T] [thread 8892] [26.0] [cxt 0] Read register 'LvtValues' at index 1 read value 10
[14:28:45.180] [bmv2] [T] [thread 8892] [26.0] [cxt 0] basic.p4(176) Condition "meta.readedValue < meta.minLVT" (node_32) is false
[14:28:45.180] [bmv2] [T] [thread 8892] [26.0] [cxt 0] Applying table 'tbl_act_11'
[14:28:45.180] [bmv2] [D] [thread 8892] [26.0] [cxt 0] Looking up key:

[14:28:45.180] [bmv2] [D] [thread 8892] [26.0] [cxt 0] Table 'tbl_act_11': miss
[14:28:45.180] [bmv2] [D] [thread 8892] [26.0] [cxt 0] Action entry is act_15 - 
[14:28:45.180] [bmv2] [T] [thread 8892] [26.0] [cxt 0] Action act_15
[14:28:45.180] [bmv2] [T] [thread 8892] [26.0] [cxt 0] basic.p4(179) Primitive meta.iterator = meta.iterator + 1
[14:28:45.180] [bmv2] [T] [thread 8892] [26.0] [cxt 0] basic.p4(180) Condition "meta.iterator == 2" (node_35) is true
[14:28:45.180] [bmv2] [T] [thread 8892] [26.0] [cxt 0] Applying table 'tbl_act_12'
[14:28:45.180] [bmv2] [D] [thread 8892] [26.0] [cxt 0] Looking up key:

[14:28:45.180] [bmv2] [D] [thread 8892] [26.0] [cxt 0] Table 'tbl_act_12': miss
[14:28:45.180] [bmv2] [D] [thread 8892] [26.0] [cxt 0] Action entry is act_13 - 
[14:28:45.180] [bmv2] [T] [thread 8892] [26.0] [cxt 0] Action act_13
[14:28:45.180] [bmv2] [T] [thread 8892] [26.0] [cxt 0] basic.p4(181) Primitive GVT.write(0, meta.minLVT)
[14:28:45.180] [bmv2] [T] [thread 8892] [26.0] [cxt 0] Wrote register 'GVT' at index 0 with value 0
[14:28:45.180] [bmv2] [T] [thread 8892] [26.0] [cxt 0] basic.p4(182) Condition "hdr.gvt.type == TYPE_PREPARE" (node_37) is true
[14:28:45.180] [bmv2] [T] [thread 8892] [26.0] [cxt 0] Applying table 'tbl_act_13'
[14:28:45.180] [bmv2] [D] [thread 8892] [26.0] [cxt 0] Looking up key:

[14:28:45.180] [bmv2] [D] [thread 8892] [26.0] [cxt 0] Table 'tbl_act_13': miss
[14:28:45.180] [bmv2] [D] [thread 8892] [26.0] [cxt 0] Action entry is act_11 - 
[14:28:45.180] [bmv2] [T] [thread 8892] [26.0] [cxt 0] Action act_11
[14:28:45.180] [bmv2] [T] [thread 8892] [26.0] [cxt 0] include/headers.p4(9) Primitive 0x4444; ...
[14:28:45.180] [bmv2] [T] [thread 8892] [26.0] [cxt 0] basic.p4(184) Primitive LeaderId.read(meta.primary, 0)
[14:28:45.180] [bmv2] [T] [thread 8892] [26.0] [cxt 0] Read register 'LeaderId' at index 0 read value 1
[14:28:45.180] [bmv2] [T] [thread 8892] [26.0] [cxt 0] Applying table 'MyIngress.set_primary'
[14:28:45.180] [bmv2] [D] [thread 8892] [26.0] [cxt 0] Looking up key:
* meta.primary        : 00000001

[14:28:45.180] [bmv2] [D] [thread 8892] [26.0] [cxt 0] Table 'MyIngress.set_primary': hit with handle 0
[14:28:45.180] [bmv2] [D] [thread 8892] [26.0] [cxt 0] Dumping entry 0
Match key:
* meta.primary        : EXACT     00000001
Action entry: MyIngress.answer_replica - 4,

[14:28:45.180] [bmv2] [D] [thread 8892] [26.0] [cxt 0] Action entry is MyIngress.answer_replica - 4,
[14:28:45.180] [bmv2] [T] [thread 8892] [26.0] [cxt 0] Action MyIngress.answer_replica
[14:28:45.180] [bmv2] [T] [thread 8892] [26.0] [cxt 0] basic.p4(31) Primitive standard_metadata.egress_spec = port
[14:28:45.180] [bmv2] [D] [thread 8892] [26.0] [cxt 0] Pipeline 'ingress': end
[14:28:45.180] [bmv2] [D] [thread 8892] [26.0] [cxt 0] Egress port is 4
[14:28:45.180] [bmv2] [D] [thread 8893] [26.0] [cxt 0] Pipeline 'egress': start
[14:28:45.180] [bmv2] [D] [thread 8893] [26.0] [cxt 0] Pipeline 'egress': end
[14:28:45.180] [bmv2] [D] [thread 8893] [26.0] [cxt 0] Deparser 'deparser': start
[14:28:45.180] [bmv2] [T] [thread 8893] [26.0] [cxt 0] Skipping checksum 'cksum' update because condition not met
[14:28:45.180] [bmv2] [D] [thread 8893] [26.0] [cxt 0] Deparsing header 'ethernet'
[14:28:45.180] [bmv2] [D] [thread 8893] [26.0] [cxt 0] Deparsing header 'gvt'
[14:28:45.180] [bmv2] [D] [thread 8893] [26.0] [cxt 0] Deparser 'deparser': end
[14:28:45.180] [bmv2] [D] [thread 8897] [26.0] [cxt 0] Transmitting packet of size 74 out of port 4
[14:28:47.231] [bmv2] [D] [thread 8892] [27.0] [cxt 0] Processing packet received on port 4
[14:28:47.231] [bmv2] [D] [thread 8892] [27.0] [cxt 0] Parser 'parser': start
[14:28:47.231] [bmv2] [D] [thread 8892] [27.0] [cxt 0] Parser 'parser' entering state 'start'
[14:28:47.231] [bmv2] [D] [thread 8892] [27.0] [cxt 0] Extracting header 'ethernet'
[14:28:47.231] [bmv2] [D] [thread 8892] [27.0] [cxt 0] Parser state 'start': key is 0600
[14:28:47.231] [bmv2] [T] [thread 8892] [27.0] [cxt 0] Bytes parsed: 14
[14:28:47.231] [bmv2] [D] [thread 8892] [27.0] [cxt 0] Parser 'parser' entering state 'parse_gvt'
[14:28:47.231] [bmv2] [D] [thread 8892] [27.0] [cxt 0] Extracting header 'gvt'
[14:28:47.231] [bmv2] [D] [thread 8892] [27.0] [cxt 0] Parser state 'parse_gvt' has no switch, going to default next state
[14:28:47.231] [bmv2] [T] [thread 8892] [27.0] [cxt 0] Bytes parsed: 34
[14:28:47.231] [bmv2] [D] [thread 8892] [27.0] [cxt 0] Parser 'parser': end
[14:28:47.231] [bmv2] [D] [thread 8892] [27.0] [cxt 0] Pipeline 'ingress': start
[14:28:47.231] [bmv2] [T] [thread 8892] [27.0] [cxt 0] basic.p4(125) Condition "hdr.gvt.isValid()" (node_2) is true
[14:28:47.231] [bmv2] [T] [thread 8892] [27.0] [cxt 0] basic.p4(126) Condition "hdr.gvt.type == TYPE_FAILURE" (node_3) is false
[14:28:47.231] [bmv2] [T] [thread 8892] [27.0] [cxt 0] basic.p4(129) Condition "(hdr.gvt.type == TYPE_PROP || hdr.gvt.type == TYPE_PREPARE) && meta.iterator == 0" (node_6) is true
[14:28:47.231] [bmv2] [T] [thread 8892] [27.0] [cxt 0] Applying table 'tbl_act_0'
[14:28:47.231] [bmv2] [D] [thread 8892] [27.0] [cxt 0] Looking up key:

[14:28:47.231] [bmv2] [D] [thread 8892] [27.0] [cxt 0] Table 'tbl_act_0': miss
[14:28:47.231] [bmv2] [D] [thread 8892] [27.0] [cxt 0] Action entry is act_1 - 
[14:28:47.231] [bmv2] [T] [thread 8892] [27.0] [cxt 0] Action act_1
[14:28:47.231] [bmv2] [T] [thread 8892] [27.0] [cxt 0] basic.p4(132) Primitive GVT.read(meta.currentGVT, 0)
[14:28:47.231] [bmv2] [T] [thread 8892] [27.0] [cxt 0] Read register 'GVT' at index 0 read value 0
[14:28:47.231] [bmv2] [T] [thread 8892] [27.0] [cxt 0] basic.p4(133) Condition "meta.currentGVT <= hdr.gvt.value" (node_8) is true
[14:28:47.231] [bmv2] [T] [thread 8892] [27.0] [cxt 0] Applying table 'tbl_act_1'
[14:28:47.231] [bmv2] [D] [thread 8892] [27.0] [cxt 0] Looking up key:

[14:28:47.231] [bmv2] [D] [thread 8892] [27.0] [cxt 0] Table 'tbl_act_1': miss
[14:28:47.231] [bmv2] [D] [thread 8892] [27.0] [cxt 0] Action entry is act_0 - 
[14:28:47.231] [bmv2] [T] [thread 8892] [27.0] [cxt 0] Action act_0
[14:28:47.231] [bmv2] [T] [thread 8892] [27.0] [cxt 0] basic.p4(134) Primitive LvtValues.write(hdr.gvt.pid, hdr.gvt.value)
[14:28:47.231] [bmv2] [T] [thread 8892] [27.0] [cxt 0] Wrote register 'LvtValues' at index 0 with value 5
[14:28:47.231] [bmv2] [T] [thread 8892] [27.0] [cxt 0] basic.p4(135) Primitive meta.iterator = 1
[14:28:47.231] [bmv2] [T] [thread 8892] [27.0] [cxt 0] basic.p4(169) Condition "meta.iterator > 0" (node_28) is true
[14:28:47.231] [bmv2] [T] [thread 8892] [27.0] [cxt 0] basic.p4(170) Condition "meta.iterator == 1" (node_29) is true
[14:28:47.231] [bmv2] [T] [thread 8892] [27.0] [cxt 0] Applying table 'tbl_act_8'
[14:28:47.231] [bmv2] [D] [thread 8892] [27.0] [cxt 0] Looking up key:

[14:28:47.231] [bmv2] [D] [thread 8892] [27.0] [cxt 0] Table 'tbl_act_8': miss
[14:28:47.231] [bmv2] [D] [thread 8892] [27.0] [cxt 0] Action entry is act_8 - 
[14:28:47.231] [bmv2] [T] [thread 8892] [27.0] [cxt 0] Action act_8
[14:28:47.231] [bmv2] [T] [thread 8892] [27.0] [cxt 0] basic.p4(171) Primitive LvtValues.read(meta.minLVT, 0)
[14:28:47.231] [bmv2] [T] [thread 8892] [27.0] [cxt 0] Read register 'LvtValues' at index 0 read value 5
[14:28:47.231] [bmv2] [T] [thread 8892] [27.0] [cxt 0] basic.p4(172) Primitive GVT.read(meta.currentGVT, 0)
[14:28:47.231] [bmv2] [T] [thread 8892] [27.0] [cxt 0] Read register 'GVT' at index 0 read value 0
[14:28:47.231] [bmv2] [T] [thread 8892] [27.0] [cxt 0] Applying table 'tbl_act_9'
[14:28:47.231] [bmv2] [D] [thread 8892] [27.0] [cxt 0] Looking up key:

[14:28:47.231] [bmv2] [D] [thread 8892] [27.0] [cxt 0] Table 'tbl_act_9': miss
[14:28:47.231] [bmv2] [D] [thread 8892] [27.0] [cxt 0] Action entry is act_10 - 
[14:28:47.231] [bmv2] [T] [thread 8892] [27.0] [cxt 0] Action act_10
[14:28:47.231] [bmv2] [T] [thread 8892] [27.0] [cxt 0] basic.p4(175) Primitive LvtValues.read(meta.readedValue, meta.iterator)
[14:28:47.231] [bmv2] [T] [thread 8892] [27.0] [cxt 0] Read register 'LvtValues' at index 1 read value 10
[14:28:47.231] [bmv2] [T] [thread 8892] [27.0] [cxt 0] basic.p4(176) Condition "meta.readedValue < meta.minLVT" (node_32) is false
[14:28:47.231] [bmv2] [T] [thread 8892] [27.0] [cxt 0] Applying table 'tbl_act_11'
[14:28:47.231] [bmv2] [D] [thread 8892] [27.0] [cxt 0] Looking up key:

[14:28:47.231] [bmv2] [D] [thread 8892] [27.0] [cxt 0] Table 'tbl_act_11': miss
[14:28:47.231] [bmv2] [D] [thread 8892] [27.0] [cxt 0] Action entry is act_15 - 
[14:28:47.231] [bmv2] [T] [thread 8892] [27.0] [cxt 0] Action act_15
[14:28:47.231] [bmv2] [T] [thread 8892] [27.0] [cxt 0] basic.p4(179) Primitive meta.iterator = meta.iterator + 1
[14:28:47.231] [bmv2] [T] [thread 8892] [27.0] [cxt 0] basic.p4(180) Condition "meta.iterator == 2" (node_35) is true
[14:28:47.231] [bmv2] [T] [thread 8892] [27.0] [cxt 0] Applying table 'tbl_act_12'
[14:28:47.231] [bmv2] [D] [thread 8892] [27.0] [cxt 0] Looking up key:

[14:28:47.231] [bmv2] [D] [thread 8892] [27.0] [cxt 0] Table 'tbl_act_12': miss
[14:28:47.231] [bmv2] [D] [thread 8892] [27.0] [cxt 0] Action entry is act_13 - 
[14:28:47.231] [bmv2] [T] [thread 8892] [27.0] [cxt 0] Action act_13
[14:28:47.231] [bmv2] [T] [thread 8892] [27.0] [cxt 0] basic.p4(181) Primitive GVT.write(0, meta.minLVT)
[14:28:47.231] [bmv2] [T] [thread 8892] [27.0] [cxt 0] Wrote register 'GVT' at index 0 with value 5
[14:28:47.231] [bmv2] [T] [thread 8892] [27.0] [cxt 0] basic.p4(182) Condition "hdr.gvt.type == TYPE_PREPARE" (node_37) is true
[14:28:47.231] [bmv2] [T] [thread 8892] [27.0] [cxt 0] Applying table 'tbl_act_13'
[14:28:47.231] [bmv2] [D] [thread 8892] [27.0] [cxt 0] Looking up key:

[14:28:47.231] [bmv2] [D] [thread 8892] [27.0] [cxt 0] Table 'tbl_act_13': miss
[14:28:47.231] [bmv2] [D] [thread 8892] [27.0] [cxt 0] Action entry is act_11 - 
[14:28:47.231] [bmv2] [T] [thread 8892] [27.0] [cxt 0] Action act_11
[14:28:47.231] [bmv2] [T] [thread 8892] [27.0] [cxt 0] include/headers.p4(9) Primitive 0x4444; ...
[14:28:47.231] [bmv2] [T] [thread 8892] [27.0] [cxt 0] basic.p4(184) Primitive LeaderId.read(meta.primary, 0)
[14:28:47.231] [bmv2] [T] [thread 8892] [27.0] [cxt 0] Read register 'LeaderId' at index 0 read value 1
[14:28:47.231] [bmv2] [T] [thread 8892] [27.0] [cxt 0] Applying table 'MyIngress.set_primary'
[14:28:47.231] [bmv2] [D] [thread 8892] [27.0] [cxt 0] Looking up key:
* meta.primary        : 00000001

[14:28:47.231] [bmv2] [D] [thread 8892] [27.0] [cxt 0] Table 'MyIngress.set_primary': hit with handle 0
[14:28:47.231] [bmv2] [D] [thread 8892] [27.0] [cxt 0] Dumping entry 0
Match key:
* meta.primary        : EXACT     00000001
Action entry: MyIngress.answer_replica - 4,

[14:28:47.231] [bmv2] [D] [thread 8892] [27.0] [cxt 0] Action entry is MyIngress.answer_replica - 4,
[14:28:47.231] [bmv2] [T] [thread 8892] [27.0] [cxt 0] Action MyIngress.answer_replica
[14:28:47.231] [bmv2] [T] [thread 8892] [27.0] [cxt 0] basic.p4(31) Primitive standard_metadata.egress_spec = port
[14:28:47.231] [bmv2] [D] [thread 8892] [27.0] [cxt 0] Pipeline 'ingress': end
[14:28:47.231] [bmv2] [D] [thread 8892] [27.0] [cxt 0] Egress port is 4
[14:28:47.231] [bmv2] [D] [thread 8893] [27.0] [cxt 0] Pipeline 'egress': start
[14:28:47.231] [bmv2] [D] [thread 8893] [27.0] [cxt 0] Pipeline 'egress': end
[14:28:47.231] [bmv2] [D] [thread 8893] [27.0] [cxt 0] Deparser 'deparser': start
[14:28:47.231] [bmv2] [T] [thread 8893] [27.0] [cxt 0] Skipping checksum 'cksum' update because condition not met
[14:28:47.231] [bmv2] [D] [thread 8893] [27.0] [cxt 0] Deparsing header 'ethernet'
[14:28:47.231] [bmv2] [D] [thread 8893] [27.0] [cxt 0] Deparsing header 'gvt'
[14:28:47.231] [bmv2] [D] [thread 8893] [27.0] [cxt 0] Deparser 'deparser': end
[14:28:47.231] [bmv2] [D] [thread 8897] [27.0] [cxt 0] Transmitting packet of size 74 out of port 4
[14:28:57.267] [bmv2] [D] [thread 8892] [28.0] [cxt 0] Processing packet received on port 4
[14:28:57.267] [bmv2] [D] [thread 8892] [28.0] [cxt 0] Parser 'parser': start
[14:28:57.267] [bmv2] [D] [thread 8892] [28.0] [cxt 0] Parser 'parser' entering state 'start'
[14:28:57.267] [bmv2] [D] [thread 8892] [28.0] [cxt 0] Extracting header 'ethernet'
[14:28:57.267] [bmv2] [D] [thread 8892] [28.0] [cxt 0] Parser state 'start': key is 0600
[14:28:57.267] [bmv2] [T] [thread 8892] [28.0] [cxt 0] Bytes parsed: 14
[14:28:57.267] [bmv2] [D] [thread 8892] [28.0] [cxt 0] Parser 'parser' entering state 'parse_gvt'
[14:28:57.267] [bmv2] [D] [thread 8892] [28.0] [cxt 0] Extracting header 'gvt'
[14:28:57.267] [bmv2] [D] [thread 8892] [28.0] [cxt 0] Parser state 'parse_gvt' has no switch, going to default next state
[14:28:57.267] [bmv2] [T] [thread 8892] [28.0] [cxt 0] Bytes parsed: 34
[14:28:57.267] [bmv2] [D] [thread 8892] [28.0] [cxt 0] Parser 'parser': end
[14:28:57.267] [bmv2] [D] [thread 8892] [28.0] [cxt 0] Pipeline 'ingress': start
[14:28:57.267] [bmv2] [T] [thread 8892] [28.0] [cxt 0] basic.p4(125) Condition "hdr.gvt.isValid()" (node_2) is true
[14:28:57.267] [bmv2] [T] [thread 8892] [28.0] [cxt 0] basic.p4(126) Condition "hdr.gvt.type == TYPE_FAILURE" (node_3) is false
[14:28:57.267] [bmv2] [T] [thread 8892] [28.0] [cxt 0] basic.p4(129) Condition "(hdr.gvt.type == TYPE_PROP || hdr.gvt.type == TYPE_PREPARE) && meta.iterator == 0" (node_6) is true
[14:28:57.267] [bmv2] [T] [thread 8892] [28.0] [cxt 0] Applying table 'tbl_act_0'
[14:28:57.267] [bmv2] [D] [thread 8892] [28.0] [cxt 0] Looking up key:

[14:28:57.267] [bmv2] [D] [thread 8892] [28.0] [cxt 0] Table 'tbl_act_0': miss
[14:28:57.267] [bmv2] [D] [thread 8892] [28.0] [cxt 0] Action entry is act_1 - 
[14:28:57.267] [bmv2] [T] [thread 8892] [28.0] [cxt 0] Action act_1
[14:28:57.267] [bmv2] [T] [thread 8892] [28.0] [cxt 0] basic.p4(132) Primitive GVT.read(meta.currentGVT, 0)
[14:28:57.267] [bmv2] [T] [thread 8892] [28.0] [cxt 0] Read register 'GVT' at index 0 read value 5
[14:28:57.267] [bmv2] [T] [thread 8892] [28.0] [cxt 0] basic.p4(133) Condition "meta.currentGVT <= hdr.gvt.value" (node_8) is true
[14:28:57.267] [bmv2] [T] [thread 8892] [28.0] [cxt 0] Applying table 'tbl_act_1'
[14:28:57.267] [bmv2] [D] [thread 8892] [28.0] [cxt 0] Looking up key:

[14:28:57.267] [bmv2] [D] [thread 8892] [28.0] [cxt 0] Table 'tbl_act_1': miss
[14:28:57.267] [bmv2] [D] [thread 8892] [28.0] [cxt 0] Action entry is act_0 - 
[14:28:57.267] [bmv2] [T] [thread 8892] [28.0] [cxt 0] Action act_0
[14:28:57.267] [bmv2] [T] [thread 8892] [28.0] [cxt 0] basic.p4(134) Primitive LvtValues.write(hdr.gvt.pid, hdr.gvt.value)
[14:28:57.267] [bmv2] [T] [thread 8892] [28.0] [cxt 0] Wrote register 'LvtValues' at index 0 with value 7
[14:28:57.267] [bmv2] [T] [thread 8892] [28.0] [cxt 0] basic.p4(135) Primitive meta.iterator = 1
[14:28:57.267] [bmv2] [T] [thread 8892] [28.0] [cxt 0] basic.p4(169) Condition "meta.iterator > 0" (node_28) is true
[14:28:57.267] [bmv2] [T] [thread 8892] [28.0] [cxt 0] basic.p4(170) Condition "meta.iterator == 1" (node_29) is true
[14:28:57.267] [bmv2] [T] [thread 8892] [28.0] [cxt 0] Applying table 'tbl_act_8'
[14:28:57.267] [bmv2] [D] [thread 8892] [28.0] [cxt 0] Looking up key:

[14:28:57.267] [bmv2] [D] [thread 8892] [28.0] [cxt 0] Table 'tbl_act_8': miss
[14:28:57.267] [bmv2] [D] [thread 8892] [28.0] [cxt 0] Action entry is act_8 - 
[14:28:57.267] [bmv2] [T] [thread 8892] [28.0] [cxt 0] Action act_8
[14:28:57.267] [bmv2] [T] [thread 8892] [28.0] [cxt 0] basic.p4(171) Primitive LvtValues.read(meta.minLVT, 0)
[14:28:57.267] [bmv2] [T] [thread 8892] [28.0] [cxt 0] Read register 'LvtValues' at index 0 read value 7
[14:28:57.267] [bmv2] [T] [thread 8892] [28.0] [cxt 0] basic.p4(172) Primitive GVT.read(meta.currentGVT, 0)
[14:28:57.267] [bmv2] [T] [thread 8892] [28.0] [cxt 0] Read register 'GVT' at index 0 read value 5
[14:28:57.267] [bmv2] [T] [thread 8892] [28.0] [cxt 0] Applying table 'tbl_act_9'
[14:28:57.267] [bmv2] [D] [thread 8892] [28.0] [cxt 0] Looking up key:

[14:28:57.267] [bmv2] [D] [thread 8892] [28.0] [cxt 0] Table 'tbl_act_9': miss
[14:28:57.267] [bmv2] [D] [thread 8892] [28.0] [cxt 0] Action entry is act_10 - 
[14:28:57.267] [bmv2] [T] [thread 8892] [28.0] [cxt 0] Action act_10
[14:28:57.267] [bmv2] [T] [thread 8892] [28.0] [cxt 0] basic.p4(175) Primitive LvtValues.read(meta.readedValue, meta.iterator)
[14:28:57.267] [bmv2] [T] [thread 8892] [28.0] [cxt 0] Read register 'LvtValues' at index 1 read value 10
[14:28:57.267] [bmv2] [T] [thread 8892] [28.0] [cxt 0] basic.p4(176) Condition "meta.readedValue < meta.minLVT" (node_32) is false
[14:28:57.267] [bmv2] [T] [thread 8892] [28.0] [cxt 0] Applying table 'tbl_act_11'
[14:28:57.267] [bmv2] [D] [thread 8892] [28.0] [cxt 0] Looking up key:

[14:28:57.267] [bmv2] [D] [thread 8892] [28.0] [cxt 0] Table 'tbl_act_11': miss
[14:28:57.267] [bmv2] [D] [thread 8892] [28.0] [cxt 0] Action entry is act_15 - 
[14:28:57.267] [bmv2] [T] [thread 8892] [28.0] [cxt 0] Action act_15
[14:28:57.267] [bmv2] [T] [thread 8892] [28.0] [cxt 0] basic.p4(179) Primitive meta.iterator = meta.iterator + 1
[14:28:57.267] [bmv2] [T] [thread 8892] [28.0] [cxt 0] basic.p4(180) Condition "meta.iterator == 2" (node_35) is true
[14:28:57.267] [bmv2] [T] [thread 8892] [28.0] [cxt 0] Applying table 'tbl_act_12'
[14:28:57.267] [bmv2] [D] [thread 8892] [28.0] [cxt 0] Looking up key:

[14:28:57.267] [bmv2] [D] [thread 8892] [28.0] [cxt 0] Table 'tbl_act_12': miss
[14:28:57.267] [bmv2] [D] [thread 8892] [28.0] [cxt 0] Action entry is act_13 - 
[14:28:57.267] [bmv2] [T] [thread 8892] [28.0] [cxt 0] Action act_13
[14:28:57.267] [bmv2] [T] [thread 8892] [28.0] [cxt 0] basic.p4(181) Primitive GVT.write(0, meta.minLVT)
[14:28:57.267] [bmv2] [T] [thread 8892] [28.0] [cxt 0] Wrote register 'GVT' at index 0 with value 7
[14:28:57.267] [bmv2] [T] [thread 8892] [28.0] [cxt 0] basic.p4(182) Condition "hdr.gvt.type == TYPE_PREPARE" (node_37) is true
[14:28:57.267] [bmv2] [T] [thread 8892] [28.0] [cxt 0] Applying table 'tbl_act_13'
[14:28:57.267] [bmv2] [D] [thread 8892] [28.0] [cxt 0] Looking up key:

[14:28:57.267] [bmv2] [D] [thread 8892] [28.0] [cxt 0] Table 'tbl_act_13': miss
[14:28:57.267] [bmv2] [D] [thread 8892] [28.0] [cxt 0] Action entry is act_11 - 
[14:28:57.267] [bmv2] [T] [thread 8892] [28.0] [cxt 0] Action act_11
[14:28:57.267] [bmv2] [T] [thread 8892] [28.0] [cxt 0] include/headers.p4(9) Primitive 0x4444; ...
[14:28:57.267] [bmv2] [T] [thread 8892] [28.0] [cxt 0] basic.p4(184) Primitive LeaderId.read(meta.primary, 0)
[14:28:57.267] [bmv2] [T] [thread 8892] [28.0] [cxt 0] Read register 'LeaderId' at index 0 read value 1
[14:28:57.267] [bmv2] [T] [thread 8892] [28.0] [cxt 0] Applying table 'MyIngress.set_primary'
[14:28:57.267] [bmv2] [D] [thread 8892] [28.0] [cxt 0] Looking up key:
* meta.primary        : 00000001

[14:28:57.267] [bmv2] [D] [thread 8892] [28.0] [cxt 0] Table 'MyIngress.set_primary': hit with handle 0
[14:28:57.267] [bmv2] [D] [thread 8892] [28.0] [cxt 0] Dumping entry 0
Match key:
* meta.primary        : EXACT     00000001
Action entry: MyIngress.answer_replica - 4,

[14:28:57.267] [bmv2] [D] [thread 8892] [28.0] [cxt 0] Action entry is MyIngress.answer_replica - 4,
[14:28:57.267] [bmv2] [T] [thread 8892] [28.0] [cxt 0] Action MyIngress.answer_replica
[14:28:57.267] [bmv2] [T] [thread 8892] [28.0] [cxt 0] basic.p4(31) Primitive standard_metadata.egress_spec = port
[14:28:57.267] [bmv2] [D] [thread 8892] [28.0] [cxt 0] Pipeline 'ingress': end
[14:28:57.267] [bmv2] [D] [thread 8892] [28.0] [cxt 0] Egress port is 4
[14:28:57.268] [bmv2] [D] [thread 8893] [28.0] [cxt 0] Pipeline 'egress': start
[14:28:57.268] [bmv2] [D] [thread 8893] [28.0] [cxt 0] Pipeline 'egress': end
[14:28:57.268] [bmv2] [D] [thread 8893] [28.0] [cxt 0] Deparser 'deparser': start
[14:28:57.268] [bmv2] [T] [thread 8893] [28.0] [cxt 0] Skipping checksum 'cksum' update because condition not met
[14:28:57.268] [bmv2] [D] [thread 8893] [28.0] [cxt 0] Deparsing header 'ethernet'
[14:28:57.268] [bmv2] [D] [thread 8893] [28.0] [cxt 0] Deparsing header 'gvt'
[14:28:57.268] [bmv2] [D] [thread 8893] [28.0] [cxt 0] Deparser 'deparser': end
[14:28:57.268] [bmv2] [D] [thread 8897] [28.0] [cxt 0] Transmitting packet of size 74 out of port 4
open: No such file or directory
open: No such file or directory
open: No such file or directory
open: No such file or directory
open: No such file or directory
open: No such file or directory
open: No such file or directory
open: No such file or directory
